#
# A fatal error has been detected by the Java Runtime Environment:
#
#  EXCEPTION_ACCESS_VIOLATION (0xc0000005) at pc=0x00007ffeb91af56a, pid=34616, tid=34144
#
# JRE version: OpenJDK Runtime Environment GraalVM CE 25+37.1 (25.0+37) (build 25+37-jvmci-b01)
# Java VM: OpenJDK 64-Bit Server VM GraalVM CE 25+37.1 (25+37-jvmci-b01, mixed mode, sharing, tiered, jvmci, jvmci compiler, compressed oops, compressed class ptrs, g1 gc, windows-amd64)
# Problematic frame:
# C  [webview.dll+0xf56a]
#
# No core dump will be written. Minidumps are not enabled by default on client versions of Windows
#
# If you would like to submit a bug report, please visit:
#   https://github.com/oracle/graal/issues
# The crash happened outside the Java Virtual Machine in native code.
# See problematic frame for where to report the bug.
#

---------------  S U M M A R Y ------------

Command Line: -XX:ThreadPriorityPolicy=1 -XX:+UnlockExperimentalVMOptions -XX:+EnableJVMCIProduct -XX:+EnableJVMCI -XX:-UnlockExperimentalVMOptions -XX:+ShowCodeDetailsInExceptionMessages -agentlib:jdwp=transport=dt_socket,suspend=y,address=localhost:49747 -javaagent:C:\Users\josia\eclipse\java-2025-09\eclipse\configuration\org.eclipse.osgi\772\0\.cp\lib\javaagent-shaded.jar -Dfile.encoding=UTF-8 -Dstdout.encoding=UTF-8 -Dstderr.encoding=UTF-8 example.Main

Host: AMD Ryzen 5 3600 6-Core Processor              , 12 cores, 63G,  Windows 11 , 64 bit Build 26100 (10.0.26100.7309)
Time: Thu Jan  8 19:21:19 2026 Eastern Standard Time elapsed time: 6.565621 seconds (0d 0h 0m 6s)

---------------  T H R E A D  ---------------

Current thread (0x000001afbb9d7380):  JavaThread "main"             [_thread_in_native, id=34144, stack(0x0000005651a00000,0x0000005651b00000) (1024K)]

Stack: [0x0000005651a00000,0x0000005651b00000],  sp=0x0000005651aff3c8,  free space=1020k
Native frames: (J=compiled Java code, j=interpreted, Vv=VM code, C=native code)
C  [webview.dll+0xf56a]  (no source info available)

Java frames: (J=compiled Java code, j=interpreted, Vv=VM code)
v  ~RuntimeStub::nep_invoker_blob 0x000001afcd082fe8
j  java.lang.invoke.LambdaForm$MH+0x000000002b0a3000.invoke(Ljava/lang/Object;JJ)J+10 java.base@25
j  java.lang.invoke.LambdaForm$MH+0x000000002b0a8c00.invokeExact_MT(Ljava/lang/Object;JJLjava/lang/Object;)J+21 java.base@25
j  jdk.internal.foreign.abi.DowncallStub+0x000000002b0a3400.invoke(Ljava/lang/foreign/SegmentAllocator;Ljava/lang/foreign/MemorySegment;Ljava/lang/foreign/MemorySegment;)Ljava/lang/foreign/MemorySegment;+70 java.base@25
j  java.lang.invoke.DirectMethodHandle$Holder.invokeStatic(Ljava/lang/Object;Ljava/lang/Object;Ljava/lang/Object;Ljava/lang/Object;)Ljava/lang/Object;+14 java.base@25
j  java.lang.invoke.LambdaForm$MH+0x000000002b0a8400.invoke(Ljava/lang/Object;Ljava/lang/Object;)Ljava/lang/Object;+44 java.base@25
j  java.lang.invoke.Invokers$Holder.invoke_MT(Ljava/lang/Object;Ljava/lang/Object;Ljava/lang/Object;)Ljava/lang/Object;+18 java.base@25
j  io.avaje.webview.WebviewNative$Default.webview_get_window(Ljava/lang/foreign/MemorySegment;)Ljava/lang/foreign/MemorySegment;+25
j  io.avaje.webview.Webview.bringToFront()Lio/avaje/webview/Webview;+20
j  example.Main.main()V+172
v  ~StubRoutines::call_stub 0x000001afcce712ed

siginfo: EXCEPTION_ACCESS_VIOLATION (0xc0000005), reading address 0x0000000000272284


Registers:
RAX=0x0000000000272274, RBX=0x000001afec7f96f8, RCX=0x0000000000272274, RDX=0x00007ffeb91a11d0
RSP=0x0000005651aff3c8, RBP=0x0000005651aff420, RSI=0x0000000000000000, RDI=0x000000002a2050d8
R8 =0x0000000000272274, R9 =0x000000043ef2f1a8, R10=0x00007ffeb91a11d0, R11=0x000001afcd4f1d00
R12=0x0000000000000000, R13=0x0000005651aff438, R14=0x0000005651aff4e0, R15=0x000001afbb9d7380
RIP=0x00007ffeb91af56a, EFLAGS=0x0000000000010202

XMM[0]=0x0000000000000000 0x0000000000000000
XMM[1]=0x0000000000000000 0x0000005651aff3f8
XMM[2]=0x0000000000000000 0x000001afcce78408
XMM[3]=0x000001afcce8ec24 0x0000005651aff3f8
XMM[4]=0x0000000000000000 0x0000000000000000
XMM[5]=0x0000000000000000 0x0000000000000000
XMM[6]=0x0000000000000000 0xdf07b38f9e4d4149
XMM[7]=0x0000000000000000 0xa1580256f560110e
XMM[8]=0x0000000000000000 0xd7a4c30d01bbcd47
XMM[9]=0x0000000000000000 0xe41ddbd4a7899f2b
XMM[10]=0x0000000000000000 0x00000000c36bc357
XMM[11]=0x0000000000000000 0xab32ead152bc89fc
XMM[12]=0x0000000000000000 0x00000000a7899f2b
XMM[13]=0x0000000000000000 0x0000000000000000
XMM[14]=0x0000000000000000 0x0000000000000000
XMM[15]=0x0000000000000000 0x0000000000000000
  MXCSR=0x00001fa0


Register to memory mapping:

RAX=0x0000000000272274 is an unknown value
RBX={method} {0x000001afec7f9700} 'linkToNative' '(JJLjava/lang/Object;)J' in 'java/lang/invoke/MethodHandle'
RCX=0x0000000000272274 is an unknown value
RDX=0x00007ffeb91a11d0 webview.dll
RSP=0x0000005651aff3c8 is pointing into the stack for thread: 0x000001afbb9d7380
RBP=0x0000005651aff420 is pointing into the stack for thread: 0x000001afbb9d7380
RSI=0x0 is null
RDI=0x000000002a2050d8 is a pointer to class: 
java.lang.invoke.DirectMethodHandle {0x000000002a2050e0}
 - instance size:     5
 - klass size:        117
 - access:            synchronized 
 - flags:             rewritten has_nonstatic_fields defined_by_boot_loader has_localvariable_table has_resolved_methods 
 - state:             fully_initialized
 - name:              'java/lang/invoke/DirectMethodHandle'
 - super:             'java/lang/invoke/MethodHandle'
 - sub:               'java/lang/invoke/DirectMethodHandle$Special'   'java/lang/invoke/DirectMethodHandle$Interface'   'java/lang/invoke/DirectMethodHandle$Constructor'   'java/lang/invoke/DirectMethodHandle$Accessor'   (0 more klasses...)
 - arrays:            null
 - methods:           Array<T>(0x000000002a82aac0)
 - method ordering:   Array<T>(0x000000002a6bf500)
 - local interfaces:  Array<T>(0x000000002a6a6790)
 - trans. interfaces: Array<T>(0x000000002a812928)
 - secondary supers: Array<T>(0x000000002a812928)
 - hash_slot:         44
 - secondary bitmap: 0x8000000000000000
 - constants:         constant pool [929] {0x000000002a8288d0} for 'java/lang/invoke/DirectMethodHandle' cache=0x000000002a2054d8
 - class loader data:  loader data: 0x000001afe90ffc20 of 'bootstrap'
 - source file:       'DirectMethodHandle.java'
 - field annotations:       Array<T>(0x000000002a82a9b8)
 - inner classes:     Array<T>(0x000000002a6bef58)
 - nest members:     Array<T>(0x000000002a6bf710)
 - permitted subclasses:     Array<T>(0x000000002a6bf728)
 - java mirror:       a 'java/lang/Class'{0x00000007ff895238} = 'java/lang/invoke/DirectMethodHandle'
 - vtable length      52  (start addr: 0x000000002a2052b0)
 - itable length      5 (start addr: 0x000000002a205450)
 - ---- static fields (8 words):
 - private static final 'IMPL_NAMES' 'Ljava/lang/invoke/MemberName$Factory;' @120 
 - static final 'AF_GETFIELD' 'B' @156 
 - static final 'AF_PUTFIELD' 'B' @157 
 - static final 'AF_GETSTATIC' 'B' @158 
 - static final 'AF_PUTSTATIC' 'B' @159 
 - static final 'AF_GETSTATIC_INIT' 'B' @160 
 - static final 'AF_PUTSTATIC_INIT' 'B' @161 
 - static final 'AF_LIMIT' 'B' @162 
 - static final 'FT_UNCHECKED_REF' 'I' @144 
 - static final 'FT_CHECKED_REF' 'I' @148 
 - static final 'FT_LIMIT' 'I' @152 
 - private static final 'ACCESSOR_FORMS' '[Ljava/lang/invoke/LambdaForm;' @124 
 - private static final 'ALL_WRAPPERS' '[Lsun/invoke/util/Wrapper;' @128 
 - static final 'NF_internalMemberName' 'B' @163 
 - static final 'NF_internalMemberNameEnsureInit' 'B' @164 
 - static final 'NF_ensureInitialized' 'B' @165 
 - static final 'NF_fieldOffset' 'B' @166 
 - static final 'NF_checkBase' 'B' @167 
 - static final 'NF_staticBase' 'B' @168 
 - static final 'NF_staticOffset' 'B' @169 
 - static final 'NF_checkCast' 'B' @170 
 - static final 'NF_allocateInstance' 'B' @171 
 - static final 'NF_constructorMethod' 'B' @172 
 - static final 'NF_UNSAFE' 'B' @173 
 - static final 'NF_checkReceiver' 'B' @174 
 - static final 'NF_LIMIT' 'B' @175 
 - private static final 'NFS' '[Ljava/lang/invoke/LambdaForm$NamedFunction;' @132 
 - private static final 'OBJ_OBJ_TYPE' 'Ljava/lang/invoke/MethodType;' @136 
 - private static final 'LONG_OBJ_TYPE' 'Ljava/lang/invoke/MethodType;' @140 
 - static final synthetic '$assertionsDisabled' 'Z' @176 
 - ---- non-static fields (6 words):
 - private 'customizationCount' 'B' @12 
 - private volatile 'updateInProgress' 'Z' @13 
 - private final 'type' 'Ljava/lang/invoke/MethodType;' @16 
 - final 'form' 'Ljava/lang/invoke/LambdaForm;' @20 
 - private 'asTypeCache' 'Ljava/lang/invoke/MethodHandle;' @24 
 - private 'asTypeSoftCache' 'Ljava/lang/ref/SoftReference;' @28 
 - final 'crackable' 'Z' @14 
 - final 'member' 'Ljava/lang/invoke/MemberName;' @32 
 - non-static oop maps (1 entries): 16-32 
 - ---- field info search table:
   [0] #75,#76 = $assertionsDisabled:Z @ 000000002A4E5258,000000002A4D6760
   [2] #82,#83 = member:Ljava/lang/invoke/MemberName; @ 000000002A4FAF58,000000002A4D2630
   [4] #86,#76 = crackable:Z @ 000000002A4FAF68,000000002A4D6760
   [6] #348,#349 = IMPL_NAMES:Ljava/lang/invoke/MemberName$Factory; @ 000000002A4FBC00,000000002A4FBC10
   [8] #506,#473 = FT_UNCHECKED_REF:I @ 000000002A4FC2A8,000000002A4D6748
   [10] #509,#473 = FT_CHECKED_REF:I @ 000000002A4FC2C0,000000002A4D6748
   [12] #529,#530 = ACCESSOR_FORMS:[Ljava/lang/invoke/LambdaForm; @ 000000002A4FC368,000000002A4FC380
   [14] #654,#655 = ALL_WRAPPERS:[Lsun/invoke/util/Wrapper; @ 000000002A4FC830,000000002A4FC848
   [16] #699,#700 = NFS:[Ljava/lang/invoke/LambdaForm$NamedFunction; @ 000000002A4FCAB8,000000002A4FCAC8
   [18] #713,#714 = OBJ_OBJ_TYPE:Ljava/lang/invoke/MethodType; @ 000000002A4FCBA0,000000002A4D25D8
   [20] #725,#714 = LONG_OBJ_TYPE:Ljava/lang/invoke/MethodType; @ 000000002A4FCC60,000000002A4D25D8
   [22] #765,#766 = AF_GETFIELD:B @ 000000002A4FCDC0,000000002A4D6728
   [24] #769,#766 = AF_PUTFIELD:B @ 000000002A4FCDD8,000000002A4D6728
   [26] #771,#766 = AF_GETSTATIC:B @ 000000002A4FCDF0,000000002A4D6728
   [28] #773,#766 = AF_PUTSTATIC:B @ 000000002A4FCE08,000000002A4D6728
   [30] #775,#766 = AF_GETSTATIC_INIT:B @ 000000002A4FCE20,000000002A4D6728
   [32] #777,#766 = AF_PUTSTATIC_INIT:B @ 000000002A4FCE38,000000002A4D6728
   [34] #779,#766 = AF_LIMIT:B @ 000000002A4FCE50,000000002A4D6728
   [36] #781,#473 = FT_LIMIT:I @ 000000002A4FCE60,000000002A4D6748
   [38] #785,#766 = NF_internalMemberName:B @ 000000002A4FCE70,000000002A4D6728
   [40] #786,#766 = NF_internalMemberNameEnsureInit:B @ 000000002A4FCE90,000000002A4D6728
   [42] #787,#766 = NF_ensureInitialized:B @ 000000002A4FCEB8,000000002A4D6728
   [44] #788,#766 = NF_fieldOffset:B @ 000000002A4FCED8,000000002A4D6728
   [46] #789,#766 = NF_checkBase:B @ 000000002A4FCEF0,000000002A4D6728
   [48] #790,#766 = NF_staticBase:B @ 000000002A4FCF08,000000002A4D6728
   [50] #791,#766 = NF_staticOffset:B @ 000000002A4FCF20,000000002A4D6728
   [52] #792,#766 = NF_checkCast:B @ 000000002A4FCF38,000000002A4D6728
   [54] #794,#766 = NF_allocateInstance:B @ 000000002A4FCF50,000000002A4D6728
   [56] #796,#766 = NF_constructorMethod:B @ 000000002A4FCF70,000000002A4D6728
   [58] #798,#766 = NF_UNSAFE:B @ 000000002A4FCF90,000000002A4D6728
   [60] #799,#766 = NF_checkReceiver:B @ 000000002A4FCFA0,000000002A4D6728
   [62] #801,#766 = NF_LIMIT:B @ 000000002A4FCFB8,000000002A4D6728
R8 =0x0000000000272274 is an unknown value
R9 =0x000000043ef2f1a8 is an oop: jdk.internal.foreign.abi.NativeEntryPoint 
{0x000000043ef2f1a8} - klass: 'jdk/internal/foreign/abi/NativeEntryPoint' - flags: 

 - ---- fields (total size 3 words):
 - private final 'methodType' 'Ljava/lang/invoke/MethodType;' @12  a 'java/lang/invoke/MethodType'{0x000000043ed5ed48} = (JJ)J (0x87dabda9)
 - private final 'downcallStubAddress' 'J' @16  1854570770400 (0x000001afcd082fe0)
R10=0x00007ffeb91a11d0 webview.dll
R11=0x000001afcd4f1d00 is at entry_point+0 in (nmethod*)0x000001afcd4f1c08
Compiled method (n/a) 6656 1721     n 0       java.lang.invoke.MethodHandle::linkToNative(JJL)J (native)
 total in heap  [0x000001afcd4f1c08,0x000001afcd4f1d08] = 256
 main code      [0x000001afcd4f1d00,0x000001afcd4f1d07] = 7
 stub code      [0x000001afcd4f1d07,0x000001afcd4f1d08] = 1
R12=0x0 is null
R13=0x0000005651aff438 is pointing into the stack for thread: 0x000001afbb9d7380
R14=0x0000005651aff4e0 is pointing into the stack for thread: 0x000001afbb9d7380
R15=0x000001afbb9d7380 is a thread

Top of Stack: (sp=0x0000005651aff3c8)
0x0000005651aff3c8:   00007ffeb91a11e3 0000000000272274   ........t"'.....
0x0000005651aff3d8:   000001afec710f58 0000005651aff460   X.q.....`..QV...
0x0000005651aff3e8:   000001afcce7ec87 000001afcce8ec24   ........$.......
0x0000005651aff3f8:   000001afcd08301e 0000000000272274   .0......t"'.....
0x0000005651aff408:   000001afec710f37 0000000000000002   7.q.............
0x0000005651aff418:   000001afec711538 0000005651aff4a8   8.q........QV...
0x0000005651aff428:   000001afcce79661 000001afcce79661   a.......a.......
0x0000005651aff438:   000000043ef2f1a8 0000000000272274   ...>....t"'.....
0x0000005651aff448:   0000000000000000 00007ffeb91a11d0   ................
0x0000005651aff458:   0000000000000000 fffffffffffffff7   ................
0x0000005651aff468:   000001afec681e52 0000000000000007   R.h.............
0x0000005651aff478:   000001afec681fb8 0000000000000000   ..h.............
0x0000005651aff488:   000000043ef36aa8 000001afec681e60   .j.>....`.h.....
0x0000005651aff498:   fffffffffffffff2 0000005651aff4c0   ...........QV...
0x0000005651aff4a8:   0000005651aff530 000001afcce79661   0..QV...a.......
0x0000005651aff4b8:   000000043ef2f1a8 0000000000272274   ...>....t"'.....
0x0000005651aff4c8:   0000000000000000 00007ffeb91a11d0   ................
0x0000005651aff4d8:   0000000000000000 000000043ef36bd8   .........k.>....
0x0000005651aff4e8:   fffffffffffffff7 000001afec68969d   ..........h.....
0x0000005651aff4f8:   0000000000000007 000001afec689888   ..........h.....
0x0000005651aff508:   0000000000000000 000000043ef72c18   .........,.>....
0x0000005651aff518:   000001afec6896b0 fffffffffffffff2   ..h.............
0x0000005651aff528:   0000005651aff540 0000005651aff5b8   @..QV......QV...
0x0000005651aff538:   000001afcce79661 000000043ed5ed48   a.......H..>....
0x0000005651aff548:   0000000000272274 0000000000000000   t"'.............
0x0000005651aff558:   00007ffeb91a11d0 0000000000000000   ................
0x0000005651aff568:   000000043ef36bd8 fffffffffffffff7   .k.>............
0x0000005651aff578:   000001afec68287e 000000000000000d   ~(h.............
0x0000005651aff588:   000001afec682a48 0000000000000000   H*h.............
0x0000005651aff598:   000000043ef416b0 000001afec682778   ...>....x'h.....
0x0000005651aff5a8:   fffffffffffffff1 0000005651aff608   ...........QV...
0x0000005651aff5b8:   0000005651aff670 000001afcce79873   p..QV...s.......

Instructions: (pc=0x00007ffeb91af56a)
  0x00007ffeb91af46a:   24 08 e9 04 ff ff ff 48 8b 44 24 20 0f be 00 83
  0x00007ffeb91af47a:   f8 22 74 07 b8 ff ff ff ff eb 14 48 83 7c 24 30
  0x00007ffeb91af48a:   00 74 08 48 8b 44 24 30 c6 00 00 8b 44 24 08 48
  0x00007ffeb91af49a:   83 c4 18 c3 66 90 1b f4 00 00 15 f4 00 00 0f f4
  0x00007ffeb91af4aa:   00 00 f1 f3 00 00 f7 f3 00 00 fd f3 00 00 03 f4
  0x00007ffeb91af4ba:   00 00 09 f4 00 00 21 f4 00 00 00 08 08 08 08 08
  0x00007ffeb91af4ca:   08 08 08 08 08 08 08 01 08 08 08 08 08 08 08 08
  0x00007ffeb91af4da:   08 08 08 08 08 08 08 08 08 08 08 08 08 08 08 08
  0x00007ffeb91af4ea:   08 08 08 08 08 08 08 08 08 08 08 08 08 08 08 08
  0x00007ffeb91af4fa:   08 08 08 08 02 08 08 08 08 08 03 08 08 08 04 08
  0x00007ffeb91af50a:   08 08 08 08 08 08 05 08 08 08 06 08 07 cc cc cc
  0x00007ffeb91af51a:   cc cc cc cc cc cc 48 89 4c 24 08 48 83 ec 28 48
  0x00007ffeb91af52a:   8b 4c 24 30 e8 0d 96 00 00 48 83 c4 28 c3 cc cc
  0x00007ffeb91af53a:   cc cc cc cc cc cc 48 89 4c 24 08 48 83 ec 28 48
  0x00007ffeb91af54a:   8b 4c 24 30 e8 a9 94 00 00 48 83 c4 28 c3 cc cc
  0x00007ffeb91af55a:   cc cc cc cc cc cc 48 89 4c 24 08 48 8b 44 24 08
=>0x00007ffeb91af56a:   48 8b 40 10 c3 cc 48 89 4c 24 08 48 83 ec 38 48
  0x00007ffeb91af57a:   8b 44 24 40 48 8b c8 e8 9a 36 ff ff 48 89 44 24
  0x00007ffeb91af58a:   28 48 8b 44 24 28 8b 00 89 44 24 20 90 8b 44 24
  0x00007ffeb91af59a:   20 48 83 c4 38 c3 48 89 4c 24 08 48 83 ec 28 48
  0x00007ffeb91af5aa:   8b 4c 24 30 e8 5d d3 ff ff 48 8b c8 ff 15 4c 3b
  0x00007ffeb91af5ba:   01 00 48 83 c4 28 c3 cc cc cc cc cc cc cc cc cc
  0x00007ffeb91af5ca:   cc cc cc cc cc cc 4c 89 44 24 18 48 89 54 24 10
  0x00007ffeb91af5da:   48 89 4c 24 08 48 83 ec 58 48 8b 05 2e 1a 02 00
  0x00007ffeb91af5ea:   48 33 c4 48 89 44 24 48 c7 44 24 24 00 00 00 00
  0x00007ffeb91af5fa:   48 8b 54 24 70 48 8d 4c 24 28 e8 17 79 ff ff 90
  0x00007ffeb91af60a:   48 8d 4c 24 28 e8 bc dd ff ff 0f b6 c0 85 c0 75
  0x00007ffeb91af61a:   44 48 8b 4c 24 70 e8 3b ff ff ff 48 ff c8 48 8b
  0x00007ffeb91af62a:   d0 48 8b 4c 24 70 e8 bb 92 ff ff 0f b7 00 66 89
  0x00007ffeb91af63a:   44 24 20 0f b7 44 24 20 83 f8 5c 74 18 0f b7 44
  0x00007ffeb91af64a:   24 20 83 f8 2f 74 0e 66 ba 5c 00 48 8d 4c 24 28
  0x00007ffeb91af65a:   e8 e1 a0 ff ff 48 8d 15 32 44 01 00 48 8d 4c 24


Stack slot to memory mapping:

stack at sp + 0 slots: 0x00007ffeb91a11e3 webview.dll
stack at sp + 1 slots: 0x0000000000272274 is an unknown value
stack at sp + 2 slots: {method} {0x000001afec710f60} 'internalNativeEntryPoint' '(Ljava/lang/Object;)Ljava/lang/Object;' in 'java/lang/invoke/NativeMethodHandle'
stack at sp + 3 slots: 0x0000005651aff460 is pointing into the stack for thread: 0x000001afbb9d7380
stack at sp + 4 slots: 0x000001afcce7ec87 is at code_begin+711 in an Interpreter codelet
method entry point (kind = zerolocals)  [0x000001afcce7e9c0, 0x000001afcce7ef58]  1432 bytes
stack at sp + 5 slots: 0x000001afcce8ec24 is at code_begin+1572 in an Interpreter codelet
areturn  176 areturn  [0x000001afcce8e600, 0x000001afcce8eda0]  1952 bytes
stack at sp + 6 slots: 0x000001afcd08301e is at code_begin+62 in 
[CodeBlob kind:6 (0x000001afcd082f88)]
Framesize: 6
Runtime Stub (0x000001afcd082f88): nep_invoker_blob
--------------------------------------------------------------------------------
Decoding CodeBlob, name: nep_invoker_blob, at  [0x000001afcd082fe0, 0x000001afcd0830e0]  256 bytes
[MachCode]
  0x000001afcd082fe0: 5548 8bec | 4883 ec20 | c5f8 7749 | 89af 3804 | 0000 49ba | e82f 08cd | af01 0000 | 4d89 9730 
  0x000001afcd083000: 0400 0049 | 89a7 2804 | 0000 41c7 | 87d4 0400 | 0004 0000 | 004c 8bd2 | 498b c841 | ffd2 c5f8 
  0x000001afcd083020: 7741 c787 | d404 0000 | 0500 0000 | f083 4424 | c000 493b | 6f28 0f87 | 4d00 0000 | 4183 bfd0 
  0x000001afcd083040: 0400 0000 | 0f85 3f00 | 0000 41c7 | 87d4 0400 | 0008 0000 | 0041 83bf | 5005 0000 | 020f 8453 
  0x000001afcd083060: 0000 0049 | c787 2804 | 0000 0000 | 0000 49c7 | 8738 0400 | 0000 0000 | 0049 c787 | 3004 0000 
  0x000001afcd083080: 0000 0000 | c5f8 77c9 | c348 8904 | 2449 8bcf | c5f8 774c | 8be4 4883 | ec20 4883 | e4f0 48b8 
  0x000001afcd0830a0: 90f2 d36c | fe7f 0000 | ffd0 498b | e44d 33e4 | 488b 0424 | eb94 4889 | 0424 c5f8 | 774c 8be4 
  0x000001afcd0830c0: 4883 ec20 | 4883 e4f0 | 48b8 805e | 0d6d fe7f | 0000 ffd0 | 498b e44d | 33e4 488b | 0424 eb83 
[/MachCode]
--------------------------------------------------------------------------------
stack at sp + 7 slots: 0x0000000000272274 is an unknown value

Lock stack of current Java thread (top to bottom):

--------------------------------------------------------------------------------
Decoding CodeBlob, name: nep_invoker_blob, at  [0x000001afcd082fe0, 0x000001afcd0830e0]  256 bytes
[MachCode]
  0x000001afcd082fe0: 5548 8bec | 4883 ec20 | c5f8 7749 | 89af 3804 | 0000 49ba | e82f 08cd | af01 0000 | 4d89 9730 
  0x000001afcd083000: 0400 0049 | 89a7 2804 | 0000 41c7 | 87d4 0400 | 0004 0000 | 004c 8bd2 | 498b c841 | ffd2 c5f8 
  0x000001afcd083020: 7741 c787 | d404 0000 | 0500 0000 | f083 4424 | c000 493b | 6f28 0f87 | 4d00 0000 | 4183 bfd0 
  0x000001afcd083040: 0400 0000 | 0f85 3f00 | 0000 41c7 | 87d4 0400 | 0008 0000 | 0041 83bf | 5005 0000 | 020f 8453 
  0x000001afcd083060: 0000 0049 | c787 2804 | 0000 0000 | 0000 49c7 | 8738 0400 | 0000 0000 | 0049 c787 | 3004 0000 
  0x000001afcd083080: 0000 0000 | c5f8 77c9 | c348 8904 | 2449 8bcf | c5f8 774c | 8be4 4883 | ec20 4883 | e4f0 48b8 
  0x000001afcd0830a0: 90f2 d36c | fe7f 0000 | ffd0 498b | e44d 33e4 | 488b 0424 | eb94 4889 | 0424 c5f8 | 774c 8be4 
  0x000001afcd0830c0: 4883 ec20 | 4883 e4f0 | 48b8 805e | 0d6d fe7f | 0000 ffd0 | 498b e44d | 33e4 488b | 0424 eb83 
[/MachCode]
--------------------------------------------------------------------------------


---------------  P R O C E S S  ---------------

Threads class SMR info:
_java_thread_list=0x000001af80af9090, length=19, elements={
0x000001afbb9d7380, 0x000001aff00040a0, 0x000001aff0005870, 0x000001aff000b3d0,
0x000001aff000bf40, 0x000001aff000db40, 0x000001aff0011790, 0x000001aff001eb90,
0x000001aff00276e0, 0x000001aff01d41a0, 0x000001aff01d4fa0, 0x000001aff01d5770,
0x000001aff01ed130, 0x000001af808a9bd0, 0x000001af809a52b0, 0x000001af809f76a0,
0x000001af80af9f70, 0x000001af80b02fd0, 0x000001af820f57f0
}

Java Threads: ( => current thread )
=>0x000001afbb9d7380 JavaThread "main"                              [_thread_in_native, id=34144, stack(0x0000005651a00000,0x0000005651b00000) (1024K)]
  0x000001aff00040a0 JavaThread "Reference Handler"          daemon [_thread_blocked, id=35848, stack(0x0000005652200000,0x0000005652300000) (1024K)]
  0x000001aff0005870 JavaThread "Finalizer"                  daemon [_thread_blocked, id=28548, stack(0x0000005652300000,0x0000005652400000) (1024K)]
  0x000001aff000b3d0 JavaThread "Signal Dispatcher"          daemon [_thread_blocked, id=6416, stack(0x0000005652400000,0x0000005652500000) (1024K)]
  0x000001aff000bf40 JavaThread "Attach Listener"            daemon [_thread_blocked, id=8296, stack(0x0000005652500000,0x0000005652600000) (1024K)]
  0x000001aff000db40 JavaThread "Service Thread"             daemon [_thread_blocked, id=34648, stack(0x0000005652600000,0x0000005652700000) (1024K)]
  0x000001aff0011790 JavaThread "Monitor Deflation Thread"   daemon [_thread_blocked, id=25500, stack(0x0000005652700000,0x0000005652800000) (1024K)]
  0x000001aff001eb90 JavaThread "JVMCI-native CompilerThread0" daemon [_thread_blocked, id=9744, stack(0x0000005652800000,0x0000005652900000) (1024K)]
  0x000001aff00276e0 JavaThread "C1 CompilerThread0"         daemon [_thread_blocked, id=21664, stack(0x0000005652900000,0x0000005652a00000) (1024K)]
  0x000001aff01d41a0 JavaThread "JDWP Transport Listener: dt_socket" daemon [_thread_blocked, id=33608, stack(0x0000005652b00000,0x0000005652c00000) (1024K)]
  0x000001aff01d4fa0 JavaThread "JDWP Event Helper Thread"   daemon [_thread_blocked, id=24760, stack(0x0000005652c00000,0x0000005652d00000) (1024K)]
  0x000001aff01d5770 JavaThread "JDWP Command Reader"        daemon [_thread_in_native, id=31364, stack(0x0000005652d00000,0x0000005652e00000) (1024K)]
  0x000001aff01ed130 JavaThread "Common-Cleaner"             daemon [_thread_blocked, id=35932, stack(0x0000005652e00000,0x0000005652f00000) (1024K)]
  0x000001af808a9bd0 JavaThread "Notification Thread"        daemon [_thread_blocked, id=36004, stack(0x0000005652f00000,0x0000005653000000) (1024K)]
  0x000001af809a52b0 JavaThread "idle-timeout-task"          daemon [_thread_blocked, id=17832, stack(0x0000005653100000,0x0000005653200000) (1024K)]
  0x000001af809f76a0 JavaThread "HTTP-Dispatcher"                   [_thread_in_native, id=23588, stack(0x0000005653200000,0x0000005653300000) (1024K)]
  0x000001af80af9f70 JavaThread "VirtualThread-unblocker"    daemon [_thread_blocked, id=32084, stack(0x0000005653000000,0x0000005653100000) (1024K)]
  0x000001af80b02fd0 JavaThread "ForkJoinPool-1-worker-1"    daemon [_thread_blocked, id=14932, stack(0x0000005653500000,0x0000005653600000) (1024K)]
  0x000001af820f57f0 JavaThread "ForkJoinPool-1-worker-2"    daemon [_thread_blocked, id=31192, stack(0x0000005653700000,0x0000005653800000) (1024K)]
Total: 19

Other Threads:
  0x000001afe923fb70 VMThread "VM Thread"                           [id=13476, stack(0x0000005652100000,0x0000005652200000) (1024K)]
  0x000001afe922e820 WatcherThread "VM Periodic Task Thread"        [id=8968, stack(0x0000005652000000,0x0000005652100000) (1024K)]
  0x000001afe9090010 WorkerThread "GC Thread#0"                     [id=35224, stack(0x0000005651b00000,0x0000005651c00000) (1024K)]
  0x000001afbba8ea10 ConcurrentGCThread "G1 Main Marker"            [id=16540, stack(0x0000005651c00000,0x0000005651d00000) (1024K)]
  0x000001afe909eac0 WorkerThread "G1 Conc#0"                       [id=32416, stack(0x0000005651d00000,0x0000005651e00000) (1024K)]
  0x000001afe9100f80 ConcurrentGCThread "G1 Refine#0"               [id=35432, stack(0x0000005651e00000,0x0000005651f00000) (1024K)]
  0x000001afe9101590 ConcurrentGCThread "G1 Service"                [id=3856, stack(0x0000005651f00000,0x0000005652000000) (1024K)]
Total: 7

Threads with active compile tasks:
Total: 0

VM state: not at safepoint (normal execution)

VM Mutex/Monitor currently owned by a thread: None

Heap address: 0x0000000400800000, size: 16376 MB, Compressed Oops mode: Zero based, Oop shift amount: 3

CDS archive(s) mapped at: [0x000000002a000000-0x000000002add0000-0x000000002add0000), size 14483456, SharedBaseAddress: 0x000000002a000000, ArchiveRelocationMode: 1.
Compressed class space mapped at: 0x000000002b000000-0x000000006b000000, reserved size: 1073741824
UseCompressedClassPointers 1, UseCompactObjectHeaders 0
Narrow klass pointer bits 32, Max shift 3
Narrow klass base: 0x000000002a000000, Narrow klass shift: 0
Encoding Range: [0x000000002a000000 - 0x000000012a000000), (4294967296 bytes)
Klass Range:    [0x000000002a010000 - 0x000000006b000000), (1090453504 bytes)
Klass ID Range:  [65536 - 1090519033) (1090453497)
Protection zone: [0x000000002a000000 - 0x000000002a010000), (65536 bytes)

GC Precious Log:
 CardTable entry size: 512
 Card Set container configuration: InlinePtr #cards 4 size 8 Array Of Cards #cards 64 size 144 Howl #buckets 8 coarsen threshold 14745 Howl Bitmap #cards 2048 size 272 coarsen threshold 1843 Card regions per heap region 1 cards per card region 16384
 CPUs: 12 total, 12 available
 Memory: 65488M
 Large Page Support: Disabled
 NUMA Support: Disabled
 Compressed Oops: Enabled (Zero based)
 Heap Region Size: 8M
 Heap Min Capacity: 8M
 Heap Initial Capacity: 1G
 Heap Max Capacity: 16376M
 Pre-touch: Disabled
 Parallel Workers: 10
 Concurrent Workers: 3
 Concurrent Refinement Workers: 10
 Periodic GC: Disabled

Heap:
 garbage-first heap   total reserved 16769024K, committed 1056768K, used 34017K [0x0000000400800000, 0x0000000800000000)
  region size 8192K, 5 young (40960K), 0 survivors (0K)

Heap Regions: E=young(eden), S=young(survivor), O=old, HS=humongous(starts), HC=humongous(continues), CS=collection set, F=free, TAMS=top-at-mark-start, PB=parsable bottom
|   0|0x0000000400800000, 0x0000000400800000, 0x0000000401000000|  0%| F|  |TAMS 0x0000000400800000| PB 0x0000000400800000| Untracked |  0
|   1|0x0000000401000000, 0x0000000401000000, 0x0000000401800000|  0%| F|  |TAMS 0x0000000401000000| PB 0x0000000401000000| Untracked |  0
|   2|0x0000000401800000, 0x0000000401800000, 0x0000000402000000|  0%| F|  |TAMS 0x0000000401800000| PB 0x0000000401800000| Untracked |  0
|   3|0x0000000402000000, 0x0000000402000000, 0x0000000402800000|  0%| F|  |TAMS 0x0000000402000000| PB 0x0000000402000000| Untracked |  0
|   4|0x0000000402800000, 0x0000000402800000, 0x0000000403000000|  0%| F|  |TAMS 0x0000000402800000| PB 0x0000000402800000| Untracked |  0
|   5|0x0000000403000000, 0x0000000403000000, 0x0000000403800000|  0%| F|  |TAMS 0x0000000403000000| PB 0x0000000403000000| Untracked |  0
|   6|0x0000000403800000, 0x0000000403800000, 0x0000000404000000|  0%| F|  |TAMS 0x0000000403800000| PB 0x0000000403800000| Untracked |  0
|   7|0x0000000404000000, 0x0000000404000000, 0x0000000404800000|  0%| F|  |TAMS 0x0000000404000000| PB 0x0000000404000000| Untracked |  0
|   8|0x0000000404800000, 0x0000000404800000, 0x0000000405000000|  0%| F|  |TAMS 0x0000000404800000| PB 0x0000000404800000| Untracked |  0
|   9|0x0000000405000000, 0x0000000405000000, 0x0000000405800000|  0%| F|  |TAMS 0x0000000405000000| PB 0x0000000405000000| Untracked |  0
|  10|0x0000000405800000, 0x0000000405800000, 0x0000000406000000|  0%| F|  |TAMS 0x0000000405800000| PB 0x0000000405800000| Untracked |  0
|  11|0x0000000406000000, 0x0000000406000000, 0x0000000406800000|  0%| F|  |TAMS 0x0000000406000000| PB 0x0000000406000000| Untracked |  0
|  12|0x0000000406800000, 0x0000000406800000, 0x0000000407000000|  0%| F|  |TAMS 0x0000000406800000| PB 0x0000000406800000| Untracked |  0
|  13|0x0000000407000000, 0x0000000407000000, 0x0000000407800000|  0%| F|  |TAMS 0x0000000407000000| PB 0x0000000407000000| Untracked |  0
|  14|0x0000000407800000, 0x0000000407800000, 0x0000000408000000|  0%| F|  |TAMS 0x0000000407800000| PB 0x0000000407800000| Untracked |  0
|  15|0x0000000408000000, 0x0000000408000000, 0x0000000408800000|  0%| F|  |TAMS 0x0000000408000000| PB 0x0000000408000000| Untracked |  0
|  16|0x0000000408800000, 0x0000000408800000, 0x0000000409000000|  0%| F|  |TAMS 0x0000000408800000| PB 0x0000000408800000| Untracked |  0
|  17|0x0000000409000000, 0x0000000409000000, 0x0000000409800000|  0%| F|  |TAMS 0x0000000409000000| PB 0x0000000409000000| Untracked |  0
|  18|0x0000000409800000, 0x0000000409800000, 0x000000040a000000|  0%| F|  |TAMS 0x0000000409800000| PB 0x0000000409800000| Untracked |  0
|  19|0x000000040a000000, 0x000000040a000000, 0x000000040a800000|  0%| F|  |TAMS 0x000000040a000000| PB 0x000000040a000000| Untracked |  0
|  20|0x000000040a800000, 0x000000040a800000, 0x000000040b000000|  0%| F|  |TAMS 0x000000040a800000| PB 0x000000040a800000| Untracked |  0
|  21|0x000000040b000000, 0x000000040b000000, 0x000000040b800000|  0%| F|  |TAMS 0x000000040b000000| PB 0x000000040b000000| Untracked |  0
|  22|0x000000040b800000, 0x000000040b800000, 0x000000040c000000|  0%| F|  |TAMS 0x000000040b800000| PB 0x000000040b800000| Untracked |  0
|  23|0x000000040c000000, 0x000000040c000000, 0x000000040c800000|  0%| F|  |TAMS 0x000000040c000000| PB 0x000000040c000000| Untracked |  0
|  24|0x000000040c800000, 0x000000040c800000, 0x000000040d000000|  0%| F|  |TAMS 0x000000040c800000| PB 0x000000040c800000| Untracked |  0
|  25|0x000000040d000000, 0x000000040d000000, 0x000000040d800000|  0%| F|  |TAMS 0x000000040d000000| PB 0x000000040d000000| Untracked |  0
|  26|0x000000040d800000, 0x000000040d800000, 0x000000040e000000|  0%| F|  |TAMS 0x000000040d800000| PB 0x000000040d800000| Untracked |  0
|  27|0x000000040e000000, 0x000000040e000000, 0x000000040e800000|  0%| F|  |TAMS 0x000000040e000000| PB 0x000000040e000000| Untracked |  0
|  28|0x000000040e800000, 0x000000040e800000, 0x000000040f000000|  0%| F|  |TAMS 0x000000040e800000| PB 0x000000040e800000| Untracked |  0
|  29|0x000000040f000000, 0x000000040f000000, 0x000000040f800000|  0%| F|  |TAMS 0x000000040f000000| PB 0x000000040f000000| Untracked |  0
|  30|0x000000040f800000, 0x000000040f800000, 0x0000000410000000|  0%| F|  |TAMS 0x000000040f800000| PB 0x000000040f800000| Untracked |  0
|  31|0x0000000410000000, 0x0000000410000000, 0x0000000410800000|  0%| F|  |TAMS 0x0000000410000000| PB 0x0000000410000000| Untracked |  0
|  32|0x0000000410800000, 0x0000000410800000, 0x0000000411000000|  0%| F|  |TAMS 0x0000000410800000| PB 0x0000000410800000| Untracked |  0
|  33|0x0000000411000000, 0x0000000411000000, 0x0000000411800000|  0%| F|  |TAMS 0x0000000411000000| PB 0x0000000411000000| Untracked |  0
|  34|0x0000000411800000, 0x0000000411800000, 0x0000000412000000|  0%| F|  |TAMS 0x0000000411800000| PB 0x0000000411800000| Untracked |  0
|  35|0x0000000412000000, 0x0000000412000000, 0x0000000412800000|  0%| F|  |TAMS 0x0000000412000000| PB 0x0000000412000000| Untracked |  0
|  36|0x0000000412800000, 0x0000000412800000, 0x0000000413000000|  0%| F|  |TAMS 0x0000000412800000| PB 0x0000000412800000| Untracked |  0
|  37|0x0000000413000000, 0x0000000413000000, 0x0000000413800000|  0%| F|  |TAMS 0x0000000413000000| PB 0x0000000413000000| Untracked |  0
|  38|0x0000000413800000, 0x0000000413800000, 0x0000000414000000|  0%| F|  |TAMS 0x0000000413800000| PB 0x0000000413800000| Untracked |  0
|  39|0x0000000414000000, 0x0000000414000000, 0x0000000414800000|  0%| F|  |TAMS 0x0000000414000000| PB 0x0000000414000000| Untracked |  0
|  40|0x0000000414800000, 0x0000000414800000, 0x0000000415000000|  0%| F|  |TAMS 0x0000000414800000| PB 0x0000000414800000| Untracked |  0
|  41|0x0000000415000000, 0x0000000415000000, 0x0000000415800000|  0%| F|  |TAMS 0x0000000415000000| PB 0x0000000415000000| Untracked |  0
|  42|0x0000000415800000, 0x0000000415800000, 0x0000000416000000|  0%| F|  |TAMS 0x0000000415800000| PB 0x0000000415800000| Untracked |  0
|  43|0x0000000416000000, 0x0000000416000000, 0x0000000416800000|  0%| F|  |TAMS 0x0000000416000000| PB 0x0000000416000000| Untracked |  0
|  44|0x0000000416800000, 0x0000000416800000, 0x0000000417000000|  0%| F|  |TAMS 0x0000000416800000| PB 0x0000000416800000| Untracked |  0
|  45|0x0000000417000000, 0x0000000417000000, 0x0000000417800000|  0%| F|  |TAMS 0x0000000417000000| PB 0x0000000417000000| Untracked |  0
|  46|0x0000000417800000, 0x0000000417800000, 0x0000000418000000|  0%| F|  |TAMS 0x0000000417800000| PB 0x0000000417800000| Untracked |  0
|  47|0x0000000418000000, 0x0000000418000000, 0x0000000418800000|  0%| F|  |TAMS 0x0000000418000000| PB 0x0000000418000000| Untracked |  0
|  48|0x0000000418800000, 0x0000000418800000, 0x0000000419000000|  0%| F|  |TAMS 0x0000000418800000| PB 0x0000000418800000| Untracked |  0
|  49|0x0000000419000000, 0x0000000419000000, 0x0000000419800000|  0%| F|  |TAMS 0x0000000419000000| PB 0x0000000419000000| Untracked |  0
|  50|0x0000000419800000, 0x0000000419800000, 0x000000041a000000|  0%| F|  |TAMS 0x0000000419800000| PB 0x0000000419800000| Untracked |  0
|  51|0x000000041a000000, 0x000000041a000000, 0x000000041a800000|  0%| F|  |TAMS 0x000000041a000000| PB 0x000000041a000000| Untracked |  0
|  52|0x000000041a800000, 0x000000041a800000, 0x000000041b000000|  0%| F|  |TAMS 0x000000041a800000| PB 0x000000041a800000| Untracked |  0
|  53|0x000000041b000000, 0x000000041b000000, 0x000000041b800000|  0%| F|  |TAMS 0x000000041b000000| PB 0x000000041b000000| Untracked |  0
|  54|0x000000041b800000, 0x000000041b800000, 0x000000041c000000|  0%| F|  |TAMS 0x000000041b800000| PB 0x000000041b800000| Untracked |  0
|  55|0x000000041c000000, 0x000000041c000000, 0x000000041c800000|  0%| F|  |TAMS 0x000000041c000000| PB 0x000000041c000000| Untracked |  0
|  56|0x000000041c800000, 0x000000041c800000, 0x000000041d000000|  0%| F|  |TAMS 0x000000041c800000| PB 0x000000041c800000| Untracked |  0
|  57|0x000000041d000000, 0x000000041d000000, 0x000000041d800000|  0%| F|  |TAMS 0x000000041d000000| PB 0x000000041d000000| Untracked |  0
|  58|0x000000041d800000, 0x000000041d800000, 0x000000041e000000|  0%| F|  |TAMS 0x000000041d800000| PB 0x000000041d800000| Untracked |  0
|  59|0x000000041e000000, 0x000000041e000000, 0x000000041e800000|  0%| F|  |TAMS 0x000000041e000000| PB 0x000000041e000000| Untracked |  0
|  60|0x000000041e800000, 0x000000041e800000, 0x000000041f000000|  0%| F|  |TAMS 0x000000041e800000| PB 0x000000041e800000| Untracked |  0
|  61|0x000000041f000000, 0x000000041f000000, 0x000000041f800000|  0%| F|  |TAMS 0x000000041f000000| PB 0x000000041f000000| Untracked |  0
|  62|0x000000041f800000, 0x000000041f800000, 0x0000000420000000|  0%| F|  |TAMS 0x000000041f800000| PB 0x000000041f800000| Untracked |  0
|  63|0x0000000420000000, 0x0000000420000000, 0x0000000420800000|  0%| F|  |TAMS 0x0000000420000000| PB 0x0000000420000000| Untracked |  0
|  64|0x0000000420800000, 0x0000000420800000, 0x0000000421000000|  0%| F|  |TAMS 0x0000000420800000| PB 0x0000000420800000| Untracked |  0
|  65|0x0000000421000000, 0x0000000421000000, 0x0000000421800000|  0%| F|  |TAMS 0x0000000421000000| PB 0x0000000421000000| Untracked |  0
|  66|0x0000000421800000, 0x0000000421800000, 0x0000000422000000|  0%| F|  |TAMS 0x0000000421800000| PB 0x0000000421800000| Untracked |  0
|  67|0x0000000422000000, 0x0000000422000000, 0x0000000422800000|  0%| F|  |TAMS 0x0000000422000000| PB 0x0000000422000000| Untracked |  0
|  68|0x0000000422800000, 0x0000000422800000, 0x0000000423000000|  0%| F|  |TAMS 0x0000000422800000| PB 0x0000000422800000| Untracked |  0
|  69|0x0000000423000000, 0x0000000423000000, 0x0000000423800000|  0%| F|  |TAMS 0x0000000423000000| PB 0x0000000423000000| Untracked |  0
|  70|0x0000000423800000, 0x0000000423800000, 0x0000000424000000|  0%| F|  |TAMS 0x0000000423800000| PB 0x0000000423800000| Untracked |  0
|  71|0x0000000424000000, 0x0000000424000000, 0x0000000424800000|  0%| F|  |TAMS 0x0000000424000000| PB 0x0000000424000000| Untracked |  0
|  72|0x0000000424800000, 0x0000000424800000, 0x0000000425000000|  0%| F|  |TAMS 0x0000000424800000| PB 0x0000000424800000| Untracked |  0
|  73|0x0000000425000000, 0x0000000425000000, 0x0000000425800000|  0%| F|  |TAMS 0x0000000425000000| PB 0x0000000425000000| Untracked |  0
|  74|0x0000000425800000, 0x0000000425800000, 0x0000000426000000|  0%| F|  |TAMS 0x0000000425800000| PB 0x0000000425800000| Untracked |  0
|  75|0x0000000426000000, 0x0000000426000000, 0x0000000426800000|  0%| F|  |TAMS 0x0000000426000000| PB 0x0000000426000000| Untracked |  0
|  76|0x0000000426800000, 0x0000000426800000, 0x0000000427000000|  0%| F|  |TAMS 0x0000000426800000| PB 0x0000000426800000| Untracked |  0
|  77|0x0000000427000000, 0x0000000427000000, 0x0000000427800000|  0%| F|  |TAMS 0x0000000427000000| PB 0x0000000427000000| Untracked |  0
|  78|0x0000000427800000, 0x0000000427800000, 0x0000000428000000|  0%| F|  |TAMS 0x0000000427800000| PB 0x0000000427800000| Untracked |  0
|  79|0x0000000428000000, 0x0000000428000000, 0x0000000428800000|  0%| F|  |TAMS 0x0000000428000000| PB 0x0000000428000000| Untracked |  0
|  80|0x0000000428800000, 0x0000000428800000, 0x0000000429000000|  0%| F|  |TAMS 0x0000000428800000| PB 0x0000000428800000| Untracked |  0
|  81|0x0000000429000000, 0x0000000429000000, 0x0000000429800000|  0%| F|  |TAMS 0x0000000429000000| PB 0x0000000429000000| Untracked |  0
|  82|0x0000000429800000, 0x0000000429800000, 0x000000042a000000|  0%| F|  |TAMS 0x0000000429800000| PB 0x0000000429800000| Untracked |  0
|  83|0x000000042a000000, 0x000000042a000000, 0x000000042a800000|  0%| F|  |TAMS 0x000000042a000000| PB 0x000000042a000000| Untracked |  0
|  84|0x000000042a800000, 0x000000042a800000, 0x000000042b000000|  0%| F|  |TAMS 0x000000042a800000| PB 0x000000042a800000| Untracked |  0
|  85|0x000000042b000000, 0x000000042b000000, 0x000000042b800000|  0%| F|  |TAMS 0x000000042b000000| PB 0x000000042b000000| Untracked |  0
|  86|0x000000042b800000, 0x000000042b800000, 0x000000042c000000|  0%| F|  |TAMS 0x000000042b800000| PB 0x000000042b800000| Untracked |  0
|  87|0x000000042c000000, 0x000000042c000000, 0x000000042c800000|  0%| F|  |TAMS 0x000000042c000000| PB 0x000000042c000000| Untracked |  0
|  88|0x000000042c800000, 0x000000042c800000, 0x000000042d000000|  0%| F|  |TAMS 0x000000042c800000| PB 0x000000042c800000| Untracked |  0
|  89|0x000000042d000000, 0x000000042d000000, 0x000000042d800000|  0%| F|  |TAMS 0x000000042d000000| PB 0x000000042d000000| Untracked |  0
|  90|0x000000042d800000, 0x000000042d800000, 0x000000042e000000|  0%| F|  |TAMS 0x000000042d800000| PB 0x000000042d800000| Untracked |  0
|  91|0x000000042e000000, 0x000000042e000000, 0x000000042e800000|  0%| F|  |TAMS 0x000000042e000000| PB 0x000000042e000000| Untracked |  0
|  92|0x000000042e800000, 0x000000042e800000, 0x000000042f000000|  0%| F|  |TAMS 0x000000042e800000| PB 0x000000042e800000| Untracked |  0
|  93|0x000000042f000000, 0x000000042f000000, 0x000000042f800000|  0%| F|  |TAMS 0x000000042f000000| PB 0x000000042f000000| Untracked |  0
|  94|0x000000042f800000, 0x000000042f800000, 0x0000000430000000|  0%| F|  |TAMS 0x000000042f800000| PB 0x000000042f800000| Untracked |  0
|  95|0x0000000430000000, 0x0000000430000000, 0x0000000430800000|  0%| F|  |TAMS 0x0000000430000000| PB 0x0000000430000000| Untracked |  0
|  96|0x0000000430800000, 0x0000000430800000, 0x0000000431000000|  0%| F|  |TAMS 0x0000000430800000| PB 0x0000000430800000| Untracked |  0
|  97|0x0000000431000000, 0x0000000431000000, 0x0000000431800000|  0%| F|  |TAMS 0x0000000431000000| PB 0x0000000431000000| Untracked |  0
|  98|0x0000000431800000, 0x0000000431800000, 0x0000000432000000|  0%| F|  |TAMS 0x0000000431800000| PB 0x0000000431800000| Untracked |  0
|  99|0x0000000432000000, 0x0000000432000000, 0x0000000432800000|  0%| F|  |TAMS 0x0000000432000000| PB 0x0000000432000000| Untracked |  0
| 100|0x0000000432800000, 0x0000000432800000, 0x0000000433000000|  0%| F|  |TAMS 0x0000000432800000| PB 0x0000000432800000| Untracked |  0
| 101|0x0000000433000000, 0x0000000433000000, 0x0000000433800000|  0%| F|  |TAMS 0x0000000433000000| PB 0x0000000433000000| Untracked |  0
| 102|0x0000000433800000, 0x0000000433800000, 0x0000000434000000|  0%| F|  |TAMS 0x0000000433800000| PB 0x0000000433800000| Untracked |  0
| 103|0x0000000434000000, 0x0000000434000000, 0x0000000434800000|  0%| F|  |TAMS 0x0000000434000000| PB 0x0000000434000000| Untracked |  0
| 104|0x0000000434800000, 0x0000000434800000, 0x0000000435000000|  0%| F|  |TAMS 0x0000000434800000| PB 0x0000000434800000| Untracked |  0
| 105|0x0000000435000000, 0x0000000435000000, 0x0000000435800000|  0%| F|  |TAMS 0x0000000435000000| PB 0x0000000435000000| Untracked |  0
| 106|0x0000000435800000, 0x0000000435800000, 0x0000000436000000|  0%| F|  |TAMS 0x0000000435800000| PB 0x0000000435800000| Untracked |  0
| 107|0x0000000436000000, 0x0000000436000000, 0x0000000436800000|  0%| F|  |TAMS 0x0000000436000000| PB 0x0000000436000000| Untracked |  0
| 108|0x0000000436800000, 0x0000000436800000, 0x0000000437000000|  0%| F|  |TAMS 0x0000000436800000| PB 0x0000000436800000| Untracked |  0
| 109|0x0000000437000000, 0x0000000437000000, 0x0000000437800000|  0%| F|  |TAMS 0x0000000437000000| PB 0x0000000437000000| Untracked |  0
| 110|0x0000000437800000, 0x0000000437800000, 0x0000000438000000|  0%| F|  |TAMS 0x0000000437800000| PB 0x0000000437800000| Untracked |  0
| 111|0x0000000438000000, 0x0000000438000000, 0x0000000438800000|  0%| F|  |TAMS 0x0000000438000000| PB 0x0000000438000000| Untracked |  0
| 112|0x0000000438800000, 0x0000000438800000, 0x0000000439000000|  0%| F|  |TAMS 0x0000000438800000| PB 0x0000000438800000| Untracked |  0
| 113|0x0000000439000000, 0x0000000439000000, 0x0000000439800000|  0%| F|  |TAMS 0x0000000439000000| PB 0x0000000439000000| Untracked |  0
| 114|0x0000000439800000, 0x0000000439800000, 0x000000043a000000|  0%| F|  |TAMS 0x0000000439800000| PB 0x0000000439800000| Untracked |  0
| 115|0x000000043a000000, 0x000000043a000000, 0x000000043a800000|  0%| F|  |TAMS 0x000000043a000000| PB 0x000000043a000000| Untracked |  0
| 116|0x000000043a800000, 0x000000043a800000, 0x000000043b000000|  0%| F|  |TAMS 0x000000043a800000| PB 0x000000043a800000| Untracked |  0
| 117|0x000000043b000000, 0x000000043b000000, 0x000000043b800000|  0%| F|  |TAMS 0x000000043b000000| PB 0x000000043b000000| Untracked |  0
| 118|0x000000043b800000, 0x000000043b800000, 0x000000043c000000|  0%| F|  |TAMS 0x000000043b800000| PB 0x000000043b800000| Untracked |  0
| 119|0x000000043c000000, 0x000000043c000000, 0x000000043c800000|  0%| F|  |TAMS 0x000000043c000000| PB 0x000000043c000000| Untracked |  0
| 120|0x000000043c800000, 0x000000043c800000, 0x000000043d000000|  0%| F|  |TAMS 0x000000043c800000| PB 0x000000043c800000| Untracked |  0
| 121|0x000000043d000000, 0x000000043d000000, 0x000000043d800000|  0%| F|  |TAMS 0x000000043d000000| PB 0x000000043d000000| Untracked |  0
| 122|0x000000043d800000, 0x000000043d800000, 0x000000043e000000|  0%| F|  |TAMS 0x000000043d800000| PB 0x000000043d800000| Untracked |  0
| 123|0x000000043e000000, 0x000000043e4d2eb0, 0x000000043e800000| 60%| E|  |TAMS 0x000000043e000000| PB 0x000000043e000000| Complete |  0
| 124|0x000000043e800000, 0x000000043f000000, 0x000000043f000000|100%| E|CS|TAMS 0x000000043e800000| PB 0x000000043e800000| Complete |  0
| 125|0x000000043f000000, 0x000000043f800000, 0x000000043f800000|100%| E|CS|TAMS 0x000000043f000000| PB 0x000000043f000000| Complete |  0
| 126|0x000000043f800000, 0x0000000440000000, 0x0000000440000000|100%| E|CS|TAMS 0x000000043f800000| PB 0x000000043f800000| Complete |  0
| 127|0x0000000440000000, 0x0000000440800000, 0x0000000440800000|100%| E|CS|TAMS 0x0000000440000000| PB 0x0000000440000000| Complete |  0
|2046|0x00000007ff800000, 0x00000007ff9386e0, 0x0000000800000000| 15%| O|  |TAMS 0x00000007ff800000| PB 0x00000007ff800000| Untracked |  0

Card table byte_map: [0x000001afd6fe0000,0x000001afd8fe0000] _byte_map_base: 0x000001afd4fdc000

Marking Bits: (CMBitMap*) 0x000001afe90907a0
 Bits: [0x000001afd8fe0000, 0x000001afe8fc0000)

Polling page: 0x000001afb9a70000

Metaspace:
Metaspace        used 8292K, committed 8640K, reserved 1114112K
 class space     used 736K, committed 896K, reserved 1048576K

Usage:
  Non-class:      7.38 MB used.
      Class:    736.22 KB used.
       Both:      8.10 MB used.

Virtual space:
  Non-class space:       64.00 MB reserved,       7.56 MB ( 12%) committed,  1 nodes.
      Class space:        1.00 GB reserved,     896.00 KB ( <1%) committed,  1 nodes.
             Both:        1.06 GB reserved,       8.44 MB ( <1%) committed. 

Chunk freelists:
   Non-Class:  8.46 MB
       Class:  15.09 MB
        Both:  23.55 MB

MaxMetaspaceSize: unlimited
CompressedClassSpaceSize: 1.00 GB
Initial GC threshold: 21.00 MB
Current GC threshold: 21.00 MB
CDS: on
 - commit_granule_bytes: 65536.
 - commit_granule_words: 8192.
 - virtual_space_node_default_size: 8388608.
 - enlarge_chunks_in_place: 1.
UseCompressedClassPointers 1, UseCompactObjectHeaders 0
Narrow klass pointer bits 32, Max shift 3
Narrow klass base: 0x000000002a000000, Narrow klass shift: 0
Encoding Range: [0x000000002a000000 - 0x000000012a000000), (4294967296 bytes)
Klass Range:    [0x000000002a010000 - 0x000000006b000000), (1090453504 bytes)
Klass ID Range:  [65536 - 1090519033) (1090453497)
Protection zone: [0x000000002a000000 - 0x000000002a010000), (65536 bytes)


Internal statistics:

num_allocs_failed_limit: 0.
num_arena_births: 322.
num_arena_deaths: 0.
num_vsnodes_births: 2.
num_vsnodes_deaths: 0.
num_space_committed: 135.
num_space_uncommitted: 0.
num_chunks_returned_to_freelist: 0.
num_chunks_taken_from_freelist: 438.
num_chunk_merges: 0.
num_chunk_splits: 282.
num_chunks_enlarged: 164.
num_inconsistent_stats: 0.

CodeHeap 'non-profiled nmethods': size=119808Kb used=457Kb max_used=457Kb free=119350Kb
 bounds [0x000001afcd480000, 0x000001afcd6f0000, 0x000001afd4980000]
CodeHeap 'profiled nmethods': size=119744Kb used=3973Kb max_used=3973Kb free=115770Kb
 bounds [0x000001afc5980000, 0x000001afc5d70000, 0x000001afcce70000]
CodeHeap 'non-nmethods': size=6208Kb used=1555Kb max_used=2124Kb free=4652Kb
 bounds [0x000001afcce70000, 0x000001afcd0e0000, 0x000001afcd480000]
CodeCache: size=245760Kb, used=5985Kb, max_used=6554Kb, free=239772Kb
 total_blobs=2305, nmethods=1723, adapters=481, full_count=0
Compilation: enabled, stopped_count=0, restarted_count=0

JVMCI Events (20 events):
Event: 1.020 Thread 0x000001aff0317bb0 destroyed JavaVM[2]@0x000001bff0ceb088 for JVMCI runtime 2
Event: 1.020 Thread 0x000001aff0317bb0 releasing handles for JVMCI runtime 2: oop handles=76, metadata handles={total=224, live=161, blocks=7}
Event: 1.020 Thread 0x000001aff0317bb0 detached from JVMCI runtime 2
Event: 1.130 Thread 0x000001af80b3d9d0 attached to JVMCI runtime 2
Event: 1.133 Thread 0x000001af80b3d9d0 created JavaVM[3]@0x000001bff0ceb088 for JVMCI runtime 2
Event: 1.133 Thread 0x000001af80b3d9d0 initializing JVMCI runtime 2
Event: 1.133 Thread 0x000001af80b3d9d0 done waiting for JavaVM references initialization in JVMCI runtime 2
Event: 1.133 Thread 0x000001af80b3d9d0 initialized JVMCI runtime 2
Event: 1.914 Thread 0x000001af80b3d9d0 detaching from JVMCI runtime 2: stopping idle compiler thread (0 other threads still attached)
Event: 1.914 Thread 0x000001af80b3d9d0 shutting down HotSpotJVMCIRuntime for JVMCI runtime 2
Event: 1.914 Thread 0x000001af80b3d9d0 shut down JVMCI runtime 2
Event: 1.916 Thread 0x000001af80b3d9d0 destroyed JavaVM[3]@0x000001bff0ceb088 for JVMCI runtime 2
Event: 1.916 Thread 0x000001af80b3d9d0 releasing handles for JVMCI runtime 2: oop handles=68, metadata handles={total=110, live=109, blocks=7}
Event: 1.916 Thread 0x000001af80b3d9d0 detached from JVMCI runtime 2
Event: 2.918 Thread 0x000001aff001eb90 detaching from JVMCI runtime 0: releasing idle compiler thread (0 other threads still attached)
Event: 2.918 Thread 0x000001aff001eb90 shutting down HotSpotJVMCIRuntime for JVMCI runtime 0
Event: 2.919 Thread 0x000001aff001eb90 shut down JVMCI runtime 0
Event: 2.921 Thread 0x000001aff001eb90 destroyed JavaVM[0]@0x000001aff0ceb088 for JVMCI runtime 0
Event: 2.921 Thread 0x000001aff001eb90 releasing handles for JVMCI runtime 0: oop handles=92, metadata handles={total=320, live=318, blocks=10}
Event: 2.921 Thread 0x000001aff001eb90 detached from JVMCI runtime 0

Compilation events (20 events):
Event: 1.131 Thread 0x000001aff00276e0 1714       3       java.util.HashSet::contains (9 bytes)
Event: 1.131 Thread 0x000001aff00276e0 nmethod 1714 0x000001afc5d60608 code [0x000001afc5d60700, 0x000001afc5d60a38]
Event: 1.140 Thread 0x000001aff001eb90 nmethod 1646% 0x000001afcd4ee488 code [0x000001afcd4ee580, 0x000001afcd4f0138]
Event: 1.140 Thread 0x000001aff001eb90 1648       4       java.util.ImmutableCollections$SetN::probe (56 bytes)
Event: 1.147 Thread 0x000001af80b3d9d0 nmethod 1706 0x000001afcd4f0188 code [0x000001afcd4f0280, 0x000001afcd4f07a8]
Event: 1.147 Thread 0x000001af80b3d9d0 1712       4       java.lang.invoke.VarHandleByteArrayAsInts$ArrayHandle::get (35 bytes)
Event: 1.150 Thread 0x000001af80b3d9d0 nmethod 1712 0x000001afcd4f0808 code [0x000001afcd4f0900, 0x000001afcd4f0a98]
Event: 1.150 Thread 0x000001af80b3d9d0 1655       4       java.lang.StringBuilder::length (5 bytes)
Event: 1.150 Thread 0x000001aff001eb90 nmethod 1648 0x000001afcd4f0b08 code [0x000001afcd4f0c00, 0x000001afcd4f1280]
Event: 1.150 Thread 0x000001af80b3d9d0 nmethod 1655 0x000001afcd4f1288 code [0x000001afcd4f1380, 0x000001afcd4f1408]
Event: 1.914 Thread 0x000001aff001eb90 1715       4       java.lang.invoke.MethodType::hashCode (53 bytes)
Event: 1.914 Thread 0x000001aff00276e0 1717       3       jdk.internal.misc.Unsafe::storeFence (5 bytes)
Event: 1.914 Thread 0x000001aff00276e0 nmethod 1717 0x000001afc5d60a88 code [0x000001afc5d60b80, 0x000001afc5d60e68]
Event: 1.914 Thread 0x000001aff00276e0 1718       3       java.lang.invoke.MemberName::getFactory (4 bytes)
Event: 1.914 Thread 0x000001aff00276e0 nmethod 1718 0x000001afc5d60e88 code [0x000001afc5d60f80, 0x000001afc5d61070]
Event: 1.916 Thread 0x000001aff00276e0 1719       3       java.nio.MappedByteBuffer::position (8 bytes)
Event: 1.916 Thread 0x000001aff00276e0 nmethod 1719 0x000001afc5d61188 code [0x000001afc5d61280, 0x000001afc5d61438]
Event: 1.916 Thread 0x000001aff00276e0 1720       3       java.lang.Thread::onSpinWait (1 bytes)
Event: 1.917 Thread 0x000001aff00276e0 nmethod 1720 0x000001afc5d61488 code [0x000001afc5d61580, 0x000001afc5d61668]
Event: 1.918 Thread 0x000001aff001eb90 nmethod 1715 0x000001afcd4f1888 code [0x000001afcd4f1980, 0x000001afcd4f1be8]

GC Heap Usage History (0 events):
No events

Metaspace Usage History (0 events):
No events

Dll operation events (13 events):
Event: 0.009 Loaded shared library C:\Users\josia\.sdkman\candidates\java\25-graalce\bin\java.dll
Event: 0.038 Loaded shared library C:\Users\josia\.sdkman\candidates\java\25-graalce\bin\jvmcicompiler.dll
Event: 0.193 Loaded shared library C:\Users\josia\.sdkman\candidates\java\25-graalce\bin\zip.dll
Event: 0.195 Loaded shared library C:\Users\josia\.sdkman\candidates\java\25-graalce\bin\instrument.dll
Event: 0.200 Loaded shared library C:\Users\josia\.sdkman\candidates\java\25-graalce\bin\net.dll
Event: 0.202 Loaded shared library C:\Users\josia\.sdkman\candidates\java\25-graalce\bin\nio.dll
Event: 0.206 Loaded shared library C:\Users\josia\.sdkman\candidates\java\25-graalce\bin\zip.dll
Event: 0.277 Loaded shared library C:\Users\josia\.sdkman\candidates\java\25-graalce\bin\jimage.dll
Event: 0.325 Loaded shared library C:\Users\josia\.sdkman\candidates\java\25-graalce\bin\verify.dll
Event: 0.425 Loaded shared library C:\Users\josia\.sdkman\candidates\java\25-graalce\bin\extnet.dll
Event: 0.445 Loaded shared library C:\Users\josia\.sdkman\candidates\java\25-graalce\bin\sunmscapi.dll
Event: 0.603 Loaded shared library E:\Dev\Avaje\avaje-webview\examples\hello-world-jex\webview.dll
Event: 0.609 Loaded shared library webview.dll

Deoptimization events (20 events):
Event: 0.499 Thread 0x000001afbb9d7380 DEOPT PACKING pc=0x000001afcd4cab6b sp=0x0000005651afe870
Event: 0.499 Thread 0x000001afbb9d7380 DEOPT UNPACKING pc=0x000001afccec0983 sp=0x0000005651afdcd0 mode 3
Event: 0.501 Thread 0x000001afbb9d7380 Uncommon trap: trap_request=0xffffffed fr.pc=0x000001afcd49ca64 relative=0x0000000000000064
Event: 0.501 Thread 0x000001afbb9d7380 Uncommon trap: reason=null_assert_or_unreached0 action=reinterpret pc=0x000001afcd49ca64 method=java.lang.CharacterData.of(I)Ljava/lang/CharacterData; @ 0 jvmci
Event: 0.501 Thread 0x000001afbb9d7380 DEOPT PACKING pc=0x000001afcd49ca64 sp=0x0000005651afe8f0
Event: 0.501 Thread 0x000001afbb9d7380 DEOPT UNPACKING pc=0x000001afccec0983 sp=0x0000005651afdd98 mode 3
Event: 0.511 Thread 0x000001afbb9d7380 Uncommon trap: trap_request=0xffffffed fr.pc=0x000001afcd4cea0a relative=0x0000000000000c0a
Event: 0.511 Thread 0x000001afbb9d7380 Uncommon trap: reason=null_assert_or_unreached0 action=reinterpret pc=0x000001afcd4cea0a method=java.util.concurrent.ConcurrentHashMap.putVal(Ljava/lang/Object;Ljava/lang/Object;Z)Ljava/lang/Object; @ 34 jvmci
Event: 0.511 Thread 0x000001afbb9d7380 DEOPT PACKING pc=0x000001afcd4cea0a sp=0x0000005651aff270
Event: 0.511 Thread 0x000001afbb9d7380 DEOPT UNPACKING pc=0x000001afccec0983 sp=0x0000005651afe710 mode 3
Event: 0.512 Thread 0x000001afbb9d7380 Uncommon trap: trap_request=0xfffffff5 fr.pc=0x000001afcd4affd9 relative=0x0000000000000059
Event: 0.512 Thread 0x000001afbb9d7380 Uncommon trap: reason=null_check action=reinterpret pc=0x000001afcd4affd9 method=java.lang.invoke.VarForm.getMemberName(I)Ljava/lang/invoke/MemberName; @ 0 jvmci
Event: 0.512 Thread 0x000001afbb9d7380 DEOPT PACKING pc=0x000001afcd4affd9 sp=0x0000005651aff100
Event: 0.512 Thread 0x000001afbb9d7380 DEOPT UNPACKING pc=0x000001afccec0983 sp=0x0000005651afe5a0 mode 3
Event: 0.520 Thread 0x000001afbb9d7380 DEOPT PACKING pc=0x000001afc5bdd62b sp=0x0000005651afe6d0
Event: 0.520 Thread 0x000001afbb9d7380 DEOPT UNPACKING pc=0x000001afccec0983 sp=0x0000005651afdb30 mode 0
Event: 0.644 Thread 0x000001afbb9d7380 DEOPT PACKING pc=0x000001afc5c3aeac sp=0x0000005651afea50
Event: 0.644 Thread 0x000001afbb9d7380 DEOPT UNPACKING pc=0x000001afccec0983 sp=0x0000005651afdf68 mode 0
Event: 1.075 Thread 0x000001af80b02fd0 DEOPT PACKING pc=0x000001afc5bdd62b sp=0x00000056535fdad0
Event: 1.075 Thread 0x000001af80b02fd0 DEOPT UNPACKING pc=0x000001afccec0983 sp=0x00000056535fcf30 mode 0

Classes loaded (20 events):
Event: 1.127 Loading class sun/util/cldr/CLDRBaseLocaleDataMetaInfo$CLDRMapHolder
Event: 1.128 Loading class sun/util/cldr/CLDRBaseLocaleDataMetaInfo$CLDRMapHolder done
Event: 1.132 Loading class jdk/internal/event/VirtualThreadEndEvent
Event: 1.133 Loading class jdk/internal/event/VirtualThreadEndEvent done
Event: 1.915 Loading class java/net/StandardSocketOptions
Event: 1.915 Loading class java/net/StandardSocketOptions done
Event: 1.915 Loading class java/net/StandardSocketOptions$StdSocketOption
Event: 1.915 Loading class java/net/StandardSocketOptions$StdSocketOption done
Event: 1.915 Loading class sun/nio/ch/SocketOptionRegistry
Event: 1.915 Loading class sun/nio/ch/SocketOptionRegistry done
Event: 1.915 Loading class sun/nio/ch/SocketOptionRegistry$RegistryKey
Event: 1.915 Loading class sun/nio/ch/SocketOptionRegistry$RegistryKey done
Event: 1.915 Loading class sun/nio/ch/SocketOptionRegistry$LazyInitialization
Event: 1.915 Loading class sun/nio/ch/SocketOptionRegistry$LazyInitialization done
Event: 1.915 Loading class sun/nio/ch/OptionKey
Event: 1.915 Loading class sun/nio/ch/OptionKey done
Event: 1.916 Loading class sun/nio/ch/ExtendedSocketOption
Event: 1.916 Loading class sun/nio/ch/ExtendedSocketOption done
Event: 1.916 Loading class sun/nio/ch/ExtendedSocketOption$1
Event: 1.916 Loading class sun/nio/ch/ExtendedSocketOption$1 done

Classes unloaded (0 events):
No events

Classes redefined (0 events):
No events

Internal exceptions (20 events):
Event: 1.047 Thread 0x000001afbb9d7380 Exception <a 'java/lang/NoSuchMethodError'{0x000000043ede3808}: 'java.lang.Object java.lang.invoke.DirectMethodHandle$Holder.invokeStaticInit(java.lang.Object, java.lang.Object, java.lang.Object, java.lang.Object)'> (0x000000043ede3808) 
thrown [s\src\hotspot\share\interpreter\linkResolver.cpp, line 804]
Event: 1.050 Thread 0x000001afbb9d7380 Exception <a 'java/lang/NoSuchMethodError'{0x000000043ee1fe20}: 'void java.lang.invoke.DirectMethodHandle$Holder.invokeStatic(java.lang.Object, java.lang.Object, long, long, long)'> (0x000000043ee1fe20) 
thrown [s\src\hotspot\share\interpreter\linkResolver.cpp, line 804]
Event: 1.052 Thread 0x000001afbb9d7380 Exception <a 'java/lang/NoSuchMethodError'{0x000000043ee57388}: 'java.lang.Object java.lang.invoke.DirectMethodHandle$Holder.newInvokeSpecial(java.lang.Object, java.lang.Object, java.lang.Object, java.lang.Object, java.lang.Object, java.lang.Object)'> (0x000000043ee57388) 
thrown [s\src\hotspot\share\interpreter\linkResolver.cpp, line 804]
Event: 1.053 Thread 0x000001afbb9d7380 Exception <a 'java/lang/NoSuchMethodError'{0x000000043ee67c00}: 'void java.lang.invoke.DelegatingMethodHandle$Holder.reinvoke_L(java.lang.Object, java.lang.Object, long, long, long)'> (0x000000043ee67c00) 
thrown [s\src\hotspot\share\interpreter\linkResolver.cpp, line 804]
Event: 1.053 Thread 0x000001afbb9d7380 Exception <a 'java/lang/NoSuchMethodError'{0x000000043ee7edb0}: 'void java.lang.invoke.Invokers$Holder.exactInvoker(java.lang.Object, java.lang.Object, long, long, long)'> (0x000000043ee7edb0) 
thrown [s\src\hotspot\share\interpreter\linkResolver.cpp, line 804]
Event: 1.054 Thread 0x000001af809f76a0 Exception <a 'java/lang/NoSuchMethodError'{0x000000043f747a08}: 'long java.lang.invoke.DirectMethodHandle$Holder.invokeStatic(java.lang.Object, int)'> (0x000000043f747a08) 
thrown [s\src\hotspot\share\interpreter\linkResolver.cpp, line 804]
Event: 1.054 Thread 0x000001afbb9d7380 Exception <a 'java/lang/NoSuchMethodError'{0x000000043ee87b18}: 'void java.lang.invoke.DelegatingMethodHandle$Holder.delegate(java.lang.Object, java.lang.Object, long, long, long)'> (0x000000043ee87b18) 
thrown [s\src\hotspot\share\interpreter\linkResolver.cpp, line 804]
Event: 1.054 Thread 0x000001af809f76a0 Exception <a 'java/lang/NoSuchMethodError'{0x000000043f757d40}: 'long java.lang.invoke.DelegatingMethodHandle$Holder.reinvoke_L(java.lang.Object, java.lang.Object, java.lang.Object, long)'> (0x000000043f757d40) 
thrown [s\src\hotspot\share\interpreter\linkResolver.cpp, line 804]
Event: 1.057 Thread 0x000001afbb9d7380 Exception <a 'java/lang/NoSuchMethodError'{0x000000043eeb92a8}: 'void java.lang.invoke.DirectMethodHandle$Holder.invokeStaticInit(java.lang.Object, java.lang.Object, java.lang.Object, java.lang.Object, java.lang.Object, java.lang.Object, long)'> (0x000000043eeb92a8) 
thrown [s\src\hotspot\share\interpreter\linkResolver.cpp, line 804]
Event: 1.058 Thread 0x000001afbb9d7380 Exception <a 'java/lang/NoSuchMethodError'{0x000000043eec9948}: 'void java.lang.invoke.DelegatingMethodHandle$Holder.reinvoke_L(java.lang.Object, java.lang.Object, java.lang.Object, java.lang.Object, java.lang.Object, java.lang.Object, long)'> (0x000000043eec9948) 
thrown [s\src\hotspot\share\interpreter\linkResolver.cpp, line 804]
Event: 1.059 Thread 0x000001af809f76a0 Exception <a 'java/lang/NoSuchMethodError'{0x000000043f7a70e0}: 'void java.lang.invoke.DirectMethodHandle$Holder.invokeStaticInit(java.lang.Object)'> (0x000000043f7a70e0) 
thrown [s\src\hotspot\share\interpreter\linkResolver.cpp, line 804]
Event: 1.059 Thread 0x000001afbb9d7380 Exception <a 'java/lang/NoSuchMethodError'{0x000000043eef4540}: 'void java.lang.invoke.DirectMethodHandle$Holder.invokeSpecial(java.lang.Object, java.lang.Object, java.lang.Object, java.lang.Object, java.lang.Object, long)'> (0x000000043eef4540) 
thrown [s\src\hotspot\share\interpreter\linkResolver.cpp, line 804]
Event: 1.070 Thread 0x000001af80b02fd0 Exception <a 'java/lang/NoSuchMethodError'{0x000000043e0c64f0}: 'java.lang.Object java.lang.invoke.DirectMethodHandle$Holder.invokeSpecialIFC(java.lang.Object, java.lang.Object, java.lang.Object, java.lang.Object)'> (0x000000043e0c64f0) 
thrown [s\src\hotspot\share\interpreter\linkResolver.cpp, line 804]
Event: 1.071 Thread 0x000001af80b02fd0 Exception <a 'java/lang/NoSuchMethodError'{0x000000043e0d6d58}: 'java.lang.Object java.lang.invoke.DirectMethodHandle$Holder.invokeVirtual(java.lang.Object, java.lang.Object, java.lang.Object, java.lang.Object)'> (0x000000043e0d6d58) 
thrown [s\src\hotspot\share\interpreter\linkResolver.cpp, line 804]
Event: 1.072 Thread 0x000001af80b02fd0 Exception <a 'java/lang/NoSuchMethodError'{0x000000043e0e7650}: 'void java.lang.invoke.DirectMethodHandle$Holder.invokeStatic(java.lang.Object, java.lang.Object, java.lang.Object, java.lang.Object)'> (0x000000043e0e7650) 
thrown [s\src\hotspot\share\interpreter\linkResolver.cpp, line 804]
Event: 1.107 Thread 0x000001af80b02fd0 Exception <a 'java/lang/NoSuchMethodError'{0x000000043e153fd0}: 'java.lang.Object java.lang.invoke.DirectMethodHandle$Holder.invokeInterface(java.lang.Object, java.lang.Object, java.lang.Object, java.lang.Object)'> (0x000000043e153fd0) 
thrown [s\src\hotspot\share\interpreter\linkResolver.cpp, line 804]
Event: 1.129 Thread 0x000001af80b02fd0 Exception <a 'java/lang/NoSuchMethodError'{0x000000043e2f21c0}: 'java.lang.Object java.lang.invoke.DirectMethodHandle$Holder.newInvokeSpecial(java.lang.Object, java.lang.Object, java.lang.Object, int)'> (0x000000043e2f21c0) 
thrown [s\src\hotspot\share\interpreter\linkResolver.cpp, line 804]
Event: 1.130 Thread 0x000001af80b02fd0 Exception <a 'java/lang/NoSuchMethodError'{0x000000043e2fadf8}: 'java.lang.Object java.lang.invoke.Invokers$Holder.linkToTargetMethod(java.lang.Object, java.lang.Object, int, java.lang.Object)'> (0x000000043e2fadf8) 
thrown [s\src\hotspot\share\interpreter\linkResolver.cpp, line 804]
Event: 1.914 Thread 0x000001af80b02fd0 Exception <a 'java/lang/NoSuchMethodError'{0x000000043e321ad8}: 'int java.lang.invoke.DirectMethodHandle$Holder.invokeStatic(java.lang.Object)'> (0x000000043e321ad8) 
thrown [s\src\hotspot\share\interpreter\linkResolver.cpp, line 804]
Event: 1.914 Thread 0x000001af820f57f0 Exception <a 'java/lang/NoSuchMethodError'{0x000000043e3dfae0}: 'int java.lang.invoke.DirectMethodHandle$Holder.invokeStatic(java.lang.Object)'> (0x000000043e3dfae0) 
thrown [s\src\hotspot\share\interpreter\linkResolver.cpp, line 804]

VM Operations (20 events):
Event: 2.716 Executing safepoint VM operation: get/set locals
Event: 2.716 Executing safepoint VM operation: get/set locals done
Event: 2.717 Executing safepoint VM operation: get/set locals
Event: 2.717 Executing safepoint VM operation: get/set locals done
Event: 2.717 Executing safepoint VM operation: get/set locals
Event: 2.717 Executing safepoint VM operation: get/set locals done
Event: 2.717 Executing safepoint VM operation: get/set locals
Event: 2.717 Executing safepoint VM operation: get/set locals done
Event: 2.718 Executing safepoint VM operation: get/set locals
Event: 2.718 Executing safepoint VM operation: get/set locals done
Event: 2.718 Executing safepoint VM operation: get/set locals
Event: 2.718 Executing safepoint VM operation: get/set locals done
Event: 6.414 Executing safepoint VM operation: ChangeSingleStep
Event: 6.414 Executing safepoint VM operation: ChangeSingleStep done
Event: 6.417 Executing safepoint VM operation: ChangeSingleStep
Event: 6.417 Executing safepoint VM operation: ChangeSingleStep done
Event: 6.418 Executing safepoint VM operation: get/set locals
Event: 6.418 Executing safepoint VM operation: get/set locals done
Event: 6.556 Executing safepoint VM operation: get receiver
Event: 6.556 Executing safepoint VM operation: get receiver done

Memory protections (0 events):
No events

Nmethod flushes (0 events):
No events

Events (20 events):
Event: 0.030 Thread 0x000001afbb9d7380 Thread added: 0x000001aff000db40
Event: 0.030 Thread 0x000001afbb9d7380 Thread added: 0x000001aff0011790
Event: 0.030 Thread 0x000001afbb9d7380 Thread added: 0x000001aff001eb90
Event: 0.030 Thread 0x000001afbb9d7380 Thread added: 0x000001aff00276e0
Event: 0.038 Thread 0x000001aff00276e0 Thread added: 0x000001aff00b52e0
Event: 0.067 Thread 0x000001afbb9d7380 Thread added: 0x000001aff01d41a0
Event: 0.068 Thread 0x000001afbb9d7380 Thread added: 0x000001aff01d4fa0
Event: 0.068 Thread 0x000001aff01d41a0 Thread added: 0x000001aff01d5770
Event: 0.198 Thread 0x000001afbb9d7380 Thread added: 0x000001aff01ed130
Event: 0.320 Thread 0x000001afbb9d7380 Thread added: 0x000001af808a9bd0
Event: 0.341 Thread 0x000001aff00b52e0 Thread added: 0x000001aff0317bb0
Event: 0.471 Thread 0x000001afbb9d7380 Thread added: 0x000001af809a52b0
Event: 0.508 Thread 0x000001afbb9d7380 Thread added: 0x000001af809f76a0
Event: 1.020 Thread 0x000001aff0317bb0 Thread exited: 0x000001aff0317bb0
Event: 1.060 Thread 0x000001af809f76a0 Thread added: 0x000001af80af9f70
Event: 1.061 Thread 0x000001af809f76a0 Thread added: 0x000001af80b02fd0
Event: 1.130 Thread 0x000001aff00276e0 Thread added: 0x000001af80b3d9d0
Event: 1.913 Thread 0x000001af809f76a0 Thread added: 0x000001af820f57f0
Event: 1.914 Thread 0x000001aff00b52e0 Thread exited: 0x000001aff00b52e0
Event: 1.916 Thread 0x000001af80b3d9d0 Thread exited: 0x000001af80b3d9d0


Dynamic libraries:
0x00007ff672cc0000 - 0x00007ff672cce000 	C:\Users\josia\.sdkman\candidates\java\25-graalce\bin\javaw.exe
0x00007fff0c0a0000 - 0x00007fff0c307000 	C:\WINDOWS\SYSTEM32\ntdll.dll
0x00007fff0a850000 - 0x00007fff0a919000 	C:\WINDOWS\System32\KERNEL32.DLL
0x00007fff092b0000 - 0x00007fff0969f000 	C:\WINDOWS\System32\KERNELBASE.dll
0x00007fff099a0000 - 0x00007fff09aeb000 	C:\WINDOWS\System32\ucrtbase.dll
0x00007ffeea0d0000 - 0x00007ffeea0ee000 	C:\Users\josia\.sdkman\candidates\java\25-graalce\bin\VCRUNTIME140.dll
0x00007ffeea1a0000 - 0x00007ffeea1b7000 	C:\Users\josia\.sdkman\candidates\java\25-graalce\bin\jli.dll
0x00007fff0b990000 - 0x00007fff0bb55000 	C:\WINDOWS\System32\USER32.dll
0x00007ffef12b0000 - 0x00007ffef1543000 	C:\WINDOWS\WinSxS\amd64_microsoft.windows.common-controls_6595b64144ccf1df_6.0.26100.7309_none_3e05feeae336a044\COMCTL32.dll
0x00007fff09ce0000 - 0x00007fff09d07000 	C:\WINDOWS\System32\win32u.dll
0x00007fff0adb0000 - 0x00007fff0ae59000 	C:\WINDOWS\System32\msvcrt.dll
0x00007fff0af50000 - 0x00007fff0af7b000 	C:\WINDOWS\System32\GDI32.dll
0x00007fff09d10000 - 0x00007fff09e3c000 	C:\WINDOWS\System32\gdi32full.dll
0x00007fff09ba0000 - 0x00007fff09c43000 	C:\WINDOWS\System32\msvcp_win.dll
0x00007fff0bb60000 - 0x00007fff0bb91000 	C:\WINDOWS\System32\IMM32.DLL
0x00007ffeefe70000 - 0x00007ffeefe7c000 	C:\Users\josia\.sdkman\candidates\java\25-graalce\bin\vcruntime140_1.dll
0x00007ffeb90f0000 - 0x00007ffeb917d000 	C:\Users\josia\.sdkman\candidates\java\25-graalce\bin\msvcp140.dll
0x00007ffe6c8b0000 - 0x00007ffe6d7dd000 	C:\Users\josia\.sdkman\candidates\java\25-graalce\bin\server\jvm.dll
0x00007fff0a710000 - 0x00007fff0a7c4000 	C:\WINDOWS\System32\ADVAPI32.dll
0x00007fff0bba0000 - 0x00007fff0bc46000 	C:\WINDOWS\System32\sechost.dll
0x00007fff09e50000 - 0x00007fff09f68000 	C:\WINDOWS\System32\RPCRT4.dll
0x00007fff0a7d0000 - 0x00007fff0a844000 	C:\WINDOWS\System32\WS2_32.dll
0x00007fff08ea0000 - 0x00007fff08efe000 	C:\WINDOWS\SYSTEM32\POWRPROF.dll
0x00007ffefb040000 - 0x00007ffefb075000 	C:\WINDOWS\SYSTEM32\WINMM.dll
0x00007fff01d80000 - 0x00007fff01d8b000 	C:\WINDOWS\SYSTEM32\VERSION.dll
0x00007fff08e80000 - 0x00007fff08e94000 	C:\WINDOWS\SYSTEM32\UMPDC.dll
0x00007fff07f60000 - 0x00007fff07f7b000 	C:\WINDOWS\SYSTEM32\kernel.appcore.dll
0x00007ffeebfd0000 - 0x00007ffeebfda000 	C:\Users\josia\.sdkman\candidates\java\25-graalce\bin\jimage.dll
0x00007ffefa380000 - 0x00007ffefa5c2000 	C:\WINDOWS\SYSTEM32\DBGHELP.DLL
0x00007fff0a2e0000 - 0x00007fff0a665000 	C:\WINDOWS\System32\combase.dll
0x00007fff0ae70000 - 0x00007fff0af46000 	C:\WINDOWS\System32\OLEAUT32.dll
0x00007ffee5ae0000 - 0x00007ffee5b1c000 	C:\WINDOWS\SYSTEM32\dbgcore.DLL
0x00007fff09af0000 - 0x00007fff09b95000 	C:\WINDOWS\System32\bcryptPrimitives.dll
0x00007ffed5b70000 - 0x00007ffed5bad000 	C:\Users\josia\.sdkman\candidates\java\25-graalce\bin\jdwp.dll
0x00007ffee9370000 - 0x00007ffee9380000 	C:\Users\josia\.sdkman\candidates\java\25-graalce\bin\instrument.dll
0x00007ffee0ff0000 - 0x00007ffee100f000 	C:\Users\josia\.sdkman\candidates\java\25-graalce\bin\java.dll
0x00007fff0af80000 - 0x00007fff0b117000 	C:\WINDOWS\System32\ole32.dll
0x00007fff0b230000 - 0x00007fff0b983000 	C:\WINDOWS\System32\SHELL32.dll
0x00007fff096b0000 - 0x00007fff0981a000 	C:\WINDOWS\System32\wintypes.dll
0x00007fff06dd0000 - 0x00007fff0762e000 	C:\WINDOWS\SYSTEM32\windows.storage.dll
0x00007fff0be30000 - 0x00007fff0bf25000 	C:\WINDOWS\System32\SHCORE.dll
0x00007fff0bff0000 - 0x00007fff0c056000 	C:\WINDOWS\System32\shlwapi.dll
0x00007fff09110000 - 0x00007fff09139000 	C:\WINDOWS\SYSTEM32\profapi.dll
0x00007ffe566c0000 - 0x00007ffe58a86000 	C:\Users\josia\.sdkman\candidates\java\25-graalce\bin\jvmcicompiler.dll
0x00007fff0bc50000 - 0x00007fff0bc58000 	C:\WINDOWS\System32\PSAPI.DLL
0x00007fff09820000 - 0x00007fff09997000 	C:\WINDOWS\System32\CRYPT32.dll
0x00007fff08560000 - 0x00007fff0858b000 	C:\WINDOWS\SYSTEM32\USERENV.dll
0x00007fff089f0000 - 0x00007fff08a20000 	C:\WINDOWS\SYSTEM32\ncrypt.dll
0x00007fff07950000 - 0x00007fff07984000 	C:\WINDOWS\SYSTEM32\IPHLPAPI.DLL
0x00007fff084b0000 - 0x00007fff0851b000 	C:\WINDOWS\SYSTEM32\MSWSOCK.dll
0x00007fff089a0000 - 0x00007fff089df000 	C:\WINDOWS\SYSTEM32\NTASN1.dll
0x00007ffee8960000 - 0x00007ffee896c000 	C:\Users\josia\.sdkman\candidates\java\25-graalce\bin\dt_socket.dll
0x00007fff07990000 - 0x00007fff07abc000 	C:\WINDOWS\SYSTEM32\DNSAPI.dll
0x00007fff0ae60000 - 0x00007fff0ae6a000 	C:\WINDOWS\System32\NSI.dll
0x00007fff022d0000 - 0x00007fff022db000 	C:\Windows\System32\rasadhlp.dll
0x00007fff00f10000 - 0x00007fff00f96000 	C:\WINDOWS\System32\fwpuclnt.dll
0x00007ffedf940000 - 0x00007ffedf957000 	C:\Users\josia\.sdkman\candidates\java\25-graalce\bin\zip.dll
0x00007ffee1550000 - 0x00007ffee1562000 	C:\Users\josia\.sdkman\candidates\java\25-graalce\bin\net.dll
0x00007ffee0450000 - 0x00007ffee0466000 	C:\Users\josia\.sdkman\candidates\java\25-graalce\bin\nio.dll
0x00007ffee5df0000 - 0x00007ffee5e00000 	C:\Users\josia\.sdkman\candidates\java\25-graalce\bin\verify.dll
0x00007ffee5de0000 - 0x00007ffee5de9000 	C:\Users\josia\.sdkman\candidates\java\25-graalce\bin\extnet.dll
0x00007ffee5c70000 - 0x00007ffee5c7e000 	C:\Users\josia\.sdkman\candidates\java\25-graalce\bin\sunmscapi.dll
0x00007ffeea660000 - 0x00007ffeea668000 	C:\WINDOWS\system32\wshunix.dll
0x00007fff088a0000 - 0x00007fff088bb000 	C:\WINDOWS\SYSTEM32\CRYPTSP.dll
0x00007fff07ec0000 - 0x00007fff07efa000 	C:\WINDOWS\system32\rsaenh.dll
0x00007fff090e0000 - 0x00007fff0910a000 	C:\WINDOWS\SYSTEM32\bcrypt.dll
0x00007fff08700000 - 0x00007fff0870c000 	C:\WINDOWS\SYSTEM32\CRYPTBASE.dll
0x00007ffeb91a0000 - 0x00007ffeb91d9000 	E:\Dev\Avaje\avaje-webview\examples\hello-world-jex\webview.dll
0x00007ffebf6d0000 - 0x00007ffebf6f8000 	C:\Program Files (x86)\Windows Kits\10\Windows Performance Toolkit\WebView2Loader.dll
0x00007fff06470000 - 0x00007fff0651b000 	C:\WINDOWS\system32\uxtheme.dll
0x00007fff06820000 - 0x00007fff06850000 	C:\WINDOWS\SYSTEM32\dwmapi.dll
0x00007fff0a150000 - 0x00007fff0a2ae000 	C:\WINDOWS\System32\MSCTF.dll
0x00007ffee0ea0000 - 0x00007ffee0fe8000 	C:\WINDOWS\SYSTEM32\textinputframework.dll
0x00007fff05e50000 - 0x00007fff05f77000 	C:\WINDOWS\SYSTEM32\CoreMessaging.dll
0x00007fff02530000 - 0x00007fff02812000 	C:\WINDOWS\SYSTEM32\CoreUIComponents.dll
0x00007ffed2840000 - 0x00007ffed2de2000 	C:\Program Files (x86)\Microsoft\EdgeWebView\Application\143.0.3650.96\EBWebView\x64\EmbeddedBrowserWebView.dll
0x00007fff04260000 - 0x00007fff04363000 	C:\WINDOWS\SYSTEM32\PROPSYS.dll
0x00007fff0bf30000 - 0x00007fff0bfe0000 	C:\WINDOWS\System32\clbcatq.dll
0x00007ffee4350000 - 0x00007ffee4379000 	C:\WINDOWS\system32\edputil.dll
0x00007fff06260000 - 0x00007fff062ff000 	C:\WINDOWS\system32\apphelp.dll

JVMTI agents:
jdwp path:C:\Users\josia\.sdkman\candidates\java\25-graalce\bin\jdwp.dll, loaded, initialized, options:transport=dt_socket,suspend=y,address=localhost:49747
C:\Users\josia\eclipse\java-2025-09\eclipse\configuration\org.eclipse.osgi\772\0\.cp\lib\javaagent-shaded.jar path:C:\Users\josia\.sdkman\candidates\java\25-graalce\bin\instrument.dll, loaded, initialized, instrumentlib options:none

dbghelp: loaded successfully - version: 4.0.5 - missing functions: none
symbol engine: initialized successfully - sym options: 0x614 - pdb path: .;C:\Users\josia\.sdkman\candidates\java\25-graalce\bin;C:\WINDOWS\SYSTEM32;C:\WINDOWS\WinSxS\amd64_microsoft.windows.common-controls_6595b64144ccf1df_6.0.26100.7309_none_3e05feeae336a044;C:\Users\josia\.sdkman\candidates\java\25-graalce\bin\server;E:\Dev\Avaje\avaje-webview\examples\hello-world-jex;C:\Program Files (x86)\Windows Kits\10\Windows Performance Toolkit;C:\Program Files (x86)\Microsoft\EdgeWebView\Application\143.0.3650.96\EBWebView\x64

VM Arguments:
jvm_args: -XX:ThreadPriorityPolicy=1 -XX:+UnlockExperimentalVMOptions -XX:+EnableJVMCIProduct -XX:+EnableJVMCI -XX:-UnlockExperimentalVMOptions -XX:+ShowCodeDetailsInExceptionMessages -agentlib:jdwp=transport=dt_socket,suspend=y,address=localhost:49747 -javaagent:C:\Users\josia\eclipse\java-2025-09\eclipse\configuration\org.eclipse.osgi\772\0\.cp\lib\javaagent-shaded.jar -Dfile.encoding=UTF-8 -Dstdout.encoding=UTF-8 -Dstderr.encoding=UTF-8 
java_command: example.Main
java_class_path (initial): E:\Dev\Avaje\avaje-webview\examples\hello-world-jex\target\classes;E:\Dev\Avaje\avaje-webview\avaje-webview\target\classes;C:\Users\josia\.m2\repository\org\jspecify\jspecify\1.0.0\jspecify-1.0.0.jar;C:\Users\josia\.m2\repository\io\avaje\avaje-jex-static-content\3.3\avaje-jex-static-content-3.3.jar;C:\Users\josia\.m2\repository\io\avaje\avaje-jex\3.3\avaje-jex-3.3.jar;C:\Users\josia\.m2\repository\io\avaje\avaje-applog\1.2\avaje-applog-1.2.jar
Launcher Type: SUN_STANDARD

[Global flags]
     intx CICompilerCount                          = 4                                         {product} {ergonomic}
     uint ConcGCThreads                            = 3                                         {product} {ergonomic}
     bool EagerJVMCI                               = true                                {JVMCI product} {ergonomic}
     bool EnableJVMCI                              = true                                {JVMCI product} {jimage}
     bool EnableJVMCIProduct                       = true                                {JVMCI product} {jimage}
     uint G1ConcRefinementThreads                  = 10                                        {product} {ergonomic}
   size_t G1HeapRegionSize                         = 8388608                                   {product} {ergonomic}
   size_t InitialHeapSize                          = 1073741824                                {product} {ergonomic}
   size_t MarkStackSize                            = 4194304                                   {product} {ergonomic}
   size_t MarkStackSizeMax                         = 536870912                                 {product} {ergonomic}
   size_t MaxHeapSize                              = 17171480576                               {product} {ergonomic}
   size_t MaxNewSize                               = 10301210624                               {product} {ergonomic}
   size_t MinHeapDeltaBytes                        = 8388608                                   {product} {ergonomic}
   size_t MinHeapSize                              = 8388608                                   {product} {ergonomic}
    uintx NonNMethodCodeHeapSize                   = 6356992                                {pd product} {ergonomic}
    uintx NonProfiledCodeHeapSize                  = 122683392                              {pd product} {ergonomic}
    uintx ProfiledCodeHeapSize                     = 122617856                              {pd product} {ergonomic}
    uintx ReservedCodeCacheSize                    = 251658240                              {pd product} {ergonomic}
     bool SegmentedCodeCache                       = true                                      {product} {ergonomic}
     bool ShowCodeDetailsInExceptionMessages       = true                                   {manageable} {command line}
   size_t SoftMaxHeapSize                          = 17171480576                            {manageable} {ergonomic}
      int ThreadPriorityPolicy                     = 1                                         {product} {jimage}
     bool UseCompressedOops                        = true                           {product lp64_product} {ergonomic}
     bool UseG1GC                                  = true                                      {product} {ergonomic}
     bool UseLargePagesIndividualAllocation        = false                                  {pd product} {ergonomic}

Logging:
Log output configuration:
 #0: stdout all=warning uptime,level,tags foldmultilines=false
 #1: stderr all=off uptime,level,tags foldmultilines=false

Release file:
IMPLEMENTOR="GraalVM Community" 
JAVA_RUNTIME_VERSION="25+37-jvmci-b01" 
JAVA_VERSION="25" 
JAVA_VERSION_DATE="2025-09-16" 
LIBC="default" 
MODULES="java.base java.logging jdk.internal.vm.ci org.graalvm.collections java.management jdk.management jdk.unsupported org.graalvm.truffle.compiler org.graalvm.word jdk.graal.compiler com.oracle.graal.graal_enterprise org.graalvm.nativeimage com.oracle.svm.enterprise.truffle com.oracle.svm.extraimage_enterprise com.oracle.svm.svm_enterprise com.oracle.svm_enterprise.ml_dataset com.oracle.truffle.enterprise.svm java.compiler java.datatransfer java.xml java.prefs java.desktop java.instrument java.security.sasl java.naming java.rmi java.management.rmi java.net.http java.scripting java.security.jgss java.transaction.xa java.sql java.sql.rowset java.xml.crypto java.se java.smartcardio jdk.accessibility jdk.internal.jvmstat jdk.attach jdk.charsets jdk.internal.opt jdk.zipfs jdk.compiler jdk.crypto.cryptoki jdk.crypto.ec jdk.crypto.mscapi jdk.dynalink jdk.internal.ed jdk.editpad jdk.graal.compiler.management jdk.hotspot.agent jdk.httpserver jdk.incubator.vector jdk.internal.le jdk.internal.md jdk.jartool jdk.javadoc jdk.jcmd jdk.management.agent jdk.jconsole jdk.jdeps jdk.jdwp.agent jdk.jdi jdk.jfr jdk.jlink jdk.jpackage jdk.jshell jdk.jsobject jdk.jstatd jdk.localedata jdk.management.jfr jdk.naming.dns jdk.naming.rmi jdk.net jdk.nio.mapmode jdk.sctp jdk.security.auth jdk.security.jgss jdk.unsupported.desktop jdk.xml.dom org.graalvm.extraimage.builder org.graalvm.extraimage.librarysupport org.graalvm.nativeimage.libgraal org.graalvm.nativeimage.llvm org.graalvm.webimage.api" 
OS_ARCH="x86_64" 
OS_NAME="Windows" 
SOURCE=".:git:6dc8bf37a45e+ labsjdk-builder:5742fd480d0e3323ee14d199f6d3e3fcbeef04c1 compiler:082f26e36e8b0740f9d4805ad97087a707de25d9 espresso-shared:082f26e36e8b0740f9d4805ad97087a707de25d9 regex:082f26e36e8b0740f9d4805ad97087a707de25d9 sdk:082f26e36e8b0740f9d4805ad97087a707de25d9 substratevm:082f26e36e8b0740f9d4805ad970
Environment Variables:
JAVA_HOME=C:\Users\josia\.sdkman\candidates\java\25-graalce
PATH=C:/Users/josia/.p2/pool/plugins/org.eclipse.justj.openjdk.hotspot.jre.full.win32.x86_64_25.0.1.v20251108-1451/jre/bin/server;C:/Users/josia/.p2/pool/plugins/org.eclipse.justj.openjdk.hotspot.jre.full.win32.x86_64_25.0.1.v20251108-1451/jre/bin;C:\Users\josia\.sdkman\candidates\java\25-graalce\bin;C:\Python313\Scripts\;C:\Python313\;C:\WINDOWS\system32;C:\WINDOWS;C:\WINDOWS\System32\Wbem;C:\WINDOWS\System32\WindowsPowerShell\v1.0\;C:\WINDOWS\System32\OpenSSH\;C:\Program Files\Git\cmd;C:\Program Files (x86)\NVIDIA Corporation\PhysX\Common;C:\ProgramData\chocolatey\bin;C:\Program Files\nodejs\;C:\Program Files\Docker\Docker\resources\bin;C:\Program Files (x86)\gnupg\bin;C:\Program Files\NVIDIA Corporation\NVIDIA App\NvDLISR;C:\Program Files (x86)\Windows Kits\10\Windows Performance Toolkit\;C:\Program Files\Sunshine;C:\Program Files\Sunshine\tools;C:\Program Files\CMake\bin;C:\Program Files\LLVM\bin;C:\Program Files (x86)\LLVM\bin;C:\Users\josia\.cargo\bin;C:\Users\josia\AppData\Local\Microsoft\WindowsApps;C:\Users\josia\AppData\Local\Programs\Microsoft VS Code\bin;C:\Users\josia\AppData\Local\GitHubDesktop\bin;C:\Users\josia\AppData\Roaming\npm;C:\Users\josia\.fly\bin;C:\Users\josia\AppData\Local\Voidstar\FilePilot;C:\Program Files\JetBrains\IntelliJ IDEA 2025.3.1\bin;C:\Users\josia\eclipse\java-2025-09\eclipse;
USERNAME=josia
OS=Windows_NT
PROCESSOR_IDENTIFIER=AMD64 Family 23 Model 113 Stepping 0, AuthenticAMD
TMP=C:\Users\josia\AppData\Local\Temp
TEMP=C:\Users\josia\AppData\Local\Temp




Compilation memory statistics disabled.

Periodic native trim disabled

---------------  S Y S T E M  ---------------

OS:
 Windows 11 , 64 bit Build 26100 (10.0.26100.7309)
OS uptime: 10 days 9:46 hours
Hyper-V role detected

CPU: total 12 (initial active 12) (12 cores per cpu, 2 threads per core) family 23 model 113 stepping 0 microcode 0x8701013, cx8, cmov, fxsr, ht, mmx, 3dnowpref, sse, sse2, sse3, ssse3, sse4a, sse4.1, sse4.2, popcnt, lzcnt, tsc, tscinvbit, avx, avx2, aes, clmul, bmi1, bmi2, adx, sha, fma, vzeroupper, clflush, clflushopt, clwb, hv, rdtscp, rdpid, f16c
Processor Information for the first 12 processors :
  Max Mhz: 3600, Current Mhz: 3600, Mhz Limit: 3600

Memory: 4k page, system-wide physical 65488M (39061M free)
TotalPageFile size 69584M (AvailPageFile size 35509M)
current process WorkingSet (physical memory assigned to process): 121M, peak: 167M
current process commit charge ("private bytes"): 1182M, peak: 1239M

vm_info: OpenJDK 64-Bit Server VM (25+37-jvmci-b01) for windows-amd64 JRE (25+37-jvmci-b01), built on 2025-09-01T11:52:59Z with unknown MS VC++:1943

END.
