#
# A fatal error has been detected by the Java Runtime Environment:
#
#  EXCEPTION_ACCESS_VIOLATION (0xc0000005) at pc=0x00007ffeb91af56a, pid=32648, tid=35972
#
# JRE version: OpenJDK Runtime Environment GraalVM CE 25+37.1 (25.0+37) (build 25+37-jvmci-b01)
# Java VM: OpenJDK 64-Bit Server VM GraalVM CE 25+37.1 (25+37-jvmci-b01, mixed mode, sharing, tiered, jvmci, jvmci compiler, compressed oops, compressed class ptrs, g1 gc, windows-amd64)
# Problematic frame:
# C  [webview.dll+0xf56a]
#
# No core dump will be written. Minidumps are not enabled by default on client versions of Windows
#
# If you would like to submit a bug report, please visit:
#   https://github.com/oracle/graal/issues
# The crash happened outside the Java Virtual Machine in native code.
# See problematic frame for where to report the bug.
#

---------------  S U M M A R Y ------------

Command Line: -XX:ThreadPriorityPolicy=1 -XX:+UnlockExperimentalVMOptions -XX:+EnableJVMCIProduct -XX:+EnableJVMCI -XX:-UnlockExperimentalVMOptions -XX:+ShowCodeDetailsInExceptionMessages -agentlib:jdwp=transport=dt_socket,suspend=y,address=localhost:55677 -javaagent:C:\Users\josia\eclipse\java-2025-09\eclipse\configuration\org.eclipse.osgi\772\0\.cp\lib\javaagent-shaded.jar -Dfile.encoding=UTF-8 -Dstdout.encoding=UTF-8 -Dstderr.encoding=UTF-8 example.Main

Host: AMD Ryzen 5 3600 6-Core Processor              , 12 cores, 63G,  Windows 11 , 64 bit Build 26100 (10.0.26100.7309)
Time: Thu Jan  8 19:26:16 2026 Eastern Standard Time elapsed time: 167.132026 seconds (0d 0h 2m 47s)

---------------  T H R E A D  ---------------

Current thread (0x0000021b8a18e0c0):  JavaThread "main"             [_thread_in_native, id=35972, stack(0x0000007433c00000,0x0000007433d00000) (1024K)]

Stack: [0x0000007433c00000,0x0000007433d00000],  sp=0x0000007433cfef08,  free space=1019k
Native frames: (J=compiled Java code, j=interpreted, Vv=VM code, C=native code)
C  [webview.dll+0xf56a]  (no source info available)

Java frames: (J=compiled Java code, j=interpreted, Vv=VM code)
v  ~RuntimeStub::nep_invoker_blob 0x0000021b9b7e5ce8
j  java.lang.invoke.LambdaForm$MH+0x00000000290aa400.invoke(Ljava/lang/Object;JJ)J+10 java.base@25
j  java.lang.invoke.LambdaForm$MH+0x00000000290ac000.invokeExact_MT(Ljava/lang/Object;JJLjava/lang/Object;)J+21 java.base@25
j  jdk.internal.foreign.abi.DowncallStub+0x00000000290aa800.invoke(Ljava/lang/foreign/SegmentAllocator;Ljava/lang/foreign/MemorySegment;Ljava/lang/foreign/MemorySegment;)Ljava/lang/foreign/MemorySegment;+70 java.base@25
j  java.lang.invoke.DirectMethodHandle$Holder.invokeStatic(Ljava/lang/Object;Ljava/lang/Object;Ljava/lang/Object;Ljava/lang/Object;)Ljava/lang/Object;+14 java.base@25
j  java.lang.invoke.LambdaForm$MH+0x00000000290ab800.invoke(Ljava/lang/Object;Ljava/lang/Object;)Ljava/lang/Object;+44 java.base@25
j  java.lang.invoke.Invokers$Holder.invoke_MT(Ljava/lang/Object;Ljava/lang/Object;Ljava/lang/Object;)Ljava/lang/Object;+18 java.base@25
j  io.avaje.webview.WebviewNative$Default.webview_get_window(Ljava/lang/foreign/MemorySegment;)Ljava/lang/foreign/MemorySegment;+25
j  io.avaje.webview.Webview.bringToFront()Lio/avaje/webview/Webview;+20
j  example.Main.main()V+176
v  ~StubRoutines::call_stub 0x0000021b9b6312ed

siginfo: EXCEPTION_ACCESS_VIOLATION (0xc0000005), reading address 0x00000000002722de


Registers:
RAX=0x00000000002722ce, RBX=0x0000021bbb7fe458, RCX=0x00000000002722ce, RDX=0x00007ffeb91a11d0
RSP=0x0000007433cfef08, RBP=0x0000007433cfef60, RSI=0x0000000000000000, RDI=0x00000000282050d8
R8 =0x00000000002722ce, R9 =0x000000043ef90e88, R10=0x00007ffeb91a11d0, R11=0x0000021b9bcb1580
R12=0x0000000000000000, R13=0x0000007433cfef78, R14=0x0000007433cff020, R15=0x0000021b8a18e0c0
RIP=0x00007ffeb91af56a, EFLAGS=0x0000000000010202

XMM[0]=0x0000000000000000 0x0000000000000000
XMM[1]=0x0000000000000000 0x0000007433cfef38
XMM[2]=0x0000000000000000 0x0000021b9b638408
XMM[3]=0x0000021b9b64ec24 0x0000007433cfef38
XMM[4]=0x0000000000000000 0x0000000000000000
XMM[5]=0x0000000000000000 0x0000000000000000
XMM[6]=0x0000000000000000 0xdf07b38f9e4d4149
XMM[7]=0x0000000000000000 0xa1580256f560110e
XMM[8]=0x0000000000000000 0xd7a4c30d01bbcd47
XMM[9]=0x0000000000000000 0xe41ddbd4a7899f2b
XMM[10]=0x0000000000000000 0x00000000c36bc357
XMM[11]=0x0000000000000000 0xab32ead152bc89fc
XMM[12]=0x0000000000000000 0x00000000a7899f2b
XMM[13]=0x0000000000000000 0x0000000000000000
XMM[14]=0x0000000000000000 0x0000000000000000
XMM[15]=0x0000000000000000 0x0000000000000000
  MXCSR=0x00001fa0


Register to memory mapping:

RAX=0x00000000002722ce is an unknown value
RBX={method} {0x0000021bbb7fe460} 'linkToNative' '(JJLjava/lang/Object;)J' in 'java/lang/invoke/MethodHandle'
RCX=0x00000000002722ce is an unknown value
RDX=0x00007ffeb91a11d0 webview.dll
RSP=0x0000007433cfef08 is pointing into the stack for thread: 0x0000021b8a18e0c0
RBP=0x0000007433cfef60 is pointing into the stack for thread: 0x0000021b8a18e0c0
RSI=0x0 is null
RDI=0x00000000282050d8 is a pointer to class: 
java.lang.invoke.DirectMethodHandle {0x00000000282050e0}
 - instance size:     5
 - klass size:        117
 - access:            synchronized 
 - flags:             rewritten has_nonstatic_fields defined_by_boot_loader has_localvariable_table has_resolved_methods 
 - state:             fully_initialized
 - name:              'java/lang/invoke/DirectMethodHandle'
 - super:             'java/lang/invoke/MethodHandle'
 - sub:               'java/lang/invoke/DirectMethodHandle$Special'   'java/lang/invoke/DirectMethodHandle$Interface'   'java/lang/invoke/DirectMethodHandle$Constructor'   'java/lang/invoke/DirectMethodHandle$Accessor'   (0 more klasses...)
 - arrays:            null
 - methods:           Array<T>(0x000000002882aac0)
 - method ordering:   Array<T>(0x00000000286bf500)
 - local interfaces:  Array<T>(0x00000000286a6790)
 - trans. interfaces: Array<T>(0x0000000028812928)
 - secondary supers: Array<T>(0x0000000028812928)
 - hash_slot:         44
 - secondary bitmap: 0x8000000000000000
 - constants:         constant pool [929] {0x00000000288288d0} for 'java/lang/invoke/DirectMethodHandle' cache=0x00000000282054d8
 - class loader data:  loader data: 0x0000021bb782ae00 of 'bootstrap'
 - source file:       'DirectMethodHandle.java'
 - field annotations:       Array<T>(0x000000002882a9b8)
 - inner classes:     Array<T>(0x00000000286bef58)
 - nest members:     Array<T>(0x00000000286bf710)
 - permitted subclasses:     Array<T>(0x00000000286bf728)
 - java mirror:       a 'java/lang/Class'{0x00000007ff895238} = 'java/lang/invoke/DirectMethodHandle'
 - vtable length      52  (start addr: 0x00000000282052b0)
 - itable length      5 (start addr: 0x0000000028205450)
 - ---- static fields (8 words):
 - private static final 'IMPL_NAMES' 'Ljava/lang/invoke/MemberName$Factory;' @120 
 - static final 'AF_GETFIELD' 'B' @156 
 - static final 'AF_PUTFIELD' 'B' @157 
 - static final 'AF_GETSTATIC' 'B' @158 
 - static final 'AF_PUTSTATIC' 'B' @159 
 - static final 'AF_GETSTATIC_INIT' 'B' @160 
 - static final 'AF_PUTSTATIC_INIT' 'B' @161 
 - static final 'AF_LIMIT' 'B' @162 
 - static final 'FT_UNCHECKED_REF' 'I' @144 
 - static final 'FT_CHECKED_REF' 'I' @148 
 - static final 'FT_LIMIT' 'I' @152 
 - private static final 'ACCESSOR_FORMS' '[Ljava/lang/invoke/LambdaForm;' @124 
 - private static final 'ALL_WRAPPERS' '[Lsun/invoke/util/Wrapper;' @128 
 - static final 'NF_internalMemberName' 'B' @163 
 - static final 'NF_internalMemberNameEnsureInit' 'B' @164 
 - static final 'NF_ensureInitialized' 'B' @165 
 - static final 'NF_fieldOffset' 'B' @166 
 - static final 'NF_checkBase' 'B' @167 
 - static final 'NF_staticBase' 'B' @168 
 - static final 'NF_staticOffset' 'B' @169 
 - static final 'NF_checkCast' 'B' @170 
 - static final 'NF_allocateInstance' 'B' @171 
 - static final 'NF_constructorMethod' 'B' @172 
 - static final 'NF_UNSAFE' 'B' @173 
 - static final 'NF_checkReceiver' 'B' @174 
 - static final 'NF_LIMIT' 'B' @175 
 - private static final 'NFS' '[Ljava/lang/invoke/LambdaForm$NamedFunction;' @132 
 - private static final 'OBJ_OBJ_TYPE' 'Ljava/lang/invoke/MethodType;' @136 
 - private static final 'LONG_OBJ_TYPE' 'Ljava/lang/invoke/MethodType;' @140 
 - static final synthetic '$assertionsDisabled' 'Z' @176 
 - ---- non-static fields (6 words):
 - private 'customizationCount' 'B' @12 
 - private volatile 'updateInProgress' 'Z' @13 
 - private final 'type' 'Ljava/lang/invoke/MethodType;' @16 
 - final 'form' 'Ljava/lang/invoke/LambdaForm;' @20 
 - private 'asTypeCache' 'Ljava/lang/invoke/MethodHandle;' @24 
 - private 'asTypeSoftCache' 'Ljava/lang/ref/SoftReference;' @28 
 - final 'crackable' 'Z' @14 
 - final 'member' 'Ljava/lang/invoke/MemberName;' @32 
 - non-static oop maps (1 entries): 16-32 
 - ---- field info search table:
   [0] #75,#76 = $assertionsDisabled:Z @ 00000000284E5258,00000000284D6760
   [2] #82,#83 = member:Ljava/lang/invoke/MemberName; @ 00000000284FAF58,00000000284D2630
   [4] #86,#76 = crackable:Z @ 00000000284FAF68,00000000284D6760
   [6] #348,#349 = IMPL_NAMES:Ljava/lang/invoke/MemberName$Factory; @ 00000000284FBC00,00000000284FBC10
   [8] #506,#473 = FT_UNCHECKED_REF:I @ 00000000284FC2A8,00000000284D6748
   [10] #509,#473 = FT_CHECKED_REF:I @ 00000000284FC2C0,00000000284D6748
   [12] #529,#530 = ACCESSOR_FORMS:[Ljava/lang/invoke/LambdaForm; @ 00000000284FC368,00000000284FC380
   [14] #654,#655 = ALL_WRAPPERS:[Lsun/invoke/util/Wrapper; @ 00000000284FC830,00000000284FC848
   [16] #699,#700 = NFS:[Ljava/lang/invoke/LambdaForm$NamedFunction; @ 00000000284FCAB8,00000000284FCAC8
   [18] #713,#714 = OBJ_OBJ_TYPE:Ljava/lang/invoke/MethodType; @ 00000000284FCBA0,00000000284D25D8
   [20] #725,#714 = LONG_OBJ_TYPE:Ljava/lang/invoke/MethodType; @ 00000000284FCC60,00000000284D25D8
   [22] #765,#766 = AF_GETFIELD:B @ 00000000284FCDC0,00000000284D6728
   [24] #769,#766 = AF_PUTFIELD:B @ 00000000284FCDD8,00000000284D6728
   [26] #771,#766 = AF_GETSTATIC:B @ 00000000284FCDF0,00000000284D6728
   [28] #773,#766 = AF_PUTSTATIC:B @ 00000000284FCE08,00000000284D6728
   [30] #775,#766 = AF_GETSTATIC_INIT:B @ 00000000284FCE20,00000000284D6728
   [32] #777,#766 = AF_PUTSTATIC_INIT:B @ 00000000284FCE38,00000000284D6728
   [34] #779,#766 = AF_LIMIT:B @ 00000000284FCE50,00000000284D6728
   [36] #781,#473 = FT_LIMIT:I @ 00000000284FCE60,00000000284D6748
   [38] #785,#766 = NF_internalMemberName:B @ 00000000284FCE70,00000000284D6728
   [40] #786,#766 = NF_internalMemberNameEnsureInit:B @ 00000000284FCE90,00000000284D6728
   [42] #787,#766 = NF_ensureInitialized:B @ 00000000284FCEB8,00000000284D6728
   [44] #788,#766 = NF_fieldOffset:B @ 00000000284FCED8,00000000284D6728
   [46] #789,#766 = NF_checkBase:B @ 00000000284FCEF0,00000000284D6728
   [48] #790,#766 = NF_staticBase:B @ 00000000284FCF08,00000000284D6728
   [50] #791,#766 = NF_staticOffset:B @ 00000000284FCF20,00000000284D6728
   [52] #792,#766 = NF_checkCast:B @ 00000000284FCF38,00000000284D6728
   [54] #794,#766 = NF_allocateInstance:B @ 00000000284FCF50,00000000284D6728
   [56] #796,#766 = NF_constructorMethod:B @ 00000000284FCF70,00000000284D6728
   [58] #798,#766 = NF_UNSAFE:B @ 00000000284FCF90,00000000284D6728
   [60] #799,#766 = NF_checkReceiver:B @ 00000000284FCFA0,00000000284D6728
   [62] #801,#766 = NF_LIMIT:B @ 00000000284FCFB8,00000000284D6728
R8 =0x00000000002722ce is an unknown value
R9 =0x000000043ef90e88 is an oop: jdk.internal.foreign.abi.NativeEntryPoint 
{0x000000043ef90e88} - klass: 'jdk/internal/foreign/abi/NativeEntryPoint' - flags: 

 - ---- fields (total size 3 words):
 - private final 'methodType' 'Ljava/lang/invoke/MethodType;' @12  a 'java/lang/invoke/MethodType'{0x000000043edc07b0} = (JJ)J (0x87db80f6)
 - private final 'downcallStubAddress' 'J' @16  2317596122336 (0x0000021b9b7e5ce0)
R10=0x00007ffeb91a11d0 webview.dll
R11=0x0000021b9bcb1580 is at entry_point+0 in (nmethod*)0x0000021b9bcb1488
Compiled method (n/a) 167209 1732     n 0       java.lang.invoke.MethodHandle::linkToNative(JJL)J (native)
 total in heap  [0x0000021b9bcb1488,0x0000021b9bcb1588] = 256
 main code      [0x0000021b9bcb1580,0x0000021b9bcb1587] = 7
 stub code      [0x0000021b9bcb1587,0x0000021b9bcb1588] = 1
R12=0x0 is null
R13=0x0000007433cfef78 is pointing into the stack for thread: 0x0000021b8a18e0c0
R14=0x0000007433cff020 is pointing into the stack for thread: 0x0000021b8a18e0c0
R15=0x0000021b8a18e0c0 is a thread

Top of Stack: (sp=0x0000007433cfef08)
0x0000007433cfef08:   00007ffeb91a11e3 00000000002722ce   ........."'.....
0x0000007433cfef18:   0000021bbb5f6cf0 0000007433cfefa0   .l_........3t...
0x0000007433cfef28:   0000021b9b63ec87 0000021b9b64ec24   ..c.....$.d.....
0x0000007433cfef38:   0000021b9b7e5d1e 00000000002722ce   .]~......"'.....
0x0000007433cfef48:   0000021bbb5f6ccf 0000000000000002   .l_.............
0x0000007433cfef58:   0000021bbb5f72d0 0000007433cfefe8   .r_........3t...
0x0000007433cfef68:   0000021b9b639661 0000021b9b639661   a.c.....a.c.....
0x0000007433cfef78:   000000043ef90e88 00000000002722ce   ...>....."'.....
0x0000007433cfef88:   0000000000000000 00007ffeb91a11d0   ................
0x0000007433cfef98:   0000000000000000 fffffffffffffff7   ................
0x0000007433cfefa8:   0000021bbb688e52 0000000000000007   R.h.............
0x0000007433cfefb8:   0000021bbb688fb8 0000000000000000   ..h.............
0x0000007433cfefc8:   000000043ef98788 0000021bbb688e60   ...>....`.h.....
0x0000007433cfefd8:   fffffffffffffff2 0000007433cff000   ...........3t...
0x0000007433cfefe8:   0000007433cff070 0000021b9b639661   p..3t...a.c.....
0x0000007433cfeff8:   000000043ef90e88 00000000002722ce   ...>....."'.....
0x0000007433cff008:   0000000000000000 00007ffeb91a11d0   ................
0x0000007433cff018:   0000000000000000 000000043ef988b8   ...........>....
0x0000007433cff028:   fffffffffffffff7 0000021bbb68c69d   ..........h.....
0x0000007433cff038:   0000000000000007 0000021bbb68c888   ..........h.....
0x0000007433cff048:   0000000000000000 000000043efd48f8   .........H.>....
0x0000007433cff058:   0000021bbb68c6b0 fffffffffffffff2   ..h.............
0x0000007433cff068:   0000007433cff080 0000007433cff0f8   ...3t......3t...
0x0000007433cff078:   0000021b9b639661 000000043edc07b0   a.c........>....
0x0000007433cff088:   00000000002722ce 0000000000000000   ."'.............
0x0000007433cff098:   00007ffeb91a11d0 0000000000000000   ................
0x0000007433cff0a8:   000000043ef988b8 fffffffffffffff7   ...>............
0x0000007433cff0b8:   0000021bbb68987e 000000000000000d   ~.h.............
0x0000007433cff0c8:   0000021bbb689a48 0000000000000000   H.h.............
0x0000007433cff0d8:   000000043efa3390 0000021bbb689778   .3.>....x.h.....
0x0000007433cff0e8:   fffffffffffffff1 0000007433cff148   ........H..3t...
0x0000007433cff0f8:   0000007433cff1b0 0000021b9b639873   ...3t...s.c.....

Instructions: (pc=0x00007ffeb91af56a)
  0x00007ffeb91af46a:   24 08 e9 04 ff ff ff 48 8b 44 24 20 0f be 00 83
  0x00007ffeb91af47a:   f8 22 74 07 b8 ff ff ff ff eb 14 48 83 7c 24 30
  0x00007ffeb91af48a:   00 74 08 48 8b 44 24 30 c6 00 00 8b 44 24 08 48
  0x00007ffeb91af49a:   83 c4 18 c3 66 90 1b f4 00 00 15 f4 00 00 0f f4
  0x00007ffeb91af4aa:   00 00 f1 f3 00 00 f7 f3 00 00 fd f3 00 00 03 f4
  0x00007ffeb91af4ba:   00 00 09 f4 00 00 21 f4 00 00 00 08 08 08 08 08
  0x00007ffeb91af4ca:   08 08 08 08 08 08 08 01 08 08 08 08 08 08 08 08
  0x00007ffeb91af4da:   08 08 08 08 08 08 08 08 08 08 08 08 08 08 08 08
  0x00007ffeb91af4ea:   08 08 08 08 08 08 08 08 08 08 08 08 08 08 08 08
  0x00007ffeb91af4fa:   08 08 08 08 02 08 08 08 08 08 03 08 08 08 04 08
  0x00007ffeb91af50a:   08 08 08 08 08 08 05 08 08 08 06 08 07 cc cc cc
  0x00007ffeb91af51a:   cc cc cc cc cc cc 48 89 4c 24 08 48 83 ec 28 48
  0x00007ffeb91af52a:   8b 4c 24 30 e8 0d 96 00 00 48 83 c4 28 c3 cc cc
  0x00007ffeb91af53a:   cc cc cc cc cc cc 48 89 4c 24 08 48 83 ec 28 48
  0x00007ffeb91af54a:   8b 4c 24 30 e8 a9 94 00 00 48 83 c4 28 c3 cc cc
  0x00007ffeb91af55a:   cc cc cc cc cc cc 48 89 4c 24 08 48 8b 44 24 08
=>0x00007ffeb91af56a:   48 8b 40 10 c3 cc 48 89 4c 24 08 48 83 ec 38 48
  0x00007ffeb91af57a:   8b 44 24 40 48 8b c8 e8 9a 36 ff ff 48 89 44 24
  0x00007ffeb91af58a:   28 48 8b 44 24 28 8b 00 89 44 24 20 90 8b 44 24
  0x00007ffeb91af59a:   20 48 83 c4 38 c3 48 89 4c 24 08 48 83 ec 28 48
  0x00007ffeb91af5aa:   8b 4c 24 30 e8 5d d3 ff ff 48 8b c8 ff 15 4c 3b
  0x00007ffeb91af5ba:   01 00 48 83 c4 28 c3 cc cc cc cc cc cc cc cc cc
  0x00007ffeb91af5ca:   cc cc cc cc cc cc 4c 89 44 24 18 48 89 54 24 10
  0x00007ffeb91af5da:   48 89 4c 24 08 48 83 ec 58 48 8b 05 2e 1a 02 00
  0x00007ffeb91af5ea:   48 33 c4 48 89 44 24 48 c7 44 24 24 00 00 00 00
  0x00007ffeb91af5fa:   48 8b 54 24 70 48 8d 4c 24 28 e8 17 79 ff ff 90
  0x00007ffeb91af60a:   48 8d 4c 24 28 e8 bc dd ff ff 0f b6 c0 85 c0 75
  0x00007ffeb91af61a:   44 48 8b 4c 24 70 e8 3b ff ff ff 48 ff c8 48 8b
  0x00007ffeb91af62a:   d0 48 8b 4c 24 70 e8 bb 92 ff ff 0f b7 00 66 89
  0x00007ffeb91af63a:   44 24 20 0f b7 44 24 20 83 f8 5c 74 18 0f b7 44
  0x00007ffeb91af64a:   24 20 83 f8 2f 74 0e 66 ba 5c 00 48 8d 4c 24 28
  0x00007ffeb91af65a:   e8 e1 a0 ff ff 48 8d 15 32 44 01 00 48 8d 4c 24


Stack slot to memory mapping:

stack at sp + 0 slots: 0x00007ffeb91a11e3 webview.dll
stack at sp + 1 slots: 0x00000000002722ce is an unknown value
stack at sp + 2 slots: {method} {0x0000021bbb5f6cf8} 'internalNativeEntryPoint' '(Ljava/lang/Object;)Ljava/lang/Object;' in 'java/lang/invoke/NativeMethodHandle'
stack at sp + 3 slots: 0x0000007433cfefa0 is pointing into the stack for thread: 0x0000021b8a18e0c0
stack at sp + 4 slots: 0x0000021b9b63ec87 is at code_begin+711 in an Interpreter codelet
method entry point (kind = zerolocals)  [0x0000021b9b63e9c0, 0x0000021b9b63ef58]  1432 bytes
stack at sp + 5 slots: 0x0000021b9b64ec24 is at code_begin+1572 in an Interpreter codelet
areturn  176 areturn  [0x0000021b9b64e600, 0x0000021b9b64eda0]  1952 bytes
stack at sp + 6 slots: 0x0000021b9b7e5d1e is at code_begin+62 in 
[CodeBlob kind:6 (0x0000021b9b7e5c88)]
Framesize: 6
Runtime Stub (0x0000021b9b7e5c88): nep_invoker_blob
--------------------------------------------------------------------------------
Decoding CodeBlob, name: nep_invoker_blob, at  [0x0000021b9b7e5ce0, 0x0000021b9b7e5de0]  256 bytes
[MachCode]
  0x0000021b9b7e5ce0: 5548 8bec | 4883 ec20 | c5f8 7749 | 89af 3804 | 0000 49ba | e85c 7e9b | 1b02 0000 | 4d89 9730 
  0x0000021b9b7e5d00: 0400 0049 | 89a7 2804 | 0000 41c7 | 87d4 0400 | 0004 0000 | 004c 8bd2 | 498b c841 | ffd2 c5f8 
  0x0000021b9b7e5d20: 7741 c787 | d404 0000 | 0500 0000 | f083 4424 | c000 493b | 6f28 0f87 | 4d00 0000 | 4183 bfd0 
  0x0000021b9b7e5d40: 0400 0000 | 0f85 3f00 | 0000 41c7 | 87d4 0400 | 0008 0000 | 0041 83bf | 5005 0000 | 020f 8453 
  0x0000021b9b7e5d60: 0000 0049 | c787 2804 | 0000 0000 | 0000 49c7 | 8738 0400 | 0000 0000 | 0049 c787 | 3004 0000 
  0x0000021b9b7e5d80: 0000 0000 | c5f8 77c9 | c348 8904 | 2449 8bcf | c5f8 774c | 8be4 4883 | ec20 4883 | e4f0 48b8 
  0x0000021b9b7e5da0: 90f2 d36c | fe7f 0000 | ffd0 498b | e44d 33e4 | 488b 0424 | eb94 4889 | 0424 c5f8 | 774c 8be4 
  0x0000021b9b7e5dc0: 4883 ec20 | 4883 e4f0 | 48b8 805e | 0d6d fe7f | 0000 ffd0 | 498b e44d | 33e4 488b | 0424 eb83 
[/MachCode]
--------------------------------------------------------------------------------
stack at sp + 7 slots: 0x00000000002722ce is an unknown value

Lock stack of current Java thread (top to bottom):

--------------------------------------------------------------------------------
Decoding CodeBlob, name: nep_invoker_blob, at  [0x0000021b9b7e5ce0, 0x0000021b9b7e5de0]  256 bytes
[MachCode]
  0x0000021b9b7e5ce0: 5548 8bec | 4883 ec20 | c5f8 7749 | 89af 3804 | 0000 49ba | e85c 7e9b | 1b02 0000 | 4d89 9730 
  0x0000021b9b7e5d00: 0400 0049 | 89a7 2804 | 0000 41c7 | 87d4 0400 | 0004 0000 | 004c 8bd2 | 498b c841 | ffd2 c5f8 
  0x0000021b9b7e5d20: 7741 c787 | d404 0000 | 0500 0000 | f083 4424 | c000 493b | 6f28 0f87 | 4d00 0000 | 4183 bfd0 
  0x0000021b9b7e5d40: 0400 0000 | 0f85 3f00 | 0000 41c7 | 87d4 0400 | 0008 0000 | 0041 83bf | 5005 0000 | 020f 8453 
  0x0000021b9b7e5d60: 0000 0049 | c787 2804 | 0000 0000 | 0000 49c7 | 8738 0400 | 0000 0000 | 0049 c787 | 3004 0000 
  0x0000021b9b7e5d80: 0000 0000 | c5f8 77c9 | c348 8904 | 2449 8bcf | c5f8 774c | 8be4 4883 | ec20 4883 | e4f0 48b8 
  0x0000021b9b7e5da0: 90f2 d36c | fe7f 0000 | ffd0 498b | e44d 33e4 | 488b 0424 | eb94 4889 | 0424 c5f8 | 774c 8be4 
  0x0000021b9b7e5dc0: 4883 ec20 | 4883 e4f0 | 48b8 805e | 0d6d fe7f | 0000 ffd0 | 498b e44d | 33e4 488b | 0424 eb83 
[/MachCode]
--------------------------------------------------------------------------------


---------------  P R O C E S S  ---------------

Threads class SMR info:
_java_thread_list=0x0000021b801f3860, length=19, elements={
0x0000021b8a18e0c0, 0x0000021bba420480, 0x0000021bba421c50, 0x0000021bba4266d0,
0x0000021bba427290, 0x0000021bba4281a0, 0x0000021bba428d60, 0x0000021bba43bd40,
0x0000021bba44df50, 0x0000021bba62b4e0, 0x0000021bba631ca0, 0x0000021bba634aa0,
0x0000021bba636690, 0x0000021b800debe0, 0x0000021b80667c40, 0x0000021b806b2420,
0x0000021bba570220, 0x0000021b800f5480, 0x0000021b80120170
}

Java Threads: ( => current thread )
=>0x0000021b8a18e0c0 JavaThread "main"                              [_thread_in_native, id=35972, stack(0x0000007433c00000,0x0000007433d00000) (1024K)]
  0x0000021bba420480 JavaThread "Reference Handler"          daemon [_thread_blocked, id=11436, stack(0x0000007434400000,0x0000007434500000) (1024K)]
  0x0000021bba421c50 JavaThread "Finalizer"                  daemon [_thread_blocked, id=32332, stack(0x0000007434500000,0x0000007434600000) (1024K)]
  0x0000021bba4266d0 JavaThread "Signal Dispatcher"          daemon [_thread_blocked, id=28808, stack(0x0000007434600000,0x0000007434700000) (1024K)]
  0x0000021bba427290 JavaThread "Attach Listener"            daemon [_thread_blocked, id=11636, stack(0x0000007434700000,0x0000007434800000) (1024K)]
  0x0000021bba4281a0 JavaThread "Service Thread"             daemon [_thread_blocked, id=24148, stack(0x0000007434800000,0x0000007434900000) (1024K)]
  0x0000021bba428d60 JavaThread "Monitor Deflation Thread"   daemon [_thread_blocked, id=36732, stack(0x0000007434900000,0x0000007434a00000) (1024K)]
  0x0000021bba43bd40 JavaThread "JVMCI-native CompilerThread0" daemon [_thread_blocked, id=7160, stack(0x0000007434a00000,0x0000007434b00000) (1024K)]
  0x0000021bba44df50 JavaThread "C1 CompilerThread0"         daemon [_thread_blocked, id=24848, stack(0x0000007434b00000,0x0000007434c00000) (1024K)]
  0x0000021bba62b4e0 JavaThread "JDWP Transport Listener: dt_socket" daemon [_thread_blocked, id=10532, stack(0x0000007434e00000,0x0000007434f00000) (1024K)]
  0x0000021bba631ca0 JavaThread "JDWP Event Helper Thread"   daemon [_thread_blocked, id=35752, stack(0x0000007434f00000,0x0000007435000000) (1024K)]
  0x0000021bba634aa0 JavaThread "JDWP Command Reader"        daemon [_thread_in_native, id=33820, stack(0x0000007435000000,0x0000007435100000) (1024K)]
  0x0000021bba636690 JavaThread "Common-Cleaner"             daemon [_thread_blocked, id=33876, stack(0x0000007435100000,0x0000007435200000) (1024K)]
  0x0000021b800debe0 JavaThread "Notification Thread"        daemon [_thread_blocked, id=22560, stack(0x0000007435200000,0x0000007435300000) (1024K)]
  0x0000021b80667c40 JavaThread "idle-timeout-task"          daemon [_thread_blocked, id=17736, stack(0x0000007435300000,0x0000007435400000) (1024K)]
  0x0000021b806b2420 JavaThread "HTTP-Dispatcher"                   [_thread_in_native, id=30060, stack(0x0000007435400000,0x0000007435500000) (1024K)]
  0x0000021bba570220 JavaThread "VirtualThread-unblocker"    daemon [_thread_blocked, id=30796, stack(0x0000007433a00000,0x0000007433b00000) (1024K)]
  0x0000021b800f5480 JavaThread "ForkJoinPool-1-worker-1"    daemon [_thread_blocked, id=16120, stack(0x0000007433b00000,0x0000007433c00000) (1024K)]
  0x0000021b80120170 JavaThread "Webview RunAsync Thread - #686730495"        [_thread_in_native, id=34168, stack(0x0000007435500000,0x0000007435600000) (1024K)]
Total: 19

Other Threads:
  0x0000021bb796c3c0 VMThread "VM Thread"                           [id=31804, stack(0x0000007434300000,0x0000007434400000) (1024K)]
  0x0000021bb795cb10 WatcherThread "VM Periodic Task Thread"        [id=35064, stack(0x0000007434200000,0x0000007434300000) (1024K)]
  0x0000021bb77c0010 WorkerThread "GC Thread#0"                     [id=30176, stack(0x0000007433d00000,0x0000007433e00000) (1024K)]
  0x0000021b8a24b7d0 ConcurrentGCThread "G1 Main Marker"            [id=25304, stack(0x0000007433e00000,0x0000007433f00000) (1024K)]
  0x0000021bb77c9770 WorkerThread "G1 Conc#0"                       [id=34540, stack(0x0000007433f00000,0x0000007434000000) (1024K)]
  0x0000021bb782c790 ConcurrentGCThread "G1 Refine#0"               [id=35336, stack(0x0000007434000000,0x0000007434100000) (1024K)]
  0x0000021bb782d1a0 ConcurrentGCThread "G1 Service"                [id=18200, stack(0x0000007434100000,0x0000007434200000) (1024K)]
Total: 7

Threads with active compile tasks:
Total: 0

VM state: not at safepoint (normal execution)

VM Mutex/Monitor currently owned by a thread: None

Heap address: 0x0000000400800000, size: 16376 MB, Compressed Oops mode: Zero based, Oop shift amount: 3

CDS archive(s) mapped at: [0x0000000028000000-0x0000000028dd0000-0x0000000028dd0000), size 14483456, SharedBaseAddress: 0x0000000028000000, ArchiveRelocationMode: 1.
Compressed class space mapped at: 0x0000000029000000-0x0000000069000000, reserved size: 1073741824
UseCompressedClassPointers 1, UseCompactObjectHeaders 0
Narrow klass pointer bits 32, Max shift 3
Narrow klass base: 0x0000000028000000, Narrow klass shift: 0
Encoding Range: [0x0000000028000000 - 0x0000000128000000), (4294967296 bytes)
Klass Range:    [0x0000000028010000 - 0x0000000069000000), (1090453504 bytes)
Klass ID Range:  [65536 - 1090519033) (1090453497)
Protection zone: [0x0000000028000000 - 0x0000000028010000), (65536 bytes)

GC Precious Log:
 CardTable entry size: 512
 Card Set container configuration: InlinePtr #cards 4 size 8 Array Of Cards #cards 64 size 144 Howl #buckets 8 coarsen threshold 14745 Howl Bitmap #cards 2048 size 272 coarsen threshold 1843 Card regions per heap region 1 cards per card region 16384
 CPUs: 12 total, 12 available
 Memory: 65488M
 Large Page Support: Disabled
 NUMA Support: Disabled
 Compressed Oops: Enabled (Zero based)
 Heap Region Size: 8M
 Heap Min Capacity: 8M
 Heap Initial Capacity: 1G
 Heap Max Capacity: 16376M
 Pre-touch: Disabled
 Parallel Workers: 10
 Concurrent Workers: 3
 Concurrent Refinement Workers: 10
 Periodic GC: Disabled

Heap:
 garbage-first heap   total reserved 16769024K, committed 1056768K, used 25825K [0x0000000400800000, 0x0000000800000000)
  region size 8192K, 5 young (40960K), 0 survivors (0K)

Heap Regions: E=young(eden), S=young(survivor), O=old, HS=humongous(starts), HC=humongous(continues), CS=collection set, F=free, TAMS=top-at-mark-start, PB=parsable bottom
|   0|0x0000000400800000, 0x0000000400800000, 0x0000000401000000|  0%| F|  |TAMS 0x0000000400800000| PB 0x0000000400800000| Untracked |  0
|   1|0x0000000401000000, 0x0000000401000000, 0x0000000401800000|  0%| F|  |TAMS 0x0000000401000000| PB 0x0000000401000000| Untracked |  0
|   2|0x0000000401800000, 0x0000000401800000, 0x0000000402000000|  0%| F|  |TAMS 0x0000000401800000| PB 0x0000000401800000| Untracked |  0
|   3|0x0000000402000000, 0x0000000402000000, 0x0000000402800000|  0%| F|  |TAMS 0x0000000402000000| PB 0x0000000402000000| Untracked |  0
|   4|0x0000000402800000, 0x0000000402800000, 0x0000000403000000|  0%| F|  |TAMS 0x0000000402800000| PB 0x0000000402800000| Untracked |  0
|   5|0x0000000403000000, 0x0000000403000000, 0x0000000403800000|  0%| F|  |TAMS 0x0000000403000000| PB 0x0000000403000000| Untracked |  0
|   6|0x0000000403800000, 0x0000000403800000, 0x0000000404000000|  0%| F|  |TAMS 0x0000000403800000| PB 0x0000000403800000| Untracked |  0
|   7|0x0000000404000000, 0x0000000404000000, 0x0000000404800000|  0%| F|  |TAMS 0x0000000404000000| PB 0x0000000404000000| Untracked |  0
|   8|0x0000000404800000, 0x0000000404800000, 0x0000000405000000|  0%| F|  |TAMS 0x0000000404800000| PB 0x0000000404800000| Untracked |  0
|   9|0x0000000405000000, 0x0000000405000000, 0x0000000405800000|  0%| F|  |TAMS 0x0000000405000000| PB 0x0000000405000000| Untracked |  0
|  10|0x0000000405800000, 0x0000000405800000, 0x0000000406000000|  0%| F|  |TAMS 0x0000000405800000| PB 0x0000000405800000| Untracked |  0
|  11|0x0000000406000000, 0x0000000406000000, 0x0000000406800000|  0%| F|  |TAMS 0x0000000406000000| PB 0x0000000406000000| Untracked |  0
|  12|0x0000000406800000, 0x0000000406800000, 0x0000000407000000|  0%| F|  |TAMS 0x0000000406800000| PB 0x0000000406800000| Untracked |  0
|  13|0x0000000407000000, 0x0000000407000000, 0x0000000407800000|  0%| F|  |TAMS 0x0000000407000000| PB 0x0000000407000000| Untracked |  0
|  14|0x0000000407800000, 0x0000000407800000, 0x0000000408000000|  0%| F|  |TAMS 0x0000000407800000| PB 0x0000000407800000| Untracked |  0
|  15|0x0000000408000000, 0x0000000408000000, 0x0000000408800000|  0%| F|  |TAMS 0x0000000408000000| PB 0x0000000408000000| Untracked |  0
|  16|0x0000000408800000, 0x0000000408800000, 0x0000000409000000|  0%| F|  |TAMS 0x0000000408800000| PB 0x0000000408800000| Untracked |  0
|  17|0x0000000409000000, 0x0000000409000000, 0x0000000409800000|  0%| F|  |TAMS 0x0000000409000000| PB 0x0000000409000000| Untracked |  0
|  18|0x0000000409800000, 0x0000000409800000, 0x000000040a000000|  0%| F|  |TAMS 0x0000000409800000| PB 0x0000000409800000| Untracked |  0
|  19|0x000000040a000000, 0x000000040a000000, 0x000000040a800000|  0%| F|  |TAMS 0x000000040a000000| PB 0x000000040a000000| Untracked |  0
|  20|0x000000040a800000, 0x000000040a800000, 0x000000040b000000|  0%| F|  |TAMS 0x000000040a800000| PB 0x000000040a800000| Untracked |  0
|  21|0x000000040b000000, 0x000000040b000000, 0x000000040b800000|  0%| F|  |TAMS 0x000000040b000000| PB 0x000000040b000000| Untracked |  0
|  22|0x000000040b800000, 0x000000040b800000, 0x000000040c000000|  0%| F|  |TAMS 0x000000040b800000| PB 0x000000040b800000| Untracked |  0
|  23|0x000000040c000000, 0x000000040c000000, 0x000000040c800000|  0%| F|  |TAMS 0x000000040c000000| PB 0x000000040c000000| Untracked |  0
|  24|0x000000040c800000, 0x000000040c800000, 0x000000040d000000|  0%| F|  |TAMS 0x000000040c800000| PB 0x000000040c800000| Untracked |  0
|  25|0x000000040d000000, 0x000000040d000000, 0x000000040d800000|  0%| F|  |TAMS 0x000000040d000000| PB 0x000000040d000000| Untracked |  0
|  26|0x000000040d800000, 0x000000040d800000, 0x000000040e000000|  0%| F|  |TAMS 0x000000040d800000| PB 0x000000040d800000| Untracked |  0
|  27|0x000000040e000000, 0x000000040e000000, 0x000000040e800000|  0%| F|  |TAMS 0x000000040e000000| PB 0x000000040e000000| Untracked |  0
|  28|0x000000040e800000, 0x000000040e800000, 0x000000040f000000|  0%| F|  |TAMS 0x000000040e800000| PB 0x000000040e800000| Untracked |  0
|  29|0x000000040f000000, 0x000000040f000000, 0x000000040f800000|  0%| F|  |TAMS 0x000000040f000000| PB 0x000000040f000000| Untracked |  0
|  30|0x000000040f800000, 0x000000040f800000, 0x0000000410000000|  0%| F|  |TAMS 0x000000040f800000| PB 0x000000040f800000| Untracked |  0
|  31|0x0000000410000000, 0x0000000410000000, 0x0000000410800000|  0%| F|  |TAMS 0x0000000410000000| PB 0x0000000410000000| Untracked |  0
|  32|0x0000000410800000, 0x0000000410800000, 0x0000000411000000|  0%| F|  |TAMS 0x0000000410800000| PB 0x0000000410800000| Untracked |  0
|  33|0x0000000411000000, 0x0000000411000000, 0x0000000411800000|  0%| F|  |TAMS 0x0000000411000000| PB 0x0000000411000000| Untracked |  0
|  34|0x0000000411800000, 0x0000000411800000, 0x0000000412000000|  0%| F|  |TAMS 0x0000000411800000| PB 0x0000000411800000| Untracked |  0
|  35|0x0000000412000000, 0x0000000412000000, 0x0000000412800000|  0%| F|  |TAMS 0x0000000412000000| PB 0x0000000412000000| Untracked |  0
|  36|0x0000000412800000, 0x0000000412800000, 0x0000000413000000|  0%| F|  |TAMS 0x0000000412800000| PB 0x0000000412800000| Untracked |  0
|  37|0x0000000413000000, 0x0000000413000000, 0x0000000413800000|  0%| F|  |TAMS 0x0000000413000000| PB 0x0000000413000000| Untracked |  0
|  38|0x0000000413800000, 0x0000000413800000, 0x0000000414000000|  0%| F|  |TAMS 0x0000000413800000| PB 0x0000000413800000| Untracked |  0
|  39|0x0000000414000000, 0x0000000414000000, 0x0000000414800000|  0%| F|  |TAMS 0x0000000414000000| PB 0x0000000414000000| Untracked |  0
|  40|0x0000000414800000, 0x0000000414800000, 0x0000000415000000|  0%| F|  |TAMS 0x0000000414800000| PB 0x0000000414800000| Untracked |  0
|  41|0x0000000415000000, 0x0000000415000000, 0x0000000415800000|  0%| F|  |TAMS 0x0000000415000000| PB 0x0000000415000000| Untracked |  0
|  42|0x0000000415800000, 0x0000000415800000, 0x0000000416000000|  0%| F|  |TAMS 0x0000000415800000| PB 0x0000000415800000| Untracked |  0
|  43|0x0000000416000000, 0x0000000416000000, 0x0000000416800000|  0%| F|  |TAMS 0x0000000416000000| PB 0x0000000416000000| Untracked |  0
|  44|0x0000000416800000, 0x0000000416800000, 0x0000000417000000|  0%| F|  |TAMS 0x0000000416800000| PB 0x0000000416800000| Untracked |  0
|  45|0x0000000417000000, 0x0000000417000000, 0x0000000417800000|  0%| F|  |TAMS 0x0000000417000000| PB 0x0000000417000000| Untracked |  0
|  46|0x0000000417800000, 0x0000000417800000, 0x0000000418000000|  0%| F|  |TAMS 0x0000000417800000| PB 0x0000000417800000| Untracked |  0
|  47|0x0000000418000000, 0x0000000418000000, 0x0000000418800000|  0%| F|  |TAMS 0x0000000418000000| PB 0x0000000418000000| Untracked |  0
|  48|0x0000000418800000, 0x0000000418800000, 0x0000000419000000|  0%| F|  |TAMS 0x0000000418800000| PB 0x0000000418800000| Untracked |  0
|  49|0x0000000419000000, 0x0000000419000000, 0x0000000419800000|  0%| F|  |TAMS 0x0000000419000000| PB 0x0000000419000000| Untracked |  0
|  50|0x0000000419800000, 0x0000000419800000, 0x000000041a000000|  0%| F|  |TAMS 0x0000000419800000| PB 0x0000000419800000| Untracked |  0
|  51|0x000000041a000000, 0x000000041a000000, 0x000000041a800000|  0%| F|  |TAMS 0x000000041a000000| PB 0x000000041a000000| Untracked |  0
|  52|0x000000041a800000, 0x000000041a800000, 0x000000041b000000|  0%| F|  |TAMS 0x000000041a800000| PB 0x000000041a800000| Untracked |  0
|  53|0x000000041b000000, 0x000000041b000000, 0x000000041b800000|  0%| F|  |TAMS 0x000000041b000000| PB 0x000000041b000000| Untracked |  0
|  54|0x000000041b800000, 0x000000041b800000, 0x000000041c000000|  0%| F|  |TAMS 0x000000041b800000| PB 0x000000041b800000| Untracked |  0
|  55|0x000000041c000000, 0x000000041c000000, 0x000000041c800000|  0%| F|  |TAMS 0x000000041c000000| PB 0x000000041c000000| Untracked |  0
|  56|0x000000041c800000, 0x000000041c800000, 0x000000041d000000|  0%| F|  |TAMS 0x000000041c800000| PB 0x000000041c800000| Untracked |  0
|  57|0x000000041d000000, 0x000000041d000000, 0x000000041d800000|  0%| F|  |TAMS 0x000000041d000000| PB 0x000000041d000000| Untracked |  0
|  58|0x000000041d800000, 0x000000041d800000, 0x000000041e000000|  0%| F|  |TAMS 0x000000041d800000| PB 0x000000041d800000| Untracked |  0
|  59|0x000000041e000000, 0x000000041e000000, 0x000000041e800000|  0%| F|  |TAMS 0x000000041e000000| PB 0x000000041e000000| Untracked |  0
|  60|0x000000041e800000, 0x000000041e800000, 0x000000041f000000|  0%| F|  |TAMS 0x000000041e800000| PB 0x000000041e800000| Untracked |  0
|  61|0x000000041f000000, 0x000000041f000000, 0x000000041f800000|  0%| F|  |TAMS 0x000000041f000000| PB 0x000000041f000000| Untracked |  0
|  62|0x000000041f800000, 0x000000041f800000, 0x0000000420000000|  0%| F|  |TAMS 0x000000041f800000| PB 0x000000041f800000| Untracked |  0
|  63|0x0000000420000000, 0x0000000420000000, 0x0000000420800000|  0%| F|  |TAMS 0x0000000420000000| PB 0x0000000420000000| Untracked |  0
|  64|0x0000000420800000, 0x0000000420800000, 0x0000000421000000|  0%| F|  |TAMS 0x0000000420800000| PB 0x0000000420800000| Untracked |  0
|  65|0x0000000421000000, 0x0000000421000000, 0x0000000421800000|  0%| F|  |TAMS 0x0000000421000000| PB 0x0000000421000000| Untracked |  0
|  66|0x0000000421800000, 0x0000000421800000, 0x0000000422000000|  0%| F|  |TAMS 0x0000000421800000| PB 0x0000000421800000| Untracked |  0
|  67|0x0000000422000000, 0x0000000422000000, 0x0000000422800000|  0%| F|  |TAMS 0x0000000422000000| PB 0x0000000422000000| Untracked |  0
|  68|0x0000000422800000, 0x0000000422800000, 0x0000000423000000|  0%| F|  |TAMS 0x0000000422800000| PB 0x0000000422800000| Untracked |  0
|  69|0x0000000423000000, 0x0000000423000000, 0x0000000423800000|  0%| F|  |TAMS 0x0000000423000000| PB 0x0000000423000000| Untracked |  0
|  70|0x0000000423800000, 0x0000000423800000, 0x0000000424000000|  0%| F|  |TAMS 0x0000000423800000| PB 0x0000000423800000| Untracked |  0
|  71|0x0000000424000000, 0x0000000424000000, 0x0000000424800000|  0%| F|  |TAMS 0x0000000424000000| PB 0x0000000424000000| Untracked |  0
|  72|0x0000000424800000, 0x0000000424800000, 0x0000000425000000|  0%| F|  |TAMS 0x0000000424800000| PB 0x0000000424800000| Untracked |  0
|  73|0x0000000425000000, 0x0000000425000000, 0x0000000425800000|  0%| F|  |TAMS 0x0000000425000000| PB 0x0000000425000000| Untracked |  0
|  74|0x0000000425800000, 0x0000000425800000, 0x0000000426000000|  0%| F|  |TAMS 0x0000000425800000| PB 0x0000000425800000| Untracked |  0
|  75|0x0000000426000000, 0x0000000426000000, 0x0000000426800000|  0%| F|  |TAMS 0x0000000426000000| PB 0x0000000426000000| Untracked |  0
|  76|0x0000000426800000, 0x0000000426800000, 0x0000000427000000|  0%| F|  |TAMS 0x0000000426800000| PB 0x0000000426800000| Untracked |  0
|  77|0x0000000427000000, 0x0000000427000000, 0x0000000427800000|  0%| F|  |TAMS 0x0000000427000000| PB 0x0000000427000000| Untracked |  0
|  78|0x0000000427800000, 0x0000000427800000, 0x0000000428000000|  0%| F|  |TAMS 0x0000000427800000| PB 0x0000000427800000| Untracked |  0
|  79|0x0000000428000000, 0x0000000428000000, 0x0000000428800000|  0%| F|  |TAMS 0x0000000428000000| PB 0x0000000428000000| Untracked |  0
|  80|0x0000000428800000, 0x0000000428800000, 0x0000000429000000|  0%| F|  |TAMS 0x0000000428800000| PB 0x0000000428800000| Untracked |  0
|  81|0x0000000429000000, 0x0000000429000000, 0x0000000429800000|  0%| F|  |TAMS 0x0000000429000000| PB 0x0000000429000000| Untracked |  0
|  82|0x0000000429800000, 0x0000000429800000, 0x000000042a000000|  0%| F|  |TAMS 0x0000000429800000| PB 0x0000000429800000| Untracked |  0
|  83|0x000000042a000000, 0x000000042a000000, 0x000000042a800000|  0%| F|  |TAMS 0x000000042a000000| PB 0x000000042a000000| Untracked |  0
|  84|0x000000042a800000, 0x000000042a800000, 0x000000042b000000|  0%| F|  |TAMS 0x000000042a800000| PB 0x000000042a800000| Untracked |  0
|  85|0x000000042b000000, 0x000000042b000000, 0x000000042b800000|  0%| F|  |TAMS 0x000000042b000000| PB 0x000000042b000000| Untracked |  0
|  86|0x000000042b800000, 0x000000042b800000, 0x000000042c000000|  0%| F|  |TAMS 0x000000042b800000| PB 0x000000042b800000| Untracked |  0
|  87|0x000000042c000000, 0x000000042c000000, 0x000000042c800000|  0%| F|  |TAMS 0x000000042c000000| PB 0x000000042c000000| Untracked |  0
|  88|0x000000042c800000, 0x000000042c800000, 0x000000042d000000|  0%| F|  |TAMS 0x000000042c800000| PB 0x000000042c800000| Untracked |  0
|  89|0x000000042d000000, 0x000000042d000000, 0x000000042d800000|  0%| F|  |TAMS 0x000000042d000000| PB 0x000000042d000000| Untracked |  0
|  90|0x000000042d800000, 0x000000042d800000, 0x000000042e000000|  0%| F|  |TAMS 0x000000042d800000| PB 0x000000042d800000| Untracked |  0
|  91|0x000000042e000000, 0x000000042e000000, 0x000000042e800000|  0%| F|  |TAMS 0x000000042e000000| PB 0x000000042e000000| Untracked |  0
|  92|0x000000042e800000, 0x000000042e800000, 0x000000042f000000|  0%| F|  |TAMS 0x000000042e800000| PB 0x000000042e800000| Untracked |  0
|  93|0x000000042f000000, 0x000000042f000000, 0x000000042f800000|  0%| F|  |TAMS 0x000000042f000000| PB 0x000000042f000000| Untracked |  0
|  94|0x000000042f800000, 0x000000042f800000, 0x0000000430000000|  0%| F|  |TAMS 0x000000042f800000| PB 0x000000042f800000| Untracked |  0
|  95|0x0000000430000000, 0x0000000430000000, 0x0000000430800000|  0%| F|  |TAMS 0x0000000430000000| PB 0x0000000430000000| Untracked |  0
|  96|0x0000000430800000, 0x0000000430800000, 0x0000000431000000|  0%| F|  |TAMS 0x0000000430800000| PB 0x0000000430800000| Untracked |  0
|  97|0x0000000431000000, 0x0000000431000000, 0x0000000431800000|  0%| F|  |TAMS 0x0000000431000000| PB 0x0000000431000000| Untracked |  0
|  98|0x0000000431800000, 0x0000000431800000, 0x0000000432000000|  0%| F|  |TAMS 0x0000000431800000| PB 0x0000000431800000| Untracked |  0
|  99|0x0000000432000000, 0x0000000432000000, 0x0000000432800000|  0%| F|  |TAMS 0x0000000432000000| PB 0x0000000432000000| Untracked |  0
| 100|0x0000000432800000, 0x0000000432800000, 0x0000000433000000|  0%| F|  |TAMS 0x0000000432800000| PB 0x0000000432800000| Untracked |  0
| 101|0x0000000433000000, 0x0000000433000000, 0x0000000433800000|  0%| F|  |TAMS 0x0000000433000000| PB 0x0000000433000000| Untracked |  0
| 102|0x0000000433800000, 0x0000000433800000, 0x0000000434000000|  0%| F|  |TAMS 0x0000000433800000| PB 0x0000000433800000| Untracked |  0
| 103|0x0000000434000000, 0x0000000434000000, 0x0000000434800000|  0%| F|  |TAMS 0x0000000434000000| PB 0x0000000434000000| Untracked |  0
| 104|0x0000000434800000, 0x0000000434800000, 0x0000000435000000|  0%| F|  |TAMS 0x0000000434800000| PB 0x0000000434800000| Untracked |  0
| 105|0x0000000435000000, 0x0000000435000000, 0x0000000435800000|  0%| F|  |TAMS 0x0000000435000000| PB 0x0000000435000000| Untracked |  0
| 106|0x0000000435800000, 0x0000000435800000, 0x0000000436000000|  0%| F|  |TAMS 0x0000000435800000| PB 0x0000000435800000| Untracked |  0
| 107|0x0000000436000000, 0x0000000436000000, 0x0000000436800000|  0%| F|  |TAMS 0x0000000436000000| PB 0x0000000436000000| Untracked |  0
| 108|0x0000000436800000, 0x0000000436800000, 0x0000000437000000|  0%| F|  |TAMS 0x0000000436800000| PB 0x0000000436800000| Untracked |  0
| 109|0x0000000437000000, 0x0000000437000000, 0x0000000437800000|  0%| F|  |TAMS 0x0000000437000000| PB 0x0000000437000000| Untracked |  0
| 110|0x0000000437800000, 0x0000000437800000, 0x0000000438000000|  0%| F|  |TAMS 0x0000000437800000| PB 0x0000000437800000| Untracked |  0
| 111|0x0000000438000000, 0x0000000438000000, 0x0000000438800000|  0%| F|  |TAMS 0x0000000438000000| PB 0x0000000438000000| Untracked |  0
| 112|0x0000000438800000, 0x0000000438800000, 0x0000000439000000|  0%| F|  |TAMS 0x0000000438800000| PB 0x0000000438800000| Untracked |  0
| 113|0x0000000439000000, 0x0000000439000000, 0x0000000439800000|  0%| F|  |TAMS 0x0000000439000000| PB 0x0000000439000000| Untracked |  0
| 114|0x0000000439800000, 0x0000000439800000, 0x000000043a000000|  0%| F|  |TAMS 0x0000000439800000| PB 0x0000000439800000| Untracked |  0
| 115|0x000000043a000000, 0x000000043a000000, 0x000000043a800000|  0%| F|  |TAMS 0x000000043a000000| PB 0x000000043a000000| Untracked |  0
| 116|0x000000043a800000, 0x000000043a800000, 0x000000043b000000|  0%| F|  |TAMS 0x000000043a800000| PB 0x000000043a800000| Untracked |  0
| 117|0x000000043b000000, 0x000000043b000000, 0x000000043b800000|  0%| F|  |TAMS 0x000000043b000000| PB 0x000000043b000000| Untracked |  0
| 118|0x000000043b800000, 0x000000043b800000, 0x000000043c000000|  0%| F|  |TAMS 0x000000043b800000| PB 0x000000043b800000| Untracked |  0
| 119|0x000000043c000000, 0x000000043c000000, 0x000000043c800000|  0%| F|  |TAMS 0x000000043c000000| PB 0x000000043c000000| Untracked |  0
| 120|0x000000043c800000, 0x000000043c800000, 0x000000043d000000|  0%| F|  |TAMS 0x000000043c800000| PB 0x000000043c800000| Untracked |  0
| 121|0x000000043d000000, 0x000000043d000000, 0x000000043d800000|  0%| F|  |TAMS 0x000000043d000000| PB 0x000000043d000000| Untracked |  0
| 122|0x000000043d800000, 0x000000043d800000, 0x000000043e000000|  0%| F|  |TAMS 0x000000043d800000| PB 0x000000043d800000| Untracked |  0
| 123|0x000000043e000000, 0x000000043e5c8ad8, 0x000000043e800000| 72%| E|  |TAMS 0x000000043e000000| PB 0x000000043e000000| Complete |  0
| 124|0x000000043e800000, 0x000000043f000000, 0x000000043f000000|100%| E|CS|TAMS 0x000000043e800000| PB 0x000000043e800000| Complete |  0
| 125|0x000000043f000000, 0x000000043f800000, 0x000000043f800000|100%| E|  |TAMS 0x000000043f000000| PB 0x000000043f000000| Complete |  0
| 126|0x000000043f800000, 0x0000000440000000, 0x0000000440000000|100%| E|CS|TAMS 0x000000043f800000| PB 0x000000043f800000| Complete |  0
| 127|0x0000000440000000, 0x0000000440800000, 0x0000000440800000|100%| E|CS|TAMS 0x0000000440000000| PB 0x0000000440000000| Complete |  0
|2046|0x00000007ff800000, 0x00000007ff9386e0, 0x0000000800000000| 15%| O|  |TAMS 0x00000007ff800000| PB 0x00000007ff800000| Untracked |  0

Card table byte_map: [0x0000021ba57a0000,0x0000021ba77a0000] _byte_map_base: 0x0000021ba379c000

Marking Bits: (CMBitMap*) 0x0000021bb77c07a0
 Bits: [0x0000021ba77a0000, 0x0000021bb7780000)

Polling page: 0x0000021b87d10000

Metaspace:
Metaspace        used 8332K, committed 8640K, reserved 1114112K
 class space     used 741K, committed 896K, reserved 1048576K

Usage:
  Non-class:      7.41 MB used.
      Class:    741.41 KB used.
       Both:      8.14 MB used.

Virtual space:
  Non-class space:       64.00 MB reserved,       7.56 MB ( 12%) committed,  1 nodes.
      Class space:        1.00 GB reserved,     896.00 KB ( <1%) committed,  1 nodes.
             Both:        1.06 GB reserved,       8.44 MB ( <1%) committed. 

Chunk freelists:
   Non-Class:  8.45 MB
       Class:  15.08 MB
        Both:  23.53 MB

MaxMetaspaceSize: unlimited
CompressedClassSpaceSize: 1.00 GB
Initial GC threshold: 21.00 MB
Current GC threshold: 21.00 MB
CDS: on
 - commit_granule_bytes: 65536.
 - commit_granule_words: 8192.
 - virtual_space_node_default_size: 8388608.
 - enlarge_chunks_in_place: 1.
UseCompressedClassPointers 1, UseCompactObjectHeaders 0
Narrow klass pointer bits 32, Max shift 3
Narrow klass base: 0x0000000028000000, Narrow klass shift: 0
Encoding Range: [0x0000000028000000 - 0x0000000128000000), (4294967296 bytes)
Klass Range:    [0x0000000028010000 - 0x0000000069000000), (1090453504 bytes)
Klass ID Range:  [65536 - 1090519033) (1090453497)
Protection zone: [0x0000000028000000 - 0x0000000028010000), (65536 bytes)


Internal statistics:

num_allocs_failed_limit: 0.
num_arena_births: 348.
num_arena_deaths: 0.
num_vsnodes_births: 2.
num_vsnodes_deaths: 0.
num_space_committed: 135.
num_space_uncommitted: 0.
num_chunks_returned_to_freelist: 0.
num_chunks_taken_from_freelist: 462.
num_chunk_merges: 0.
num_chunk_splits: 304.
num_chunks_enlarged: 177.
num_inconsistent_stats: 0.

CodeHeap 'non-profiled nmethods': size=119808Kb used=455Kb max_used=455Kb free=119352Kb
 bounds [0x0000021b9bc40000, 0x0000021b9beb0000, 0x0000021ba3140000]
CodeHeap 'profiled nmethods': size=119744Kb used=3981Kb max_used=3981Kb free=115762Kb
 bounds [0x0000021b94140000, 0x0000021b94530000, 0x0000021b9b630000]
CodeHeap 'non-nmethods': size=6208Kb used=1553Kb max_used=2120Kb free=4654Kb
 bounds [0x0000021b9b630000, 0x0000021b9b8c0000, 0x0000021b9bc40000]
CodeCache: size=245760Kb, used=5989Kb, max_used=6556Kb, free=239768Kb
 total_blobs=2318, nmethods=1734, adapters=483, full_count=0
Compilation: enabled, stopped_count=0, restarted_count=0

JVMCI Events (20 events):
Event: 160.163 Thread 0x0000021bba43bd40 initializing JVMCI runtime 1
Event: 160.163 Thread 0x0000021bba43bd40 done waiting for JavaVM references initialization in JVMCI runtime 1
Event: 160.163 Thread 0x0000021bba43bd40 initialized JVMCI runtime 1
Event: 160.206 Thread 0x0000021bba4527e0 attached to JVMCI runtime 0
Event: 160.209 Thread 0x0000021bba4527e0 created JavaVM[6]@0x00000233bf8eb088 for JVMCI runtime 0
Event: 160.209 Thread 0x0000021bba4527e0 initializing JVMCI runtime 0
Event: 160.209 Thread 0x0000021bba4527e0 done waiting for JavaVM references initialization in JVMCI runtime 0
Event: 160.209 Thread 0x0000021bba4527e0 initialized JVMCI runtime 0
Event: 161.240 Thread 0x0000021bba43bd40 detaching from JVMCI runtime 1: releasing idle compiler thread (0 other threads still attached)
Event: 161.240 Thread 0x0000021bba43bd40 shutting down HotSpotJVMCIRuntime for JVMCI runtime 1
Event: 161.240 Thread 0x0000021bba43bd40 shut down JVMCI runtime 1
Event: 161.243 Thread 0x0000021bba43bd40 destroyed JavaVM[5]@0x0000021bc05eb088 for JVMCI runtime 1
Event: 161.243 Thread 0x0000021bba43bd40 releasing handles for JVMCI runtime 1: oop handles=100, metadata handles={total=256, live=249, blocks=8}
Event: 161.243 Thread 0x0000021bba43bd40 detached from JVMCI runtime 1
Event: 161.256 Thread 0x0000021bba4527e0 detaching from JVMCI runtime 0: releasing idle compiler thread (0 other threads still attached)
Event: 161.256 Thread 0x0000021bba4527e0 shutting down HotSpotJVMCIRuntime for JVMCI runtime 0
Event: 161.256 Thread 0x0000021bba4527e0 shut down JVMCI runtime 0
Event: 161.258 Thread 0x0000021bba4527e0 destroyed JavaVM[6]@0x00000233bf8eb088 for JVMCI runtime 0
Event: 161.258 Thread 0x0000021bba4527e0 releasing handles for JVMCI runtime 0: oop handles=78, metadata handles={total=156, live=134, blocks=9}
Event: 161.258 Thread 0x0000021bba4527e0 detached from JVMCI runtime 0

Compilation events (20 events):
Event: 160.231 Thread 0x0000021bba44ff90 nmethod 1699 0x0000021b9451d308 code [0x0000021b9451d400, 0x0000021b94520e38]
Event: 160.231 Thread 0x0000021bba44ff90 1659       3       java.lang.Long::hashCode (8 bytes)
Event: 160.231 Thread 0x0000021bba44df50 nmethod 1723 0x0000021b94520e88 code [0x0000021b94520f80, 0x0000021b94521348]
Event: 160.231 Thread 0x0000021bba44df50 1702       3       sun.util.locale.provider.JRELocaleProviderAdapter::getLocaleResources (51 bytes)
Event: 160.231 Thread 0x0000021bba44ff90 nmethod 1659 0x0000021b94521388 code [0x0000021b94521480, 0x0000021b945215c0]
Event: 160.231 Thread 0x0000021bba44ff90 1678       3       java.util.ArrayList::<init> (65 bytes)
Event: 160.231 Thread 0x0000021bba44df50 nmethod 1702 0x0000021b94521688 code [0x0000021b94521780, 0x0000021b94522228]
Event: 160.231 Thread 0x0000021bba44ff90 nmethod 1678 0x0000021b94522288 code [0x0000021b94522380, 0x0000021b94522c48]
Event: 160.232 Thread 0x0000021bba4527e0 nmethod 1719 0x0000021b9bcaea88 code [0x0000021b9bcaeb80, 0x0000021b9bcaf0a8]
Event: 160.232 Thread 0x0000021bba44df50 1725       3       java.util.HashMap::afterNodeAccess (1 bytes)
Event: 160.232 Thread 0x0000021bba4527e0 1724       4       java.util.HashMap::putVal (300 bytes)
Event: 160.232 Thread 0x0000021bba44df50 nmethod 1725 0x0000021b94522c88 code [0x0000021b94522d80, 0x0000021b94522e88]
Event: 160.235 Thread 0x0000021bba44df50 1729       3       java.nio.ByteBuffer::limit (8 bytes)
Event: 160.235 Thread 0x0000021bba44df50 nmethod 1729 0x0000021b94522f88 code [0x0000021b94523080, 0x0000021b945231d8]
Event: 160.236 Thread 0x0000021bba44df50 1731       3       jdk.internal.misc.Unsafe::storeFence (5 bytes)
Event: 160.236 Thread 0x0000021bba44df50 nmethod 1731 0x0000021b94523288 code [0x0000021b94523380, 0x0000021b94523668]
Event: 160.237 Thread 0x0000021bba43bd40 nmethod 1720 0x0000021b9bcafa08 code [0x0000021b9bcafb00, 0x0000021b9bcaff88]
Event: 160.237 Thread 0x0000021bba43bd40 1730       4       java.util.Objects::equals (23 bytes)
Event: 160.241 Thread 0x0000021bba43bd40 nmethod 1730 0x0000021b9bcb0008 code [0x0000021b9bcb0100, 0x0000021b9bcb0390]
Event: 160.246 Thread 0x0000021bba4527e0 nmethod 1724 0x0000021b9bcb0408 code [0x0000021b9bcb0520, 0x0000021b9bcb1440]

GC Heap Usage History (0 events):
No events

Metaspace Usage History (0 events):
No events

Dll operation events (13 events):
Event: 0.009 Loaded shared library C:\Users\josia\.sdkman\candidates\java\25-graalce\bin\java.dll
Event: 0.037 Loaded shared library C:\Users\josia\.sdkman\candidates\java\25-graalce\bin\jvmcicompiler.dll
Event: 0.153 Loaded shared library C:\Users\josia\.sdkman\candidates\java\25-graalce\bin\zip.dll
Event: 0.158 Loaded shared library C:\Users\josia\.sdkman\candidates\java\25-graalce\bin\instrument.dll
Event: 0.163 Loaded shared library C:\Users\josia\.sdkman\candidates\java\25-graalce\bin\net.dll
Event: 0.164 Loaded shared library C:\Users\josia\.sdkman\candidates\java\25-graalce\bin\nio.dll
Event: 0.167 Loaded shared library C:\Users\josia\.sdkman\candidates\java\25-graalce\bin\zip.dll
Event: 0.242 Loaded shared library C:\Users\josia\.sdkman\candidates\java\25-graalce\bin\jimage.dll
Event: 0.296 Loaded shared library C:\Users\josia\.sdkman\candidates\java\25-graalce\bin\verify.dll
Event: 0.399 Loaded shared library C:\Users\josia\.sdkman\candidates\java\25-graalce\bin\extnet.dll
Event: 0.413 Loaded shared library C:\Users\josia\.sdkman\candidates\java\25-graalce\bin\sunmscapi.dll
Event: 0.553 Loaded shared library E:\Dev\Avaje\avaje-webview\examples\hello-world-jex\webview.dll
Event: 0.558 Loaded shared library webview.dll

Deoptimization events (20 events):
Event: 0.463 Thread 0x0000021b8a18e0c0 Uncommon trap: trap_request=0xfffffff5 fr.pc=0x0000021b9bc6ed34 relative=0x0000000000000134
Event: 0.463 Thread 0x0000021b8a18e0c0 Uncommon trap: reason=null_check action=reinterpret pc=0x0000021b9bc6ed34 method=java.lang.invoke.VarHandle.checkAccessModeThenIsDirect(Ljava/lang/invoke/VarHandle$AccessDescriptor;)Z @ 0 jvmci
Event: 0.463 Thread 0x0000021b8a18e0c0 DEOPT PACKING pc=0x0000021b9bc6ed34 sp=0x0000007433cfe530
Event: 0.463 Thread 0x0000021b8a18e0c0 DEOPT UNPACKING pc=0x0000021b9b680983 sp=0x0000007433cfd9d8 mode 3
Event: 0.474 Thread 0x0000021b8a18e0c0 Uncommon trap: trap_request=0xffffffed fr.pc=0x0000021b9bc7db6b relative=0x00000000000001eb
Event: 0.474 Thread 0x0000021b8a18e0c0 Uncommon trap: reason=null_assert_or_unreached0 action=reinterpret pc=0x0000021b9bc7db6b method=java.lang.StringLatin1.indexOf([BI[BII)I @ 52 jvmci
Event: 0.474 Thread 0x0000021b8a18e0c0 DEOPT PACKING pc=0x0000021b9bc7db6b sp=0x0000007433cfe3b0
Event: 0.474 Thread 0x0000021b8a18e0c0 DEOPT UNPACKING pc=0x0000021b9b680983 sp=0x0000007433cfd810 mode 3
Event: 0.476 Thread 0x0000021b8a18e0c0 Uncommon trap: trap_request=0xffffffed fr.pc=0x0000021b9bc5cd64 relative=0x0000000000000064
Event: 0.476 Thread 0x0000021b8a18e0c0 Uncommon trap: reason=null_assert_or_unreached0 action=reinterpret pc=0x0000021b9bc5cd64 method=java.lang.CharacterData.of(I)Ljava/lang/CharacterData; @ 0 jvmci
Event: 0.476 Thread 0x0000021b8a18e0c0 DEOPT PACKING pc=0x0000021b9bc5cd64 sp=0x0000007433cfe430
Event: 0.476 Thread 0x0000021b8a18e0c0 DEOPT UNPACKING pc=0x0000021b9b680983 sp=0x0000007433cfd8d8 mode 3
Event: 0.486 Thread 0x0000021b8a18e0c0 Uncommon trap: trap_request=0xffffffed fr.pc=0x0000021b9bc8f0d1 relative=0x0000000000000d51
Event: 0.486 Thread 0x0000021b8a18e0c0 Uncommon trap: reason=null_assert_or_unreached0 action=reinterpret pc=0x0000021b9bc8f0d1 method=java.util.concurrent.ConcurrentHashMap.putVal(Ljava/lang/Object;Ljava/lang/Object;Z)Ljava/lang/Object; @ 34 jvmci
Event: 0.486 Thread 0x0000021b8a18e0c0 DEOPT PACKING pc=0x0000021b9bc8f0d1 sp=0x0000007433cfedb0
Event: 0.486 Thread 0x0000021b8a18e0c0 DEOPT UNPACKING pc=0x0000021b9b680983 sp=0x0000007433cfe250 mode 3
Event: 0.487 Thread 0x0000021b8a18e0c0 Uncommon trap: trap_request=0xfffffff5 fr.pc=0x0000021b9bc6ef59 relative=0x0000000000000059
Event: 0.487 Thread 0x0000021b8a18e0c0 Uncommon trap: reason=null_check action=reinterpret pc=0x0000021b9bc6ef59 method=java.lang.invoke.VarForm.getMemberName(I)Ljava/lang/invoke/MemberName; @ 0 jvmci
Event: 0.487 Thread 0x0000021b8a18e0c0 DEOPT PACKING pc=0x0000021b9bc6ef59 sp=0x0000007433cfec40
Event: 0.487 Thread 0x0000021b8a18e0c0 DEOPT UNPACKING pc=0x0000021b9b680983 sp=0x0000007433cfe0e0 mode 3

Classes loaded (20 events):
Event: 160.226 Loading class sun/util/locale/provider/TimeZoneNameUtility
Event: 160.226 Loading class sun/util/locale/provider/TimeZoneNameUtility done
Event: 160.226 Loading class sun/util/locale/provider/TimeZoneNameUtility$TimeZoneNameGetter
Event: 160.226 Loading class sun/util/locale/provider/TimeZoneNameUtility$TimeZoneNameGetter done
Event: 160.226 Loading class sun/util/cldr/CLDRTimeZoneNameProviderImpl
Event: 160.226 Loading class sun/util/locale/provider/TimeZoneNameProviderImpl
Event: 160.226 Loading class sun/util/locale/provider/TimeZoneNameProviderImpl done
Event: 160.226 Loading class sun/util/cldr/CLDRTimeZoneNameProviderImpl done
Event: 160.228 Loading class sun/util/resources/cldr/TimeZoneNames
Event: 160.228 Loading class sun/util/resources/TimeZoneNamesBundle
Event: 160.229 Loading class sun/util/resources/TimeZoneNamesBundle done
Event: 160.229 Loading class sun/util/resources/cldr/TimeZoneNames done
Event: 160.229 Loading class sun/util/resources/cldr/TimeZoneNames_en
Event: 160.229 Loading class sun/util/resources/cldr/TimeZoneNames_en done
Event: 160.229 Loading class sun/util/resources/cldr/TimeZoneNames_en_US
Event: 160.229 Loading class sun/util/resources/cldr/TimeZoneNames_en_US done
Event: 160.231 Loading class sun/util/cldr/CLDRBaseLocaleDataMetaInfo$CLDRMapHolder
Event: 160.232 Loading class sun/util/cldr/CLDRBaseLocaleDataMetaInfo$CLDRMapHolder done
Event: 160.237 Loading class jdk/internal/event/VirtualThreadEndEvent
Event: 160.237 Loading class jdk/internal/event/VirtualThreadEndEvent done

Classes unloaded (0 events):
No events

Classes redefined (0 events):
No events

Internal exceptions (20 events):
Event: 160.183 Thread 0x0000021b8a18e0c0 Exception <a 'java/lang/NoSuchMethodError'{0x000000043ee81870}: 'void java.lang.invoke.DirectMethodHandle$Holder.invokeStatic(java.lang.Object, java.lang.Object, long, long, long)'> (0x000000043ee81870) 
thrown [s\src\hotspot\share\interpreter\linkResolver.cpp, line 804]
Event: 160.185 Thread 0x0000021b806b2420 Exception <a 'java/lang/NoSuchMethodError'{0x000000043f64c980}: 'long java.lang.invoke.DirectMethodHandle$Holder.invokeStatic(java.lang.Object, int)'> (0x000000043f64c980) 
thrown [s\src\hotspot\share\interpreter\linkResolver.cpp, line 804]
Event: 160.185 Thread 0x0000021b8a18e0c0 Exception <a 'java/lang/NoSuchMethodError'{0x000000043eeb8dd8}: 'java.lang.Object java.lang.invoke.DirectMethodHandle$Holder.newInvokeSpecial(java.lang.Object, java.lang.Object, java.lang.Object, java.lang.Object, java.lang.Object, java.lang.Object)'> (0x000000043eeb8dd8) 
thrown [s\src\hotspot\share\interpreter\linkResolver.cpp, line 804]
Event: 160.185 Thread 0x0000021b806b2420 Exception <a 'java/lang/NoSuchMethodError'{0x000000043f65ccb8}: 'long java.lang.invoke.DelegatingMethodHandle$Holder.reinvoke_L(java.lang.Object, java.lang.Object, java.lang.Object, long)'> (0x000000043f65ccb8) 
thrown [s\src\hotspot\share\interpreter\linkResolver.cpp, line 804]
Event: 160.186 Thread 0x0000021b8a18e0c0 Exception <a 'java/lang/NoSuchMethodError'{0x000000043eec9650}: 'void java.lang.invoke.DelegatingMethodHandle$Holder.reinvoke_L(java.lang.Object, java.lang.Object, long, long, long)'> (0x000000043eec9650) 
thrown [s\src\hotspot\share\interpreter\linkResolver.cpp, line 804]
Event: 160.186 Thread 0x0000021b8a18e0c0 Exception <a 'java/lang/NoSuchMethodError'{0x000000043eee0800}: 'void java.lang.invoke.Invokers$Holder.exactInvoker(java.lang.Object, java.lang.Object, long, long, long)'> (0x000000043eee0800) 
thrown [s\src\hotspot\share\interpreter\linkResolver.cpp, line 804]
Event: 160.187 Thread 0x0000021b8a18e0c0 Exception <a 'java/lang/NoSuchMethodError'{0x000000043eee9568}: 'void java.lang.invoke.DelegatingMethodHandle$Holder.delegate(java.lang.Object, java.lang.Object, long, long, long)'> (0x000000043eee9568) 
thrown [s\src\hotspot\share\interpreter\linkResolver.cpp, line 804]
Event: 160.188 Thread 0x0000021b806b2420 Exception <a 'java/lang/NoSuchMethodError'{0x000000043f6ac058}: 'void java.lang.invoke.DirectMethodHandle$Holder.invokeStaticInit(java.lang.Object)'> (0x000000043f6ac058) 
thrown [s\src\hotspot\share\interpreter\linkResolver.cpp, line 804]
Event: 160.190 Thread 0x0000021b8a18e0c0 Exception <a 'java/lang/NoSuchMethodError'{0x000000043ef1af60}: 'void java.lang.invoke.DirectMethodHandle$Holder.invokeStaticInit(java.lang.Object, java.lang.Object, java.lang.Object, java.lang.Object, java.lang.Object, java.lang.Object, long)'> (0x000000043ef1af60) 
thrown [s\src\hotspot\share\interpreter\linkResolver.cpp, line 804]
Event: 160.191 Thread 0x0000021b8a18e0c0 Exception <a 'java/lang/NoSuchMethodError'{0x000000043ef2b600}: 'void java.lang.invoke.DelegatingMethodHandle$Holder.reinvoke_L(java.lang.Object, java.lang.Object, java.lang.Object, java.lang.Object, java.lang.Object, java.lang.Object, long)'> (0x000000043ef2b600) 
thrown [s\src\hotspot\share\interpreter\linkResolver.cpp, line 804]
Event: 160.193 Thread 0x0000021b8a18e0c0 Exception <a 'java/lang/NoSuchMethodError'{0x000000043ef55a28}: 'void java.lang.invoke.DirectMethodHandle$Holder.invokeSpecial(java.lang.Object, java.lang.Object, java.lang.Object, java.lang.Object, java.lang.Object, long)'> (0x000000043ef55a28) 
thrown [s\src\hotspot\share\interpreter\linkResolver.cpp, line 804]
Event: 160.199 Thread 0x0000021b800f5480 Exception <a 'java/lang/NoSuchMethodError'{0x000000043e0c64f0}: 'java.lang.Object java.lang.invoke.DirectMethodHandle$Holder.invokeSpecialIFC(java.lang.Object, java.lang.Object, java.lang.Object, java.lang.Object)'> (0x000000043e0c64f0) 
thrown [s\src\hotspot\share\interpreter\linkResolver.cpp, line 804]
Event: 160.200 Thread 0x0000021b800f5480 Exception <a 'java/lang/NoSuchMethodError'{0x000000043e0d6d58}: 'java.lang.Object java.lang.invoke.DirectMethodHandle$Holder.invokeVirtual(java.lang.Object, java.lang.Object, java.lang.Object, java.lang.Object)'> (0x000000043e0d6d58) 
thrown [s\src\hotspot\share\interpreter\linkResolver.cpp, line 804]
Event: 160.201 Thread 0x0000021b800f5480 Exception <a 'java/lang/NoSuchMethodError'{0x000000043e0e7650}: 'void java.lang.invoke.DirectMethodHandle$Holder.invokeStatic(java.lang.Object, java.lang.Object, java.lang.Object, java.lang.Object)'> (0x000000043e0e7650) 
thrown [s\src\hotspot\share\interpreter\linkResolver.cpp, line 804]
Event: 160.202 Thread 0x0000021b80120170 Exception <a 'java/lang/NoSuchMethodError'{0x000000043e109de0}: 'void java.lang.invoke.DirectMethodHandle$Holder.invokeStaticInit(java.lang.Object, java.lang.Object, java.lang.Object, java.lang.Object)'> (0x000000043e109de0) 
thrown [s\src\hotspot\share\interpreter\linkResolver.cpp, line 804]
Event: 160.202 Thread 0x0000021b80120170 Exception <a 'java/lang/NoSuchMethodError'{0x000000043e1121e8}: 'void java.lang.invoke.DirectMethodHandle$Holder.invokeSpecial(java.lang.Object, java.lang.Object, java.lang.Object, java.lang.Object, java.lang.Object)'> (0x000000043e1121e8) 
thrown [s\src\hotspot\share\interpreter\linkResolver.cpp, line 804]
Event: 160.204 Thread 0x0000021b80120170 Exception <a 'java/lang/NoSuchMethodError'{0x000000043e13b408}: 'void java.lang.invoke.Invokers$Holder.invoke_MT(java.lang.Object, java.lang.Object, java.lang.Object)'> (0x000000043e13b408) 
thrown [s\src\hotspot\share\interpreter\linkResolver.cpp, line 804]
Event: 160.207 Thread 0x0000021b800f5480 Exception <a 'java/lang/NoSuchMethodError'{0x000000043e249c10}: 'java.lang.Object java.lang.invoke.DirectMethodHandle$Holder.invokeInterface(java.lang.Object, java.lang.Object, java.lang.Object, java.lang.Object)'> (0x000000043e249c10) 
thrown [s\src\hotspot\share\interpreter\linkResolver.cpp, line 804]
Event: 160.234 Thread 0x0000021b800f5480 Exception <a 'java/lang/NoSuchMethodError'{0x000000043e4dda40}: 'java.lang.Object java.lang.invoke.DirectMethodHandle$Holder.newInvokeSpecial(java.lang.Object, java.lang.Object, java.lang.Object, int)'> (0x000000043e4dda40) 
thrown [s\src\hotspot\share\interpreter\linkResolver.cpp, line 804]
Event: 160.234 Thread 0x0000021b800f5480 Exception <a 'java/lang/NoSuchMethodError'{0x000000043e4e6678}: 'java.lang.Object java.lang.invoke.Invokers$Holder.linkToTargetMethod(java.lang.Object, java.lang.Object, int, java.lang.Object)'> (0x000000043e4e6678) 
thrown [s\src\hotspot\share\interpreter\linkResolver.cpp, line 804]

VM Operations (20 events):
Event: 166.979 Executing safepoint VM operation: ChangeSingleStep
Event: 166.979 Executing safepoint VM operation: ChangeSingleStep done
Event: 166.980 Executing safepoint VM operation: get/set locals
Event: 166.980 Executing safepoint VM operation: get/set locals done
Event: 167.118 Executing safepoint VM operation: get receiver
Event: 167.118 Executing safepoint VM operation: get receiver done
Event: 167.118 Executing safepoint VM operation: ChangeSingleStep
Event: 167.118 Executing safepoint VM operation: ChangeSingleStep done
Event: 167.118 Executing safepoint VM operation: ChangeSingleStep
Event: 167.118 Executing safepoint VM operation: ChangeSingleStep done
Event: 167.119 Executing safepoint VM operation: ChangeSingleStep
Event: 167.119 Executing safepoint VM operation: ChangeSingleStep done
Event: 167.120 Executing safepoint VM operation: get/set locals
Event: 167.120 Executing safepoint VM operation: get/set locals done
Event: 167.121 Executing safepoint VM operation: ChangeSingleStep
Event: 167.121 Executing safepoint VM operation: ChangeSingleStep done
Event: 167.122 Executing safepoint VM operation: get/set locals
Event: 167.122 Executing safepoint VM operation: get/set locals done
Event: 167.125 Executing safepoint VM operation: get receiver
Event: 167.125 Executing safepoint VM operation: get receiver done

Memory protections (0 events):
No events

Nmethod flushes (0 events):
No events

Events (20 events):
Event: 0.037 Thread 0x0000021bba44df50 Thread added: 0x0000021bba44c720
Event: 0.055 Thread 0x0000021bba44df50 Thread added: 0x0000021bba44b700
Event: 0.066 Thread 0x0000021b8a18e0c0 Thread added: 0x0000021bba62b4e0
Event: 0.066 Thread 0x0000021b8a18e0c0 Thread added: 0x0000021bba631ca0
Event: 0.066 Thread 0x0000021bba62b4e0 Thread added: 0x0000021bba634aa0
Event: 0.161 Thread 0x0000021b8a18e0c0 Thread added: 0x0000021bba636690
Event: 0.291 Thread 0x0000021b8a18e0c0 Thread added: 0x0000021b800debe0
Event: 0.447 Thread 0x0000021b8a18e0c0 Thread added: 0x0000021b80667c40
Event: 0.483 Thread 0x0000021b8a18e0c0 Thread added: 0x0000021b806b2420
Event: 5.560 Thread 0x0000021bba44c720 Thread exited: 0x0000021bba44c720
Event: 5.561 Thread 0x0000021bba44b700 Thread exited: 0x0000021bba44b700
Event: 10.449 Thread 0x0000021bba44df50 Thread added: 0x0000021bba44c720
Event: 12.334 Thread 0x0000021bba44c720 Thread exited: 0x0000021bba44c720
Event: 160.163 Thread 0x0000021bba44df50 Thread added: 0x0000021bba44ff90
Event: 160.189 Thread 0x0000021b806b2420 Thread added: 0x0000021bba570220
Event: 160.190 Thread 0x0000021b806b2420 Thread added: 0x0000021b800f5480
Event: 160.200 Thread 0x0000021b8a18e0c0 Thread added: 0x0000021b80120170
Event: 160.206 Thread 0x0000021bba44ff90 Thread added: 0x0000021bba4527e0
Event: 165.241 Thread 0x0000021bba4527e0 Thread exited: 0x0000021bba4527e0
Event: 165.241 Thread 0x0000021bba44ff90 Thread exited: 0x0000021bba44ff90


Dynamic libraries:
0x00007ff672cc0000 - 0x00007ff672cce000 	C:\Users\josia\.sdkman\candidates\java\25-graalce\bin\javaw.exe
0x00007fff0c0a0000 - 0x00007fff0c307000 	C:\WINDOWS\SYSTEM32\ntdll.dll
0x00007fff0a850000 - 0x00007fff0a919000 	C:\WINDOWS\System32\KERNEL32.DLL
0x00007fff092b0000 - 0x00007fff0969f000 	C:\WINDOWS\System32\KERNELBASE.dll
0x00007fff099a0000 - 0x00007fff09aeb000 	C:\WINDOWS\System32\ucrtbase.dll
0x00007ffeea1a0000 - 0x00007ffeea1b7000 	C:\Users\josia\.sdkman\candidates\java\25-graalce\bin\jli.dll
0x00007ffeea0d0000 - 0x00007ffeea0ee000 	C:\Users\josia\.sdkman\candidates\java\25-graalce\bin\VCRUNTIME140.dll
0x00007fff0b990000 - 0x00007fff0bb55000 	C:\WINDOWS\System32\USER32.dll
0x00007fff09ce0000 - 0x00007fff09d07000 	C:\WINDOWS\System32\win32u.dll
0x00007ffef12b0000 - 0x00007ffef1543000 	C:\WINDOWS\WinSxS\amd64_microsoft.windows.common-controls_6595b64144ccf1df_6.0.26100.7309_none_3e05feeae336a044\COMCTL32.dll
0x00007fff0af50000 - 0x00007fff0af7b000 	C:\WINDOWS\System32\GDI32.dll
0x00007fff0adb0000 - 0x00007fff0ae59000 	C:\WINDOWS\System32\msvcrt.dll
0x00007fff09d10000 - 0x00007fff09e3c000 	C:\WINDOWS\System32\gdi32full.dll
0x00007fff09ba0000 - 0x00007fff09c43000 	C:\WINDOWS\System32\msvcp_win.dll
0x00007fff0bb60000 - 0x00007fff0bb91000 	C:\WINDOWS\System32\IMM32.DLL
0x00007ffeefe70000 - 0x00007ffeefe7c000 	C:\Users\josia\.sdkman\candidates\java\25-graalce\bin\vcruntime140_1.dll
0x00007ffeb90f0000 - 0x00007ffeb917d000 	C:\Users\josia\.sdkman\candidates\java\25-graalce\bin\msvcp140.dll
0x00007ffe6c8b0000 - 0x00007ffe6d7dd000 	C:\Users\josia\.sdkman\candidates\java\25-graalce\bin\server\jvm.dll
0x00007fff0a710000 - 0x00007fff0a7c4000 	C:\WINDOWS\System32\ADVAPI32.dll
0x00007fff0bba0000 - 0x00007fff0bc46000 	C:\WINDOWS\System32\sechost.dll
0x00007fff09e50000 - 0x00007fff09f68000 	C:\WINDOWS\System32\RPCRT4.dll
0x00007fff0a7d0000 - 0x00007fff0a844000 	C:\WINDOWS\System32\WS2_32.dll
0x00007fff08ea0000 - 0x00007fff08efe000 	C:\WINDOWS\SYSTEM32\POWRPROF.dll
0x00007fff01d80000 - 0x00007fff01d8b000 	C:\WINDOWS\SYSTEM32\VERSION.dll
0x00007ffefb040000 - 0x00007ffefb075000 	C:\WINDOWS\SYSTEM32\WINMM.dll
0x00007fff08e80000 - 0x00007fff08e94000 	C:\WINDOWS\SYSTEM32\UMPDC.dll
0x00007fff07f60000 - 0x00007fff07f7b000 	C:\WINDOWS\SYSTEM32\kernel.appcore.dll
0x00007ffeebfd0000 - 0x00007ffeebfda000 	C:\Users\josia\.sdkman\candidates\java\25-graalce\bin\jimage.dll
0x00007ffefa380000 - 0x00007ffefa5c2000 	C:\WINDOWS\SYSTEM32\DBGHELP.DLL
0x00007fff0a2e0000 - 0x00007fff0a665000 	C:\WINDOWS\System32\combase.dll
0x00007fff0ae70000 - 0x00007fff0af46000 	C:\WINDOWS\System32\OLEAUT32.dll
0x00007ffee5ae0000 - 0x00007ffee5b1c000 	C:\WINDOWS\SYSTEM32\dbgcore.DLL
0x00007fff09af0000 - 0x00007fff09b95000 	C:\WINDOWS\System32\bcryptPrimitives.dll
0x00007ffed5b70000 - 0x00007ffed5bad000 	C:\Users\josia\.sdkman\candidates\java\25-graalce\bin\jdwp.dll
0x00007ffee9370000 - 0x00007ffee9380000 	C:\Users\josia\.sdkman\candidates\java\25-graalce\bin\instrument.dll
0x00007ffee0ff0000 - 0x00007ffee100f000 	C:\Users\josia\.sdkman\candidates\java\25-graalce\bin\java.dll
0x00007fff0af80000 - 0x00007fff0b117000 	C:\WINDOWS\System32\ole32.dll
0x00007fff0b230000 - 0x00007fff0b983000 	C:\WINDOWS\System32\SHELL32.dll
0x00007fff096b0000 - 0x00007fff0981a000 	C:\WINDOWS\System32\wintypes.dll
0x00007fff06dd0000 - 0x00007fff0762e000 	C:\WINDOWS\SYSTEM32\windows.storage.dll
0x00007fff0be30000 - 0x00007fff0bf25000 	C:\WINDOWS\System32\SHCORE.dll
0x00007fff0bff0000 - 0x00007fff0c056000 	C:\WINDOWS\System32\shlwapi.dll
0x00007fff09110000 - 0x00007fff09139000 	C:\WINDOWS\SYSTEM32\profapi.dll
0x00007ffe566c0000 - 0x00007ffe58a86000 	C:\Users\josia\.sdkman\candidates\java\25-graalce\bin\jvmcicompiler.dll
0x00007fff0bc50000 - 0x00007fff0bc58000 	C:\WINDOWS\System32\PSAPI.DLL
0x00007fff09820000 - 0x00007fff09997000 	C:\WINDOWS\System32\CRYPT32.dll
0x00007fff08560000 - 0x00007fff0858b000 	C:\WINDOWS\SYSTEM32\USERENV.dll
0x00007fff089f0000 - 0x00007fff08a20000 	C:\WINDOWS\SYSTEM32\ncrypt.dll
0x00007fff084b0000 - 0x00007fff0851b000 	C:\WINDOWS\SYSTEM32\MSWSOCK.dll
0x00007fff07950000 - 0x00007fff07984000 	C:\WINDOWS\SYSTEM32\IPHLPAPI.DLL
0x00007fff089a0000 - 0x00007fff089df000 	C:\WINDOWS\SYSTEM32\NTASN1.dll
0x00007ffee8960000 - 0x00007ffee896c000 	C:\Users\josia\.sdkman\candidates\java\25-graalce\bin\dt_socket.dll
0x00007fff07990000 - 0x00007fff07abc000 	C:\WINDOWS\SYSTEM32\DNSAPI.dll
0x00007fff0ae60000 - 0x00007fff0ae6a000 	C:\WINDOWS\System32\NSI.dll
0x00007fff022d0000 - 0x00007fff022db000 	C:\Windows\System32\rasadhlp.dll
0x00007fff00f10000 - 0x00007fff00f96000 	C:\WINDOWS\System32\fwpuclnt.dll
0x00007ffedf940000 - 0x00007ffedf957000 	C:\Users\josia\.sdkman\candidates\java\25-graalce\bin\zip.dll
0x00007ffee1550000 - 0x00007ffee1562000 	C:\Users\josia\.sdkman\candidates\java\25-graalce\bin\net.dll
0x00007ffee0450000 - 0x00007ffee0466000 	C:\Users\josia\.sdkman\candidates\java\25-graalce\bin\nio.dll
0x00007ffee5df0000 - 0x00007ffee5e00000 	C:\Users\josia\.sdkman\candidates\java\25-graalce\bin\verify.dll
0x00007ffee5de0000 - 0x00007ffee5de9000 	C:\Users\josia\.sdkman\candidates\java\25-graalce\bin\extnet.dll
0x00007ffee5c70000 - 0x00007ffee5c7e000 	C:\Users\josia\.sdkman\candidates\java\25-graalce\bin\sunmscapi.dll
0x00007ffeea660000 - 0x00007ffeea668000 	C:\WINDOWS\system32\wshunix.dll
0x00007fff088a0000 - 0x00007fff088bb000 	C:\WINDOWS\SYSTEM32\CRYPTSP.dll
0x00007fff07ec0000 - 0x00007fff07efa000 	C:\WINDOWS\system32\rsaenh.dll
0x00007fff090e0000 - 0x00007fff0910a000 	C:\WINDOWS\SYSTEM32\bcrypt.dll
0x00007fff08700000 - 0x00007fff0870c000 	C:\WINDOWS\SYSTEM32\CRYPTBASE.dll
0x00007ffeb91a0000 - 0x00007ffeb91d9000 	E:\Dev\Avaje\avaje-webview\examples\hello-world-jex\webview.dll
0x00007ffebf6d0000 - 0x00007ffebf6f8000 	C:\Program Files (x86)\Windows Kits\10\Windows Performance Toolkit\WebView2Loader.dll
0x00007fff06470000 - 0x00007fff0651b000 	C:\WINDOWS\system32\uxtheme.dll
0x00007fff06820000 - 0x00007fff06850000 	C:\WINDOWS\SYSTEM32\dwmapi.dll
0x00007fff0a150000 - 0x00007fff0a2ae000 	C:\WINDOWS\System32\MSCTF.dll
0x00007ffee0ea0000 - 0x00007ffee0fe8000 	C:\WINDOWS\SYSTEM32\textinputframework.dll
0x00007ffed2840000 - 0x00007ffed2de2000 	C:\Program Files (x86)\Microsoft\EdgeWebView\Application\143.0.3650.96\EBWebView\x64\EmbeddedBrowserWebView.dll
0x00007fff04260000 - 0x00007fff04363000 	C:\WINDOWS\SYSTEM32\PROPSYS.dll
0x00007fff0bf30000 - 0x00007fff0bfe0000 	C:\WINDOWS\System32\clbcatq.dll
0x00007ffee4350000 - 0x00007ffee4379000 	C:\WINDOWS\system32\edputil.dll
0x00007fff06260000 - 0x00007fff062ff000 	C:\WINDOWS\system32\apphelp.dll

JVMTI agents:
jdwp path:C:\Users\josia\.sdkman\candidates\java\25-graalce\bin\jdwp.dll, loaded, initialized, options:transport=dt_socket,suspend=y,address=localhost:55677
C:\Users\josia\eclipse\java-2025-09\eclipse\configuration\org.eclipse.osgi\772\0\.cp\lib\javaagent-shaded.jar path:C:\Users\josia\.sdkman\candidates\java\25-graalce\bin\instrument.dll, loaded, initialized, instrumentlib options:none

dbghelp: loaded successfully - version: 4.0.5 - missing functions: none
symbol engine: initialized successfully - sym options: 0x614 - pdb path: .;C:\Users\josia\.sdkman\candidates\java\25-graalce\bin;C:\WINDOWS\SYSTEM32;C:\WINDOWS\WinSxS\amd64_microsoft.windows.common-controls_6595b64144ccf1df_6.0.26100.7309_none_3e05feeae336a044;C:\Users\josia\.sdkman\candidates\java\25-graalce\bin\server;E:\Dev\Avaje\avaje-webview\examples\hello-world-jex;C:\Program Files (x86)\Windows Kits\10\Windows Performance Toolkit;C:\Program Files (x86)\Microsoft\EdgeWebView\Application\143.0.3650.96\EBWebView\x64

VM Arguments:
jvm_args: -XX:ThreadPriorityPolicy=1 -XX:+UnlockExperimentalVMOptions -XX:+EnableJVMCIProduct -XX:+EnableJVMCI -XX:-UnlockExperimentalVMOptions -XX:+ShowCodeDetailsInExceptionMessages -agentlib:jdwp=transport=dt_socket,suspend=y,address=localhost:55677 -javaagent:C:\Users\josia\eclipse\java-2025-09\eclipse\configuration\org.eclipse.osgi\772\0\.cp\lib\javaagent-shaded.jar -Dfile.encoding=UTF-8 -Dstdout.encoding=UTF-8 -Dstderr.encoding=UTF-8 
java_command: example.Main
java_class_path (initial): E:\Dev\Avaje\avaje-webview\examples\hello-world-jex\target\classes;E:\Dev\Avaje\avaje-webview\avaje-webview\target\classes;C:\Users\josia\.m2\repository\org\jspecify\jspecify\1.0.0\jspecify-1.0.0.jar;C:\Users\josia\.m2\repository\io\avaje\avaje-jex-static-content\3.3\avaje-jex-static-content-3.3.jar;C:\Users\josia\.m2\repository\io\avaje\avaje-jex\3.3\avaje-jex-3.3.jar;C:\Users\josia\.m2\repository\io\avaje\avaje-applog\1.2\avaje-applog-1.2.jar
Launcher Type: SUN_STANDARD

[Global flags]
     intx CICompilerCount                          = 4                                         {product} {ergonomic}
     uint ConcGCThreads                            = 3                                         {product} {ergonomic}
     bool EagerJVMCI                               = true                                {JVMCI product} {ergonomic}
     bool EnableJVMCI                              = true                                {JVMCI product} {jimage}
     bool EnableJVMCIProduct                       = true                                {JVMCI product} {jimage}
     uint G1ConcRefinementThreads                  = 10                                        {product} {ergonomic}
   size_t G1HeapRegionSize                         = 8388608                                   {product} {ergonomic}
   size_t InitialHeapSize                          = 1073741824                                {product} {ergonomic}
   size_t MarkStackSize                            = 4194304                                   {product} {ergonomic}
   size_t MarkStackSizeMax                         = 536870912                                 {product} {ergonomic}
   size_t MaxHeapSize                              = 17171480576                               {product} {ergonomic}
   size_t MaxNewSize                               = 10301210624                               {product} {ergonomic}
   size_t MinHeapDeltaBytes                        = 8388608                                   {product} {ergonomic}
   size_t MinHeapSize                              = 8388608                                   {product} {ergonomic}
    uintx NonNMethodCodeHeapSize                   = 6356992                                {pd product} {ergonomic}
    uintx NonProfiledCodeHeapSize                  = 122683392                              {pd product} {ergonomic}
    uintx ProfiledCodeHeapSize                     = 122617856                              {pd product} {ergonomic}
    uintx ReservedCodeCacheSize                    = 251658240                              {pd product} {ergonomic}
     bool SegmentedCodeCache                       = true                                      {product} {ergonomic}
     bool ShowCodeDetailsInExceptionMessages       = true                                   {manageable} {command line}
   size_t SoftMaxHeapSize                          = 17171480576                            {manageable} {ergonomic}
      int ThreadPriorityPolicy                     = 1                                         {product} {jimage}
     bool UseCompressedOops                        = true                           {product lp64_product} {ergonomic}
     bool UseG1GC                                  = true                                      {product} {ergonomic}
     bool UseLargePagesIndividualAllocation        = false                                  {pd product} {ergonomic}

Logging:
Log output configuration:
 #0: stdout all=warning uptime,level,tags foldmultilines=false
 #1: stderr all=off uptime,level,tags foldmultilines=false

Release file:
IMPLEMENTOR="GraalVM Community" 
JAVA_RUNTIME_VERSION="25+37-jvmci-b01" 
JAVA_VERSION="25" 
JAVA_VERSION_DATE="2025-09-16" 
LIBC="default" 
MODULES="java.base java.logging jdk.internal.vm.ci org.graalvm.collections java.management jdk.management jdk.unsupported org.graalvm.truffle.compiler org.graalvm.word jdk.graal.compiler com.oracle.graal.graal_enterprise org.graalvm.nativeimage com.oracle.svm.enterprise.truffle com.oracle.svm.extraimage_enterprise com.oracle.svm.svm_enterprise com.oracle.svm_enterprise.ml_dataset com.oracle.truffle.enterprise.svm java.compiler java.datatransfer java.xml java.prefs java.desktop java.instrument java.security.sasl java.naming java.rmi java.management.rmi java.net.http java.scripting java.security.jgss java.transaction.xa java.sql java.sql.rowset java.xml.crypto java.se java.smartcardio jdk.accessibility jdk.internal.jvmstat jdk.attach jdk.charsets jdk.internal.opt jdk.zipfs jdk.compiler jdk.crypto.cryptoki jdk.crypto.ec jdk.crypto.mscapi jdk.dynalink jdk.internal.ed jdk.editpad jdk.graal.compiler.management jdk.hotspot.agent jdk.httpserver jdk.incubator.vector jdk.internal.le jdk.internal.md jdk.jartool jdk.javadoc jdk.jcmd jdk.management.agent jdk.jconsole jdk.jdeps jdk.jdwp.agent jdk.jdi jdk.jfr jdk.jlink jdk.jpackage jdk.jshell jdk.jsobject jdk.jstatd jdk.localedata jdk.management.jfr jdk.naming.dns jdk.naming.rmi jdk.net jdk.nio.mapmode jdk.sctp jdk.security.auth jdk.security.jgss jdk.unsupported.desktop jdk.xml.dom org.graalvm.extraimage.builder org.graalvm.extraimage.librarysupport org.graalvm.nativeimage.libgraal org.graalvm.nativeimage.llvm org.graalvm.webimage.api" 
OS_ARCH="x86_64" 
OS_NAME="Windows" 
SOURCE=".:git:6dc8bf37a45e+ labsjdk-builder:5742fd480d0e3323ee14d199f6d3e3fcbeef04c1 compiler:082f26e36e8b0740f9d4805ad97087a707de25d9 espresso-shared:082f26e36e8b0740f9d4805ad97087a707de25d9 regex:082f26e36e8b0740f9d4805ad97087a707de25d9 sdk:082f26e36e8b0740f9d4805ad97087a707de25d9 substratevm:082f26e36e8b0740f9d4805ad970
Environment Variables:
JAVA_HOME=C:\Users\josia\.sdkman\candidates\java\25-graalce
PATH=C:/Users/josia/.p2/pool/plugins/org.eclipse.justj.openjdk.hotspot.jre.full.win32.x86_64_25.0.1.v20251108-1451/jre/bin/server;C:/Users/josia/.p2/pool/plugins/org.eclipse.justj.openjdk.hotspot.jre.full.win32.x86_64_25.0.1.v20251108-1451/jre/bin;C:\Users\josia\.sdkman\candidates\java\25-graalce\bin;C:\Python313\Scripts\;C:\Python313\;C:\WINDOWS\system32;C:\WINDOWS;C:\WINDOWS\System32\Wbem;C:\WINDOWS\System32\WindowsPowerShell\v1.0\;C:\WINDOWS\System32\OpenSSH\;C:\Program Files\Git\cmd;C:\Program Files (x86)\NVIDIA Corporation\PhysX\Common;C:\ProgramData\chocolatey\bin;C:\Program Files\nodejs\;C:\Program Files\Docker\Docker\resources\bin;C:\Program Files (x86)\gnupg\bin;C:\Program Files\NVIDIA Corporation\NVIDIA App\NvDLISR;C:\Program Files (x86)\Windows Kits\10\Windows Performance Toolkit\;C:\Program Files\Sunshine;C:\Program Files\Sunshine\tools;C:\Program Files\CMake\bin;C:\Program Files\LLVM\bin;C:\Program Files (x86)\LLVM\bin;C:\Users\josia\.cargo\bin;C:\Users\josia\AppData\Local\Microsoft\WindowsApps;C:\Users\josia\AppData\Local\Programs\Microsoft VS Code\bin;C:\Users\josia\AppData\Local\GitHubDesktop\bin;C:\Users\josia\AppData\Roaming\npm;C:\Users\josia\.fly\bin;C:\Users\josia\AppData\Local\Voidstar\FilePilot;C:\Program Files\JetBrains\IntelliJ IDEA 2025.3.1\bin;C:\Users\josia\eclipse\java-2025-09\eclipse;
USERNAME=josia
OS=Windows_NT
PROCESSOR_IDENTIFIER=AMD64 Family 23 Model 113 Stepping 0, AuthenticAMD
TMP=C:\Users\josia\AppData\Local\Temp
TEMP=C:\Users\josia\AppData\Local\Temp




Compilation memory statistics disabled.

Periodic native trim disabled

---------------  S Y S T E M  ---------------

OS:
 Windows 11 , 64 bit Build 26100 (10.0.26100.7309)
OS uptime: 10 days 9:51 hours
Hyper-V role detected

CPU: total 12 (initial active 12) (12 cores per cpu, 2 threads per core) family 23 model 113 stepping 0 microcode 0x8701013, cx8, cmov, fxsr, ht, mmx, 3dnowpref, sse, sse2, sse3, ssse3, sse4a, sse4.1, sse4.2, popcnt, lzcnt, tsc, tscinvbit, avx, avx2, aes, clmul, bmi1, bmi2, adx, sha, fma, vzeroupper, clflush, clflushopt, clwb, hv, rdtscp, rdpid, f16c
Processor Information for the first 12 processors :
  Max Mhz: 3600, Current Mhz: 3600, Mhz Limit: 3600

Memory: 4k page, system-wide physical 65488M (38990M free)
TotalPageFile size 69584M (AvailPageFile size 35740M)
current process WorkingSet (physical memory assigned to process): 119M, peak: 169M
current process commit charge ("private bytes"): 1183M, peak: 1238M

vm_info: OpenJDK 64-Bit Server VM (25+37-jvmci-b01) for windows-amd64 JRE (25+37-jvmci-b01), built on 2025-09-01T11:52:59Z with unknown MS VC++:1943

END.
